2026-04-29 15:00:32,726	WARNING utils.py:458 -- Detecting docker specified CPUs. In previous versions of Ray, CPU detection in containers was incorrect. Please ensure that Ray has enough CPUs allocated. As a temporary workaround to revert to the prior behavior, set `RAY_USE_MULTIPROCESSING_CPU_COUNT=1` as an env var before starting Ray. Set the env var: `RAY_DISABLE_DOCKER_CPU_WARNING=1` to mute this warning.
2026-04-29 15:00:32,726	WARNING utils.py:470 -- Ray currently does not support initializing Ray with fractional cpus. Your num_cpus will be truncated from 13.6 to 13.
2026-04-29 15:00:33,952	INFO worker.py:2004 -- Started a local Ray instance. View the dashboard at [1m[32mhttp://127.0.0.1:8265 [39m[22m
/root/gliner-guard-serve/ray-serve/.venv/lib/python3.13/site-packages/ray/_private/worker.py:2052: FutureWarning: Tip: In future versions of Ray, Ray will no longer override accelerator visible devices env var if num_gpus=0 or num_gpus=None (default). To enable this behavior and turn off this error message, set RAY_ACCEL_ENV_VAR_OVERRIDE_ON_ZERO=0
  warnings.warn(
[36m(ProxyActor pid=73683)[0m INFO 2026-04-29 15:00:35,235 proxy 172.24.0.2 -- Proxy starting on node 3db77a55317e6aa83d3f9887365e0c2d2fc668382e1a8905c6374c05 (HTTP port: 8000).
INFO 2026-04-29 15:00:35,328 serve 72662 -- Started Serve in namespace "serve".
INFO 2026-04-29 15:00:35,334 serve 72662 -- Connecting to existing Serve app in namespace "serve". New http options will not be applied.
WARNING 2026-04-29 15:00:35,335 serve 72662 -- The new client HTTP config differs from the existing one in the following fields: ['host']. The new HTTP config is ignored.
[36m(ServeController pid=73681)[0m INFO 2026-04-29 15:00:35,376 controller 73681 -- Deploying new version of Deployment(name='GLiNERGuardBatched', app='default') (initial target replicas: 4).
[36m(ProxyActor pid=73683)[0m INFO 2026-04-29 15:00:35,324 proxy 172.24.0.2 -- Got updated endpoints: {}.
[36m(ProxyActor pid=73683)[0m INFO 2026-04-29 15:00:35,379 proxy 172.24.0.2 -- Got updated endpoints: {Deployment(name='GLiNERGuardBatched', app='default'): EndpointInfo(route='/predict', app_is_cross_language=False, route_patterns=None)}.
[36m(ServeController pid=73681)[0m INFO 2026-04-29 15:00:35,480 controller 73681 -- Adding 4 replicas to Deployment(name='GLiNERGuardBatched', app='default').
[36m(ProxyActor pid=73683)[0m INFO 2026-04-29 15:00:35,386 proxy 172.24.0.2 -- Started <ray.serve._private.router.SharedRouterLongPollClient object at 0x79cb5cd29550>.
[36m(ServeReplica:default:GLiNERGuardBatched pid=73684)[0m Warning: You are sending unauthenticated requests to the HF Hub. Please set a HF_TOKEN to enable higher rate limits and faster downloads.
[36m(ServeReplica:default:GLiNERGuardBatched pid=73684)[0m You are using a model of type `extractor` to instantiate a model of type ``. This may be expected if you are loading a checkpoint that shares a subset of the architecture (e.g., loading a `sam2_video` checkpoint into `Sam2Model`), but is otherwise not supported and can yield errors. Please verify that the checkpoint is compatible with the model you are instantiating.
[36m(ServeReplica:default:GLiNERGuardBatched pid=73684)[0m INFO 2026-04-29 15:00:50,854 default_GLiNERGuardBatched g4llrh8k 0f02e8cc-cdcc-47e4-a110-e91041d90d9c -- POST /predict 200 350.0ms
[36m(ServeReplica:default:GLiNERGuardBatched pid=73687)[0m Warning: You are sending unauthenticated requests to the HF Hub. Please set a HF_TOKEN to enable higher rate limits and faster downloads.[32m [repeated 3x across cluster] (Ray deduplicates logs by default. Set RAY_DEDUP_LOGS=0 to disable log deduplication, or see https://docs.ray.io/en/master/ray-observability/user-guides/configure-logging.html#log-deduplication for more options.)[0m
[36m(ServeReplica:default:GLiNERGuardBatched pid=73688)[0m You are using a model of type `extractor` to instantiate a model of type ``. This may be expected if you are loading a checkpoint that shares a subset of the architecture (e.g., loading a `sam2_video` checkpoint into `Sam2Model`), but is otherwise not supported and can yield errors. Please verify that the checkpoint is compatible with the model you are instantiating.[32m [repeated 3x across cluster][0m
[36m(ServeReplica:default:GLiNERGuardBatched pid=73684)[0m INFO 2026-04-29 15:00:51,055 default_GLiNERGuardBatched g4llrh8k 975c4455-0443-4fc2-a6ca-e06c6bf4bbba -- POST /predict 200 159.3ms
[36m(ServeReplica:default:GLiNERGuardBatched pid=73684)[0m INFO 2026-04-29 15:00:51,055 default_GLiNERGuardBatched g4llrh8k f2ef90c6-0f34-4f97-a4a9-b2e7d231b845 -- POST /predict 200 159.4ms
[36m(ServeReplica:default:GLiNERGuardBatched pid=73684)[0m INFO 2026-04-29 15:00:51,056 default_GLiNERGuardBatched g4llrh8k b7f83ae3-9373-4ca3-a07c-abde73820aae -- POST /predict 200 136.6ms
[36m(ServeReplica:default:GLiNERGuardBatched pid=73684)[0m INFO 2026-04-29 15:00:51,057 default_GLiNERGuardBatched g4llrh8k 1557cc19-d34a-470d-804e-df44eeef94ab -- POST /predict 200 135.5ms
[36m(ServeReplica:default:GLiNERGuardBatched pid=73684)[0m INFO 2026-04-29 15:00:51,058 default_GLiNERGuardBatched g4llrh8k dc5826a8-fc37-4b0f-8611-321f3f0d155f -- POST /predict 200 137.3ms
[36m(ServeReplica:default:GLiNERGuardBatched pid=73684)[0m INFO 2026-04-29 15:00:51,059 default_GLiNERGuardBatched g4llrh8k f787dc86-fed3-4602-8258-384bc15e37c0 -- POST /predict 200 135.0ms
[36m(ServeReplica:default:GLiNERGuardBatched pid=73684)[0m INFO 2026-04-29 15:00:51,059 default_GLiNERGuardBatched g4llrh8k 204dee57-533d-42d7-92c4-dbef2c37f7bd -- POST /predict 200 136.0ms
[36m(ServeReplica:default:GLiNERGuardBatched pid=73684)[0m INFO 2026-04-29 15:00:51,060 default_GLiNERGuardBatched g4llrh8k cea48f21-03cd-4a52-b086-daa6e7daf749 -- POST /predict 200 135.5ms
[36m(ServeReplica:default:GLiNERGuardBatched pid=73684)[0m INFO 2026-04-29 15:00:51,060 default_GLiNERGuardBatched g4llrh8k 80b1e602-0988-4737-8724-1035136684d1 -- POST /predict 200 124.9ms
[36m(ServeReplica:default:GLiNERGuardBatched pid=73684)[0m INFO 2026-04-29 15:00:51,061 default_GLiNERGuardBatched g4llrh8k a955f0a9-2175-4da1-996f-d72c5e234831 -- POST /predict 200 124.3ms
[36m(ServeReplica:default:GLiNERGuardBatched pid=73684)[0m INFO 2026-04-29 15:00:51,061 default_GLiNERGuardBatched g4llrh8k 69842e53-e731-4309-a80a-0f989093059d -- POST /predict 200 119.2ms
[36m(ServeReplica:default:GLiNERGuardBatched pid=73684)[0m INFO 2026-04-29 15:00:51,062 default_GLiNERGuardBatched g4llrh8k 5588ab46-e548-43ed-926a-b094d4afa18b -- POST /predict 200 118.5ms
INFO 2026-04-29 15:00:51,509 serve 72662 -- Application 'default' is ready at http://0.0.0.0:8000/predict.
[36m(ServeReplica:default:GLiNERGuardBatched pid=73682)[0m INFO 2026-04-29 15:00:55,830 default_GLiNERGuardBatched t108q310 f2e9a15c-114e-4db5-b2f6-ceab9174b7f0 -- POST /predict 200 91.7ms[32m [repeated 82x across cluster][0m
[36m(ServeReplica:default:GLiNERGuardBatched pid=73682)[0m INFO 2026-04-29 15:01:00,857 default_GLiNERGuardBatched t108q310 476aa8db-1cfc-4ef3-9a6e-0a254e2e58cf -- POST /predict 200 119.9ms[32m [repeated 165x across cluster][0m
[36m(ServeReplica:default:GLiNERGuardBatched pid=73687)[0m INFO 2026-04-29 15:01:05,950 default_GLiNERGuardBatched pzujtqo8 2fb01b85-be0d-4d39-b8f6-fa96a4c1f236 -- POST /predict 200 140.2ms[32m [repeated 278x across cluster][0m
[36m(ServeReplica:default:GLiNERGuardBatched pid=73687)[0m INFO 2026-04-29 15:01:11,022 default_GLiNERGuardBatched pzujtqo8 f9ba2f7f-6659-468b-aeb4-3ca6544fe9d1 -- POST /predict 200 140.0ms[32m [repeated 398x across cluster][0m
[36m(ServeReplica:default:GLiNERGuardBatched pid=73682)[0m INFO 2026-04-29 15:01:16,062 default_GLiNERGuardBatched t108q310 793c1fe5-cd58-4fa5-a948-e98d122e9dfc -- POST /predict 200 123.0ms[32m [repeated 480x across cluster][0m
[36m(ServeReplica:default:GLiNERGuardBatched pid=73687)[0m INFO 2026-04-29 15:01:21,227 default_GLiNERGuardBatched pzujtqo8 205fd20d-4094-4da8-afe0-99d5d9adbd81 -- POST /predict 200 145.2ms[32m [repeated 566x across cluster][0m
[36m(ServeReplica:default:GLiNERGuardBatched pid=73682)[0m INFO 2026-04-29 15:01:26,283 default_GLiNERGuardBatched t108q310 81fc0086-1bd1-4bc5-94e2-c0bf7c7a20e0 -- POST /predict 200 126.2ms[32m [repeated 572x across cluster][0m
[36m(ServeReplica:default:GLiNERGuardBatched pid=73682)[0m INFO 2026-04-29 15:01:31,375 default_GLiNERGuardBatched t108q310 8b3ebfe9-aa7c-49ca-b686-f414fe27f323 -- POST /predict 200 424.4ms[32m [repeated 577x across cluster][0m
[36m(ServeReplica:default:GLiNERGuardBatched pid=73682)[0m INFO 2026-04-29 15:01:36,408 default_GLiNERGuardBatched t108q310 c9b68707-005a-41b1-8f9d-7f7ad3bb88de -- POST /predict 200 226.1ms[32m [repeated 643x across cluster][0m
[36m(ServeReplica:default:GLiNERGuardBatched pid=73682)[0m INFO 2026-04-29 15:01:41,416 default_GLiNERGuardBatched t108q310 784b7050-0e5f-4f55-909a-b21cce906f30 -- POST /predict 200 352.5ms[32m [repeated 641x across cluster][0m
[36m(ServeReplica:default:GLiNERGuardBatched pid=73682)[0m INFO 2026-04-29 15:01:46,534 default_GLiNERGuardBatched t108q310 c32067a3-4244-4f3c-8d8b-d87c8fc7a2e9 -- POST /predict 200 300.9ms[32m [repeated 675x across cluster][0m
[36m(ServeReplica:default:GLiNERGuardBatched pid=73682)[0m INFO 2026-04-29 15:01:51,709 default_GLiNERGuardBatched t108q310 3013f5b1-cbbd-46e1-8057-36a5b9fc22ab -- POST /predict 200 300.1ms[32m [repeated 703x across cluster][0m
[36m(ServeReplica:default:GLiNERGuardBatched pid=73682)[0m INFO 2026-04-29 15:01:56,776 default_GLiNERGuardBatched t108q310 f1151e8f-344f-4bc6-af4e-555eae4b30cd -- POST /predict 200 400.3ms[32m [repeated 694x across cluster][0m
[36m(ServeReplica:default:GLiNERGuardBatched pid=73684)[0m INFO 2026-04-29 15:02:01,923 default_GLiNERGuardBatched g4llrh8k 329a3239-af46-4c4a-8154-84649181ecc5 -- POST /predict 200 374.4ms[32m [repeated 721x across cluster][0m
[36m(ServeReplica:default:GLiNERGuardBatched pid=73682)[0m INFO 2026-04-29 15:02:06,979 default_GLiNERGuardBatched t108q310 93800f52-d0e6-49af-88a5-1c510818eae4 -- POST /predict 200 189.0ms[32m [repeated 649x across cluster][0m
[36m(ServeReplica:default:GLiNERGuardBatched pid=73684)[0m INFO 2026-04-29 15:02:12,031 default_GLiNERGuardBatched g4llrh8k e6eafaf4-2878-41b9-af9b-a18921860c9d -- POST /predict 200 458.8ms[32m [repeated 729x across cluster][0m
[36m(ServeReplica:default:GLiNERGuardBatched pid=73684)[0m INFO 2026-04-29 15:02:17,056 default_GLiNERGuardBatched g4llrh8k 46c95c14-7083-466c-9d75-03f512ef3f0d -- POST /predict 200 271.4ms[32m [repeated 703x across cluster][0m
[36m(ServeReplica:default:GLiNERGuardBatched pid=73684)[0m INFO 2026-04-29 15:02:22,152 default_GLiNERGuardBatched g4llrh8k 7f6813ce-9c0b-44cc-8094-00cb4b7b72d2 -- POST /predict 200 528.6ms[32m [repeated 758x across cluster][0m
[36m(ServeReplica:default:GLiNERGuardBatched pid=73687)[0m INFO 2026-04-29 15:02:27,373 default_GLiNERGuardBatched pzujtqo8 5d2eef81-feba-4a46-a93d-eff1970cd020 -- POST /predict 200 318.3ms[32m [repeated 740x across cluster][0m
[36m(ServeReplica:default:GLiNERGuardBatched pid=73682)[0m INFO 2026-04-29 15:02:32,608 default_GLiNERGuardBatched t108q310 8addd09f-9822-484b-9737-44873ead36fe -- POST /predict 200 552.3ms[32m [repeated 730x across cluster][0m
[36m(ServeReplica:default:GLiNERGuardBatched pid=73682)[0m INFO 2026-04-29 15:02:37,642 default_GLiNERGuardBatched t108q310 c8c41069-6f82-42fc-b9e8-a9827ba45f4d -- POST /predict 200 271.8ms[32m [repeated 737x across cluster][0m
[36m(ServeReplica:default:GLiNERGuardBatched pid=73682)[0m INFO 2026-04-29 15:02:42,827 default_GLiNERGuardBatched t108q310 9e615de3-53d3-4f78-b81c-e502615e4392 -- POST /predict 200 494.5ms[32m [repeated 825x across cluster][0m
[36m(ServeReplica:default:GLiNERGuardBatched pid=73687)[0m INFO 2026-04-29 15:02:47,837 default_GLiNERGuardBatched pzujtqo8 1ecead5e-c18f-421d-bb48-b17dcb6de88a -- POST /predict 200 631.2ms[32m [repeated 770x across cluster][0m
[36m(ServeReplica:default:GLiNERGuardBatched pid=73682)[0m INFO 2026-04-29 15:02:53,230 default_GLiNERGuardBatched t108q310 da16da07-9ec7-4176-8d77-aea2a7204d31 -- POST /predict 200 571.0ms[32m [repeated 787x across cluster][0m
[36m(ServeReplica:default:GLiNERGuardBatched pid=73684)[0m INFO 2026-04-29 15:02:58,448 default_GLiNERGuardBatched g4llrh8k c1e5f7bf-3aa9-4483-a03b-8bfb8dfdaf3e -- POST /predict 200 353.2ms[32m [repeated 782x across cluster][0m
[36m(ServeReplica:default:GLiNERGuardBatched pid=73688)[0m INFO 2026-04-29 15:03:03,611 default_GLiNERGuardBatched 61p550tj 130bc122-3d75-45e8-9a07-fcc44bb8e460 -- POST /predict 200 636.5ms[32m [repeated 755x across cluster][0m
[36m(ServeReplica:default:GLiNERGuardBatched pid=73684)[0m INFO 2026-04-29 15:03:08,654 default_GLiNERGuardBatched g4llrh8k ac4e9f1b-ce61-4163-ab1d-f6b643729440 -- POST /predict 200 311.6ms[32m [repeated 776x across cluster][0m
[36m(ServeReplica:default:GLiNERGuardBatched pid=73682)[0m INFO 2026-04-29 15:03:13,817 default_GLiNERGuardBatched t108q310 6480f6fd-d464-4caf-bf3c-18bfd15ace49 -- POST /predict 200 371.6ms[32m [repeated 741x across cluster][0m
[36m(ServeReplica:default:GLiNERGuardBatched pid=73687)[0m INFO 2026-04-29 15:03:18,973 default_GLiNERGuardBatched pzujtqo8 afe8a48d-3423-4ab3-9442-12ef33c3b0dc -- POST /predict 200 619.6ms[32m [repeated 752x across cluster][0m
[36m(ServeReplica:default:GLiNERGuardBatched pid=73682)[0m INFO 2026-04-29 15:03:24,138 default_GLiNERGuardBatched t108q310 1756de38-bcec-4378-90ef-c387ca2e4cab -- POST /predict 200 300.0ms[32m [repeated 789x across cluster][0m
[36m(ServeReplica:default:GLiNERGuardBatched pid=73682)[0m INFO 2026-04-29 15:03:29,422 default_GLiNERGuardBatched t108q310 457f130a-d8df-4b92-b145-b09b24bfa6a2 -- POST /predict 200 735.2ms[32m [repeated 810x across cluster][0m
[36m(ServeReplica:default:GLiNERGuardBatched pid=73688)[0m INFO 2026-04-29 15:03:34,516 default_GLiNERGuardBatched 61p550tj e1b5d3de-0db9-446b-9f96-eebdc785e2e4 -- POST /predict 200 506.0ms[32m [repeated 826x across cluster][0m
[36m(ServeReplica:default:GLiNERGuardBatched pid=73684)[0m INFO 2026-04-29 15:03:39,594 default_GLiNERGuardBatched g4llrh8k 5c339886-e9df-4986-a63f-767a34b89796 -- POST /predict 200 466.7ms[32m [repeated 755x across cluster][0m
[36m(ServeReplica:default:GLiNERGuardBatched pid=73682)[0m INFO 2026-04-29 15:03:44,694 default_GLiNERGuardBatched t108q310 3a2b4d86-5d0e-48a8-ac51-3220fa88fd1b -- POST /predict 200 342.5ms[32m [repeated 731x across cluster][0m
[36m(ServeReplica:default:GLiNERGuardBatched pid=73687)[0m INFO 2026-04-29 15:03:49,939 default_GLiNERGuardBatched pzujtqo8 94814702-5701-4542-8ff3-2e083092c430 -- POST /predict 200 121.4ms[32m [repeated 781x across cluster][0m
[36m(ServeReplica:default:GLiNERGuardBatched pid=73682)[0m INFO 2026-04-29 15:03:54,966 default_GLiNERGuardBatched t108q310 7654e345-e700-4ca8-826d-41e001320958 -- POST /predict 200 350.4ms[32m [repeated 773x across cluster][0m
[36m(ServeReplica:default:GLiNERGuardBatched pid=73682)[0m INFO 2026-04-29 15:04:00,027 default_GLiNERGuardBatched t108q310 c7fcd857-bf96-49d7-bd82-481c12847aa5 -- POST /predict 200 548.9ms[32m [repeated 742x across cluster][0m
[36m(ServeReplica:default:GLiNERGuardBatched pid=73687)[0m INFO 2026-04-29 15:04:05,316 default_GLiNERGuardBatched pzujtqo8 3b0642d3-bd3a-4619-a70f-81ab02a91270 -- POST /predict 200 466.7ms[32m [repeated 765x across cluster][0m
[36m(ServeReplica:default:GLiNERGuardBatched pid=73682)[0m INFO 2026-04-29 15:04:10,309 default_GLiNERGuardBatched t108q310 b36c3706-f93b-4c87-8b98-62171a2fc1ca -- POST /predict 200 318.2ms[32m [repeated 716x across cluster][0m
[36m(ServeReplica:default:GLiNERGuardBatched pid=73684)[0m INFO 2026-04-29 15:04:15,590 default_GLiNERGuardBatched g4llrh8k 5979a1ff-7c52-4786-93fe-21406cd50671 -- POST /predict 200 472.2ms[32m [repeated 695x across cluster][0m
[36m(ServeReplica:default:GLiNERGuardBatched pid=73682)[0m INFO 2026-04-29 15:04:20,656 default_GLiNERGuardBatched t108q310 8ed90bad-9317-463f-a007-7428123cd8de -- POST /predict 200 484.1ms[32m [repeated 698x across cluster][0m
[36m(ServeReplica:default:GLiNERGuardBatched pid=73682)[0m INFO 2026-04-29 15:04:25,745 default_GLiNERGuardBatched t108q310 4b251204-ff3e-46f0-ae29-29d213c003c5 -- POST /predict 200 116.1ms[32m [repeated 684x across cluster][0m
[36m(ServeReplica:default:GLiNERGuardBatched pid=73682)[0m INFO 2026-04-29 15:04:30,801 default_GLiNERGuardBatched t108q310 b170c70a-3dae-4b3e-83e9-145a983f0912 -- POST /predict 200 447.3ms[32m [repeated 794x across cluster][0m
[36m(ServeReplica:default:GLiNERGuardBatched pid=73687)[0m INFO 2026-04-29 15:04:36,062 default_GLiNERGuardBatched pzujtqo8 df78fc49-d55f-415f-8486-36415f27434f -- POST /predict 200 492.5ms[32m [repeated 778x across cluster][0m
[36m(ServeReplica:default:GLiNERGuardBatched pid=73687)[0m INFO 2026-04-29 15:04:41,261 default_GLiNERGuardBatched pzujtqo8 cd9175a1-62bb-46ca-8d7d-a75c72fe85b0 -- POST /predict 200 325.0ms[32m [repeated 687x across cluster][0m
[36m(ServeReplica:default:GLiNERGuardBatched pid=73682)[0m INFO 2026-04-29 15:04:46,344 default_GLiNERGuardBatched t108q310 f6fd34f2-9fd6-4c7f-aed9-a0f8a85797c5 -- POST /predict 200 768.2ms[32m [repeated 717x across cluster][0m
[36m(ServeReplica:default:GLiNERGuardBatched pid=73684)[0m INFO 2026-04-29 15:04:51,391 default_GLiNERGuardBatched g4llrh8k a7d3fed8-ce18-42a5-a891-8544e39159c1 -- POST /predict 200 340.6ms[32m [repeated 732x across cluster][0m
[36m(ServeReplica:default:GLiNERGuardBatched pid=73682)[0m INFO 2026-04-29 15:04:56,408 default_GLiNERGuardBatched t108q310 a804f983-dffb-4338-afdc-9000a7697f43 -- POST /predict 200 395.5ms[32m [repeated 770x across cluster][0m
[36m(ServeReplica:default:GLiNERGuardBatched pid=73682)[0m INFO 2026-04-29 15:05:01,515 default_GLiNERGuardBatched t108q310 314d50df-42c9-462a-80b6-5006aa428ad1 -- POST /predict 200 479.4ms[32m [repeated 739x across cluster][0m
[36m(ServeReplica:default:GLiNERGuardBatched pid=73682)[0m INFO 2026-04-29 15:05:06,534 default_GLiNERGuardBatched t108q310 a900380c-5836-4a1b-847d-ad13fc2a6c19 -- POST /predict 200 479.3ms[32m [repeated 753x across cluster][0m
[36m(ServeReplica:default:GLiNERGuardBatched pid=73688)[0m INFO 2026-04-29 15:05:11,721 default_GLiNERGuardBatched 61p550tj 68c1b076-b4f3-44f4-b430-f3fa811554e0 -- POST /predict 200 303.0ms[32m [repeated 706x across cluster][0m
[36m(ServeReplica:default:GLiNERGuardBatched pid=73682)[0m INFO 2026-04-29 15:05:16,854 default_GLiNERGuardBatched t108q310 25bfcd5d-e394-4a1b-9a28-2905056bb3ae -- POST /predict 200 440.3ms[32m [repeated 768x across cluster][0m
[36m(ServeReplica:default:GLiNERGuardBatched pid=73682)[0m INFO 2026-04-29 15:05:21,913 default_GLiNERGuardBatched t108q310 8e631a2e-ccc8-494f-ba9a-6e7679a744de -- POST /predict 200 567.0ms[32m [repeated 759x across cluster][0m
[36m(ServeReplica:default:GLiNERGuardBatched pid=73687)[0m INFO 2026-04-29 15:05:26,976 default_GLiNERGuardBatched pzujtqo8 d2d03dd1-f7d8-4400-94be-0363ef97a0ab -- POST /predict 200 540.1ms[32m [repeated 801x across cluster][0m
[36m(ServeReplica:default:GLiNERGuardBatched pid=73682)[0m INFO 2026-04-29 15:05:32,086 default_GLiNERGuardBatched t108q310 a34d12c0-6765-4f7c-9499-3f5eb91bebf1 -- POST /predict 200 761.7ms[32m [repeated 744x across cluster][0m
[36m(ServeReplica:default:GLiNERGuardBatched pid=73682)[0m INFO 2026-04-29 15:05:37,332 default_GLiNERGuardBatched t108q310 3937a348-7368-41bc-853a-dc8b2607e820 -- POST /predict 200 510.1ms[32m [repeated 794x across cluster][0m
[36m(ServeReplica:default:GLiNERGuardBatched pid=73684)[0m INFO 2026-04-29 15:05:42,435 default_GLiNERGuardBatched g4llrh8k 643e22d3-a2c4-4b66-b12b-ef795dba67d2 -- POST /predict 200 1062.4ms[32m [repeated 672x across cluster][0m
[36m(ServeReplica:default:GLiNERGuardBatched pid=73684)[0m INFO 2026-04-29 15:05:47,452 default_GLiNERGuardBatched g4llrh8k b3e76cc8-0ad0-46ed-bf43-52963802bece -- POST /predict 200 566.6ms[32m [repeated 800x across cluster][0m
[36m(ServeReplica:default:GLiNERGuardBatched pid=73688)[0m INFO 2026-04-29 15:05:52,486 default_GLiNERGuardBatched 61p550tj 691ee6fe-0c6b-40ee-9baa-191c3d666e0e -- POST /predict 200 252.3ms[32m [repeated 719x across cluster][0m
[36m(ServeReplica:default:GLiNERGuardBatched pid=73687)[0m INFO 2026-04-29 15:05:57,564 default_GLiNERGuardBatched pzujtqo8 f3c217e6-1f41-4f7c-90b8-f1c8fea7af60 -- POST /predict 200 284.7ms[32m [repeated 757x across cluster][0m
[36m(ServeReplica:default:GLiNERGuardBatched pid=73682)[0m INFO 2026-04-29 15:06:02,640 default_GLiNERGuardBatched t108q310 22d7763a-7bea-4f30-a35c-41c2fd735a32 -- POST /predict 200 529.2ms[32m [repeated 762x across cluster][0m
[36m(ServeReplica:default:GLiNERGuardBatched pid=73682)[0m INFO 2026-04-29 15:06:07,844 default_GLiNERGuardBatched t108q310 d1338c8c-d008-491a-970e-d7176e7a0468 -- POST /predict 200 584.7ms[32m [repeated 672x across cluster][0m
[36m(ServeReplica:default:GLiNERGuardBatched pid=73682)[0m INFO 2026-04-29 15:06:12,905 default_GLiNERGuardBatched t108q310 d234c857-2337-4440-b27b-2345c4e3bf8e -- POST /predict 200 647.7ms[32m [repeated 736x across cluster][0m
[36m(ServeReplica:default:GLiNERGuardBatched pid=73684)[0m INFO 2026-04-29 15:06:18,009 default_GLiNERGuardBatched g4llrh8k e15b1f3c-0bdf-4866-8378-b116427359ff -- POST /predict 200 685.0ms[32m [repeated 744x across cluster][0m
[36m(ServeReplica:default:GLiNERGuardBatched pid=73684)[0m INFO 2026-04-29 15:06:23,127 default_GLiNERGuardBatched g4llrh8k 691209ad-d5f4-4e2d-aff7-92003697e090 -- POST /predict 200 315.2ms[32m [repeated 752x across cluster][0m
[36m(ServeReplica:default:GLiNERGuardBatched pid=73684)[0m INFO 2026-04-29 15:06:28,272 default_GLiNERGuardBatched g4llrh8k 88ca5919-9faf-404a-b7e2-f12fc194040a -- POST /predict 200 730.5ms[32m [repeated 751x across cluster][0m
[36m(ServeReplica:default:GLiNERGuardBatched pid=73682)[0m INFO 2026-04-29 15:06:33,303 default_GLiNERGuardBatched t108q310 71d6e0e9-6ffc-412b-b0fb-01ea9fa21a83 -- POST /predict 200 772.8ms[32m [repeated 769x across cluster][0m
[36m(ServeReplica:default:GLiNERGuardBatched pid=73682)[0m INFO 2026-04-29 15:06:38,356 default_GLiNERGuardBatched t108q310 88a6cdd3-b7b5-4546-9266-765b53b60174 -- POST /predict 200 619.2ms[32m [repeated 692x across cluster][0m
[36m(ServeReplica:default:GLiNERGuardBatched pid=73682)[0m INFO 2026-04-29 15:06:43,534 default_GLiNERGuardBatched t108q310 a5d143a3-74a2-4331-9ded-baf2bd145a1b -- POST /predict 200 904.6ms[32m [repeated 751x across cluster][0m
[36m(ServeReplica:default:GLiNERGuardBatched pid=73688)[0m INFO 2026-04-29 15:06:48,590 default_GLiNERGuardBatched 61p550tj 429f69e6-c39b-41a0-b96d-934a662dab55 -- POST /predict 200 397.3ms[32m [repeated 756x across cluster][0m
[36m(ServeReplica:default:GLiNERGuardBatched pid=73682)[0m INFO 2026-04-29 15:06:53,575 default_GLiNERGuardBatched t108q310 ce8f6bfc-6795-4d05-8f68-d438718d717d -- POST /predict 200 263.2ms[32m [repeated 738x across cluster][0m
[36m(ServeReplica:default:GLiNERGuardBatched pid=73682)[0m INFO 2026-04-29 15:06:58,930 default_GLiNERGuardBatched t108q310 711d720e-712a-4e32-900e-769aa372632b -- POST /predict 200 498.7ms[32m [repeated 762x across cluster][0m
[36m(ServeReplica:default:GLiNERGuardBatched pid=73688)[0m INFO 2026-04-29 15:07:03,926 default_GLiNERGuardBatched 61p550tj e4615a64-b611-4a0b-8792-25dc01a2481e -- POST /predict 200 300.0ms[32m [repeated 796x across cluster][0m
[36m(ServeReplica:default:GLiNERGuardBatched pid=73682)[0m INFO 2026-04-29 15:07:09,050 default_GLiNERGuardBatched t108q310 016b84d8-8bd5-46da-9e14-45a28d0d0c95 -- POST /predict 200 225.2ms[32m [repeated 766x across cluster][0m
[36m(ServeReplica:default:GLiNERGuardBatched pid=73682)[0m INFO 2026-04-29 15:07:14,164 default_GLiNERGuardBatched t108q310 dbfd001b-30f0-4410-af5d-f4d8c1967827 -- POST /predict 200 443.5ms[32m [repeated 759x across cluster][0m
[36m(ServeReplica:default:GLiNERGuardBatched pid=73687)[0m INFO 2026-04-29 15:07:19,205 default_GLiNERGuardBatched pzujtqo8 695582c9-1dbb-4fa2-815b-33de8d496ddc -- POST /predict 200 232.5ms[32m [repeated 768x across cluster][0m
[36m(ServeReplica:default:GLiNERGuardBatched pid=73688)[0m INFO 2026-04-29 15:07:24,275 default_GLiNERGuardBatched 61p550tj a4e7c8a0-4686-4709-9a59-59cb2c2fcc27 -- POST /predict 200 623.3ms[32m [repeated 740x across cluster][0m
[36m(ServeReplica:default:GLiNERGuardBatched pid=73687)[0m INFO 2026-04-29 15:07:29,269 default_GLiNERGuardBatched pzujtqo8 edf6a106-1255-46af-bc19-1bec8b2d5853 -- POST /predict 200 335.8ms[32m [repeated 732x across cluster][0m
[36m(ServeReplica:default:GLiNERGuardBatched pid=73682)[0m INFO 2026-04-29 15:07:34,679 default_GLiNERGuardBatched t108q310 ac61b7fb-fed9-4f38-9775-5b7097e07759 -- POST /predict 200 766.7ms[32m [repeated 791x across cluster][0m
[36m(ServeReplica:default:GLiNERGuardBatched pid=73684)[0m INFO 2026-04-29 15:07:39,862 default_GLiNERGuardBatched g4llrh8k 08c7becd-23c6-4dbe-b532-8e81e83e3f73 -- POST /predict 200 164.4ms[32m [repeated 744x across cluster][0m
[36m(ServeReplica:default:GLiNERGuardBatched pid=73682)[0m INFO 2026-04-29 15:07:44,870 default_GLiNERGuardBatched t108q310 60a0e55f-0c7d-49c8-8a69-4cec09347e8c -- POST /predict 200 462.7ms[32m [repeated 709x across cluster][0m
[36m(ServeReplica:default:GLiNERGuardBatched pid=73687)[0m INFO 2026-04-29 15:07:50,160 default_GLiNERGuardBatched pzujtqo8 6fddc8a9-6bfe-4e4a-a78f-76abed962f3a -- POST /predict 200 537.3ms[32m [repeated 697x across cluster][0m
[36m(ServeReplica:default:GLiNERGuardBatched pid=73684)[0m INFO 2026-04-29 15:07:55,254 default_GLiNERGuardBatched g4llrh8k 995a2e86-30e9-44c3-be35-faecb9706474 -- POST /predict 200 991.9ms[32m [repeated 729x across cluster][0m
[36m(ServeReplica:default:GLiNERGuardBatched pid=73684)[0m INFO 2026-04-29 15:08:00,331 default_GLiNERGuardBatched g4llrh8k ae7a4e94-14e5-4b97-b894-0ef3609666c7 -- POST /predict 200 491.7ms[32m [repeated 733x across cluster][0m
[36m(ServeReplica:default:GLiNERGuardBatched pid=73682)[0m INFO 2026-04-29 15:08:05,293 default_GLiNERGuardBatched t108q310 3818f89c-efd5-4ef7-8b9d-7795b24a80c9 -- POST /predict 200 306.4ms[32m [repeated 751x across cluster][0m
[36m(ServeReplica:default:GLiNERGuardBatched pid=73682)[0m INFO 2026-04-29 15:08:10,352 default_GLiNERGuardBatched t108q310 93b13d41-829a-443d-ae3e-fd5cedeb62f1 -- POST /predict 200 906.9ms[32m [repeated 733x across cluster][0m
[36m(ServeReplica:default:GLiNERGuardBatched pid=73682)[0m INFO 2026-04-29 15:08:15,396 default_GLiNERGuardBatched t108q310 b96232cb-06e4-4865-91a7-e51c117f0480 -- POST /predict 200 586.8ms[32m [repeated 764x across cluster][0m
[36m(ServeReplica:default:GLiNERGuardBatched pid=73682)[0m INFO 2026-04-29 15:08:20,601 default_GLiNERGuardBatched t108q310 a572754e-8b1c-4a10-a5d3-0441943ce48c -- POST /predict 200 425.5ms[32m [repeated 787x across cluster][0m
[36m(ServeReplica:default:GLiNERGuardBatched pid=73684)[0m INFO 2026-04-29 15:08:25,750 default_GLiNERGuardBatched g4llrh8k 42503fdc-d458-4efb-a8f7-84ee1cda165f -- POST /predict 200 655.3ms[32m [repeated 746x across cluster][0m
[36m(ServeReplica:default:GLiNERGuardBatched pid=73688)[0m INFO 2026-04-29 15:08:30,774 default_GLiNERGuardBatched 61p550tj 9401653c-c03a-4ccd-b892-c5afd4acb572 -- POST /predict 200 429.1ms[32m [repeated 745x across cluster][0m
[36m(ServeReplica:default:GLiNERGuardBatched pid=73682)[0m INFO 2026-04-29 15:08:35,813 default_GLiNERGuardBatched t108q310 49f243b5-fda6-4f7e-ab34-ee64842d3d5e -- POST /predict 200 422.1ms[32m [repeated 738x across cluster][0m
[36m(ServeReplica:default:GLiNERGuardBatched pid=73684)[0m INFO 2026-04-29 15:08:40,860 default_GLiNERGuardBatched g4llrh8k f5ee2b44-ec1a-4b48-89c2-8833129a05cc -- POST /predict 200 950.6ms[32m [repeated 698x across cluster][0m
[36m(ServeReplica:default:GLiNERGuardBatched pid=73682)[0m INFO 2026-04-29 15:08:45,996 default_GLiNERGuardBatched t108q310 e8a2affe-84cc-4e1c-aaab-a94c5ecf072f -- POST /predict 200 566.9ms[32m [repeated 746x across cluster][0m
[36m(ServeReplica:default:GLiNERGuardBatched pid=73687)[0m INFO 2026-04-29 15:08:51,110 default_GLiNERGuardBatched pzujtqo8 7bc307cc-1e62-4645-84d6-4500765af16a -- POST /predict 200 400.4ms[32m [repeated 712x across cluster][0m
[36m(ServeReplica:default:GLiNERGuardBatched pid=73684)[0m INFO 2026-04-29 15:08:56,216 default_GLiNERGuardBatched g4llrh8k b084fdaf-f1be-4cdb-924c-503f415233e3 -- POST /predict 200 581.6ms[32m [repeated 792x across cluster][0m
[36m(ServeReplica:default:GLiNERGuardBatched pid=73684)[0m INFO 2026-04-29 15:09:01,195 default_GLiNERGuardBatched g4llrh8k a1fc1175-e067-4dac-96d9-5e631a3885ed -- POST /predict 200 284.4ms[32m [repeated 683x across cluster][0m
[36m(ServeReplica:default:GLiNERGuardBatched pid=73682)[0m INFO 2026-04-29 15:09:06,717 default_GLiNERGuardBatched t108q310 52ca6e30-4803-4692-bdb9-199e0ddd1d78 -- POST /predict 200 736.2ms[32m [repeated 799x across cluster][0m
[36m(ServeReplica:default:GLiNERGuardBatched pid=73682)[0m INFO 2026-04-29 15:09:11,815 default_GLiNERGuardBatched t108q310 4372617e-1393-4466-9153-d662b4bba34f -- POST /predict 200 528.5ms[32m [repeated 737x across cluster][0m
[36m(ServeReplica:default:GLiNERGuardBatched pid=73682)[0m INFO 2026-04-29 15:09:16,932 default_GLiNERGuardBatched t108q310 e8f7747f-0d17-450b-965b-86ccf5359d11 -- POST /predict 200 176.6ms[32m [repeated 778x across cluster][0m
[36m(ServeReplica:default:GLiNERGuardBatched pid=73682)[0m INFO 2026-04-29 15:09:22,031 default_GLiNERGuardBatched t108q310 070f73a8-307f-470d-9b3d-c959d30b244a -- POST /predict 200 161.0ms[32m [repeated 738x across cluster][0m
[36m(ServeReplica:default:GLiNERGuardBatched pid=73682)[0m INFO 2026-04-29 15:09:27,057 default_GLiNERGuardBatched t108q310 455335e4-bcfc-489b-8e09-68611106e704 -- POST /predict 200 369.6ms[32m [repeated 756x across cluster][0m
[36m(ServeReplica:default:GLiNERGuardBatched pid=73688)[0m INFO 2026-04-29 15:09:32,118 default_GLiNERGuardBatched 61p550tj 4ef7e0c3-2191-4c18-af87-b63408a08750 -- POST /predict 200 558.0ms[32m [repeated 813x across cluster][0m
[36m(ServeReplica:default:GLiNERGuardBatched pid=73687)[0m INFO 2026-04-29 15:09:37,209 default_GLiNERGuardBatched pzujtqo8 3ed12eeb-0298-4912-acd3-504e26b990ba -- POST /predict 200 504.5ms[32m [repeated 722x across cluster][0m
[36m(ServeReplica:default:GLiNERGuardBatched pid=73687)[0m INFO 2026-04-29 15:09:42,182 default_GLiNERGuardBatched pzujtqo8 f6c0183c-40bf-44b2-a1c4-81ff31fd35c8 -- POST /predict 200 214.6ms[32m [repeated 721x across cluster][0m
[36m(ServeReplica:default:GLiNERGuardBatched pid=73682)[0m INFO 2026-04-29 15:09:47,311 default_GLiNERGuardBatched t108q310 0ee2a35e-229f-487b-b6a5-62b840c5ffc2 -- POST /predict 200 254.5ms[32m [repeated 741x across cluster][0m
[36m(ServeReplica:default:GLiNERGuardBatched pid=73687)[0m INFO 2026-04-29 15:09:52,418 default_GLiNERGuardBatched pzujtqo8 d3e4faad-72be-4834-b51d-4367642ab517 -- POST /predict 200 470.3ms[32m [repeated 682x across cluster][0m
[36m(ServeReplica:default:GLiNERGuardBatched pid=73684)[0m INFO 2026-04-29 15:09:57,465 default_GLiNERGuardBatched g4llrh8k 0add27d0-842b-4ae8-ab97-eef74ccba97b -- POST /predict 200 209.9ms[32m [repeated 660x across cluster][0m
[36m(ServeReplica:default:GLiNERGuardBatched pid=73687)[0m INFO 2026-04-29 15:10:02,530 default_GLiNERGuardBatched pzujtqo8 48c534b3-d171-4d0b-bf07-9ae423e65166 -- POST /predict 200 767.3ms[32m [repeated 749x across cluster][0m
[36m(ServeReplica:default:GLiNERGuardBatched pid=73682)[0m INFO 2026-04-29 15:10:07,561 default_GLiNERGuardBatched t108q310 440ba736-4d02-4355-88f8-3580a6a6b5e1 -- POST /predict 200 486.3ms[32m [repeated 681x across cluster][0m
[36m(ServeReplica:default:GLiNERGuardBatched pid=73684)[0m INFO 2026-04-29 15:10:12,653 default_GLiNERGuardBatched g4llrh8k b621b8f6-a5e3-4d70-971a-ad5417a44697 -- POST /predict 200 525.1ms[32m [repeated 764x across cluster][0m
[36m(ServeReplica:default:GLiNERGuardBatched pid=73684)[0m INFO 2026-04-29 15:10:17,749 default_GLiNERGuardBatched g4llrh8k daa38326-372e-44a3-a549-32bfa676bb9d -- POST /predict 200 864.2ms[32m [repeated 655x across cluster][0m
[36m(ServeReplica:default:GLiNERGuardBatched pid=73682)[0m INFO 2026-04-29 15:10:22,809 default_GLiNERGuardBatched t108q310 d56fc859-f080-431e-96f9-1d277117af7e -- POST /predict 200 415.6ms[32m [repeated 711x across cluster][0m
[36m(ServeReplica:default:GLiNERGuardBatched pid=73687)[0m INFO 2026-04-29 15:10:28,144 default_GLiNERGuardBatched pzujtqo8 a2ac5b07-51ef-487a-986e-06bc79a80ce4 -- POST /predict 200 514.9ms[32m [repeated 718x across cluster][0m
[36m(ServeReplica:default:GLiNERGuardBatched pid=73684)[0m INFO 2026-04-29 15:10:33,194 default_GLiNERGuardBatched g4llrh8k 75b705b7-5c9d-41a4-a771-4ea2cf673f4c -- POST /predict 200 623.3ms[32m [repeated 702x across cluster][0m
[36m(ServeReplica:default:GLiNERGuardBatched pid=73688)[0m INFO 2026-04-29 15:10:38,223 default_GLiNERGuardBatched 61p550tj ff2fa90f-3796-4224-bfe0-dc3790529701 -- POST /predict 200 167.9ms[32m [repeated 814x across cluster][0m
[36m(ServeReplica:default:GLiNERGuardBatched pid=73688)[0m INFO 2026-04-29 15:10:43,309 default_GLiNERGuardBatched 61p550tj ec5e927e-6826-4561-ae69-17e57bbaeb9b -- POST /predict 200 169.0ms[32m [repeated 728x across cluster][0m
[36m(ServeReplica:default:GLiNERGuardBatched pid=73682)[0m INFO 2026-04-29 15:10:48,335 default_GLiNERGuardBatched t108q310 cb6430de-e31c-4fb7-8390-aed3d5248158 -- POST /predict 200 367.9ms[32m [repeated 759x across cluster][0m
[36m(ServeReplica:default:GLiNERGuardBatched pid=73682)[0m INFO 2026-04-29 15:10:53,471 default_GLiNERGuardBatched t108q310 814591f1-8d0c-4ad4-a7b3-d4c323ba0734 -- POST /predict 200 320.9ms[32m [repeated 759x across cluster][0m
[36m(ServeReplica:default:GLiNERGuardBatched pid=73687)[0m INFO 2026-04-29 15:10:58,469 default_GLiNERGuardBatched pzujtqo8 1ee6343e-cd3f-4102-95e5-e90eef5d0066 -- POST /predict 200 578.7ms[32m [repeated 739x across cluster][0m
[36m(ServeReplica:default:GLiNERGuardBatched pid=73682)[0m INFO 2026-04-29 15:11:03,546 default_GLiNERGuardBatched t108q310 067a8524-e142-4a38-9f9a-15cc7cecdb16 -- POST /predict 200 311.8ms[32m [repeated 743x across cluster][0m
[36m(ServeReplica:default:GLiNERGuardBatched pid=73682)[0m INFO 2026-04-29 15:11:08,897 default_GLiNERGuardBatched t108q310 1bb7255c-ec24-41f5-85cf-6773d22e9749 -- POST /predict 200 762.1ms[32m [repeated 720x across cluster][0m
[36m(ServeReplica:default:GLiNERGuardBatched pid=73684)[0m INFO 2026-04-29 15:11:13,873 default_GLiNERGuardBatched g4llrh8k 80e77047-08f5-4ab5-94ad-f3eef8aa0193 -- POST /predict 200 280.2ms[32m [repeated 829x across cluster][0m
[36m(ServeReplica:default:GLiNERGuardBatched pid=73687)[0m INFO 2026-04-29 15:11:19,141 default_GLiNERGuardBatched pzujtqo8 40c0a5bb-3fca-489f-89bc-0ac08b62638a -- POST /predict 200 326.1ms[32m [repeated 759x across cluster][0m
[36m(ServeReplica:default:GLiNERGuardBatched pid=73682)[0m INFO 2026-04-29 15:11:24,191 default_GLiNERGuardBatched t108q310 a0cbf8cc-1f1e-45c0-b98a-2f7ae609b06a -- POST /predict 200 331.9ms[32m [repeated 753x across cluster][0m
[36m(ServeReplica:default:GLiNERGuardBatched pid=73682)[0m INFO 2026-04-29 15:11:29,191 default_GLiNERGuardBatched t108q310 5ad234cb-1b8b-45da-95c6-b177ad3229eb -- POST /predict 200 347.4ms[32m [repeated 773x across cluster][0m
[36m(ServeReplica:default:GLiNERGuardBatched pid=73682)[0m INFO 2026-04-29 15:11:34,300 default_GLiNERGuardBatched t108q310 b1756f28-44e3-4cd2-bd17-7d35838e4293 -- POST /predict 200 527.3ms[32m [repeated 787x across cluster][0m
[36m(ServeReplica:default:GLiNERGuardBatched pid=73682)[0m INFO 2026-04-29 15:11:39,428 default_GLiNERGuardBatched t108q310 eb4e20be-a6ca-48e7-8e84-d79b69eebb98 -- POST /predict 200 683.1ms[32m [repeated 752x across cluster][0m
[36m(ServeReplica:default:GLiNERGuardBatched pid=73688)[0m INFO 2026-04-29 15:11:44,453 default_GLiNERGuardBatched 61p550tj 2dc1643b-f2f9-4cb9-b8b3-e9152ea86a0b -- POST /predict 200 322.3ms[32m [repeated 689x across cluster][0m
[36m(ServeReplica:default:GLiNERGuardBatched pid=73684)[0m INFO 2026-04-29 15:11:50,181 default_GLiNERGuardBatched g4llrh8k b86eeaba-7e4c-41cb-8d1d-d63cf35dd7df -- POST /predict 200 798.8ms[32m [repeated 784x across cluster][0m
[36m(ServeReplica:default:GLiNERGuardBatched pid=73684)[0m INFO 2026-04-29 15:11:55,230 default_GLiNERGuardBatched g4llrh8k 6ad1cbc4-d272-41d8-a1bd-f8e73f4670b4 -- POST /predict 200 164.2ms[32m [repeated 731x across cluster][0m
[36m(ServeReplica:default:GLiNERGuardBatched pid=73684)[0m INFO 2026-04-29 15:12:00,286 default_GLiNERGuardBatched g4llrh8k 774b9d46-6670-40fb-b662-1983ec55e199 -- POST /predict 200 330.3ms[32m [repeated 736x across cluster][0m
[36m(ServeReplica:default:GLiNERGuardBatched pid=73687)[0m INFO 2026-04-29 15:12:05,453 default_GLiNERGuardBatched pzujtqo8 33def2c8-3913-455d-acd6-0cfd8eb99180 -- POST /predict 200 469.0ms[32m [repeated 698x across cluster][0m
[36m(ServeReplica:default:GLiNERGuardBatched pid=73684)[0m INFO 2026-04-29 15:12:10,484 default_GLiNERGuardBatched g4llrh8k bc3c2e7c-31e5-4316-a40f-bce2a8ce5f9f -- POST /predict 200 892.6ms[32m [repeated 794x across cluster][0m
[36m(ServeReplica:default:GLiNERGuardBatched pid=73682)[0m INFO 2026-04-29 15:12:15,520 default_GLiNERGuardBatched t108q310 fd99046a-c22d-4ff8-bf9e-bd3d6c0771da -- POST /predict 200 404.1ms[32m [repeated 766x across cluster][0m
[36m(ServeReplica:default:GLiNERGuardBatched pid=73688)[0m INFO 2026-04-29 15:12:20,564 default_GLiNERGuardBatched 61p550tj fab22e38-af99-49a6-9e4f-d72b4f554511 -- POST /predict 200 776.3ms[32m [repeated 708x across cluster][0m
[36m(ServeReplica:default:GLiNERGuardBatched pid=73688)[0m INFO 2026-04-29 15:12:25,713 default_GLiNERGuardBatched 61p550tj 42268b53-ada2-471e-898b-20931ecb725e -- POST /predict 200 340.7ms[32m [repeated 673x across cluster][0m
[36m(ServeReplica:default:GLiNERGuardBatched pid=73684)[0m INFO 2026-04-29 15:12:30,778 default_GLiNERGuardBatched g4llrh8k 3aea9e29-da2f-405c-9388-36a3d58c2af2 -- POST /predict 200 283.4ms[32m [repeated 833x across cluster][0m
[36m(ServeReplica:default:GLiNERGuardBatched pid=73684)[0m INFO 2026-04-29 15:12:35,985 default_GLiNERGuardBatched g4llrh8k 1292075d-5a5e-45dd-9e6e-6ac7ee8c0572 -- POST /predict 200 799.2ms[32m [repeated 693x across cluster][0m
[36m(ServeReplica:default:GLiNERGuardBatched pid=73682)[0m INFO 2026-04-29 15:12:41,047 default_GLiNERGuardBatched t108q310 ff5c8524-56de-4e83-93a3-e033133a8805 -- POST /predict 200 604.5ms[32m [repeated 703x across cluster][0m
[36m(ServeReplica:default:GLiNERGuardBatched pid=73682)[0m INFO 2026-04-29 15:12:46,092 default_GLiNERGuardBatched t108q310 34da0c89-74f3-461c-b779-7f0360edde97 -- POST /predict 200 564.8ms[32m [repeated 719x across cluster][0m
[36m(ServeReplica:default:GLiNERGuardBatched pid=73682)[0m INFO 2026-04-29 15:12:51,177 default_GLiNERGuardBatched t108q310 e91e5527-56cf-405c-9d93-082c9719548e -- POST /predict 200 193.6ms[32m [repeated 810x across cluster][0m
[36m(ServeReplica:default:GLiNERGuardBatched pid=73682)[0m INFO 2026-04-29 15:12:56,317 default_GLiNERGuardBatched t108q310 60c751d4-f3d9-452c-b688-beb75d2758bb -- POST /predict 200 293.0ms[32m [repeated 738x across cluster][0m
[36m(ServeReplica:default:GLiNERGuardBatched pid=73684)[0m INFO 2026-04-29 15:13:01,339 default_GLiNERGuardBatched g4llrh8k 542b9476-7839-41bd-9eb5-ecfba68bec69 -- POST /predict 200 228.1ms[32m [repeated 757x across cluster][0m
[36m(ServeReplica:default:GLiNERGuardBatched pid=73687)[0m INFO 2026-04-29 15:13:06,421 default_GLiNERGuardBatched pzujtqo8 4f203b15-4d52-4818-af15-5fff9f2172ec -- POST /predict 200 573.5ms[32m [repeated 682x across cluster][0m
[36m(ServeReplica:default:GLiNERGuardBatched pid=73682)[0m INFO 2026-04-29 15:13:11,443 default_GLiNERGuardBatched t108q310 ca873d0c-f134-42b0-9f3e-df673f80e1e2 -- POST /predict 200 168.7ms[32m [repeated 746x across cluster][0m
[36m(ServeReplica:default:GLiNERGuardBatched pid=73688)[0m INFO 2026-04-29 15:13:16,514 default_GLiNERGuardBatched 61p550tj 73ea9035-c835-41ac-bc8b-f42162d6a15e -- POST /predict 200 485.4ms[32m [repeated 724x across cluster][0m
[36m(ServeReplica:default:GLiNERGuardBatched pid=73682)[0m INFO 2026-04-29 15:13:21,720 default_GLiNERGuardBatched t108q310 46f79cae-3dfa-450a-94e6-67b89edbad83 -- POST /predict 200 595.1ms[32m [repeated 770x across cluster][0m
[36m(ServeReplica:default:GLiNERGuardBatched pid=73682)[0m INFO 2026-04-29 15:13:26,737 default_GLiNERGuardBatched t108q310 ea6cebd2-fce9-4a12-b39f-b31acd014751 -- POST /predict 200 551.2ms[32m [repeated 793x across cluster][0m
[36m(ServeReplica:default:GLiNERGuardBatched pid=73682)[0m INFO 2026-04-29 15:13:31,817 default_GLiNERGuardBatched t108q310 a9e2d025-f835-44d2-a03a-5996caa2cee3 -- POST /predict 200 378.2ms[32m [repeated 810x across cluster][0m
[36m(ServeReplica:default:GLiNERGuardBatched pid=73682)[0m INFO 2026-04-29 15:13:37,005 default_GLiNERGuardBatched t108q310 c179898c-af6a-436f-b6a6-b079e2c07fa0 -- POST /predict 200 343.4ms[32m [repeated 730x across cluster][0m
[36m(ServeReplica:default:GLiNERGuardBatched pid=73682)[0m INFO 2026-04-29 15:13:42,258 default_GLiNERGuardBatched t108q310 d23e8dde-a0ac-49f4-b7f4-653e42e878ed -- POST /predict 200 363.9ms[32m [repeated 732x across cluster][0m
[36m(ServeReplica:default:GLiNERGuardBatched pid=73688)[0m INFO 2026-04-29 15:13:47,323 default_GLiNERGuardBatched 61p550tj 0dad6473-fdf7-4b30-95f9-31f316fe0c96 -- POST /predict 200 488.2ms[32m [repeated 729x across cluster][0m
[36m(ServeReplica:default:GLiNERGuardBatched pid=73682)[0m INFO 2026-04-29 15:13:52,668 default_GLiNERGuardBatched t108q310 e6a9afb5-d6a7-4a1e-b47d-3e5439bcdd91 -- POST /predict 200 308.7ms[32m [repeated 803x across cluster][0m
[36m(ServeReplica:default:GLiNERGuardBatched pid=73684)[0m INFO 2026-04-29 15:13:57,710 default_GLiNERGuardBatched g4llrh8k b318493a-2653-43ac-8947-d5b0b26a175b -- POST /predict 200 348.1ms[32m [repeated 793x across cluster][0m
[36m(ServeReplica:default:GLiNERGuardBatched pid=73682)[0m INFO 2026-04-29 15:14:02,744 default_GLiNERGuardBatched t108q310 ed55942e-c289-4db4-83a5-982807401091 -- POST /predict 200 375.8ms[32m [repeated 654x across cluster][0m
[36m(ServeReplica:default:GLiNERGuardBatched pid=73682)[0m INFO 2026-04-29 15:14:07,919 default_GLiNERGuardBatched t108q310 6978731c-09ab-44a2-abd4-df04f7ad2aba -- POST /predict 200 594.0ms[32m [repeated 669x across cluster][0m
[36m(ServeReplica:default:GLiNERGuardBatched pid=73684)[0m INFO 2026-04-29 15:14:12,986 default_GLiNERGuardBatched g4llrh8k 9e816fae-1e1c-46e8-b06a-549c8485a8f3 -- POST /predict 200 211.9ms[32m [repeated 777x across cluster][0m
[36m(ServeReplica:default:GLiNERGuardBatched pid=73687)[0m INFO 2026-04-29 15:14:18,034 default_GLiNERGuardBatched pzujtqo8 ac4ec68f-f6d5-4271-942e-35ed2d245296 -- POST /predict 200 417.5ms[32m [repeated 777x across cluster][0m
[36m(ServeReplica:default:GLiNERGuardBatched pid=73682)[0m INFO 2026-04-29 15:14:23,226 default_GLiNERGuardBatched t108q310 39132ba3-61eb-402f-8c31-8592cddbac72 -- POST /predict 200 509.9ms[32m [repeated 784x across cluster][0m
[36m(ServeReplica:default:GLiNERGuardBatched pid=73682)[0m INFO 2026-04-29 15:14:28,304 default_GLiNERGuardBatched t108q310 2a2373b8-e5cd-49ee-a071-f801fa130e81 -- POST /predict 200 500.1ms[32m [repeated 809x across cluster][0m
[36m(ServeReplica:default:GLiNERGuardBatched pid=73682)[0m INFO 2026-04-29 15:14:33,333 default_GLiNERGuardBatched t108q310 7912e2af-d1df-4788-9bf9-1175cf68cf5e -- POST /predict 200 349.5ms[32m [repeated 753x across cluster][0m
[36m(ServeReplica:default:GLiNERGuardBatched pid=73682)[0m INFO 2026-04-29 15:14:38,375 default_GLiNERGuardBatched t108q310 c43abc8b-44fc-4efe-b872-8d5c6eeb77fc -- POST /predict 200 274.7ms[32m [repeated 746x across cluster][0m
[36m(ServeReplica:default:GLiNERGuardBatched pid=73687)[0m INFO 2026-04-29 15:14:43,510 default_GLiNERGuardBatched pzujtqo8 3eed8b2f-23bb-405e-bce4-1326b204c12c -- POST /predict 200 474.5ms[32m [repeated 779x across cluster][0m
[36m(ServeReplica:default:GLiNERGuardBatched pid=73687)[0m INFO 2026-04-29 15:14:48,481 default_GLiNERGuardBatched pzujtqo8 2cfa77bc-247a-4b8a-bccb-3f0c19937960 -- POST /predict 200 328.4ms[32m [repeated 793x across cluster][0m
[36m(ServeReplica:default:GLiNERGuardBatched pid=73684)[0m INFO 2026-04-29 15:14:53,594 default_GLiNERGuardBatched g4llrh8k d4e7358a-7107-4286-bbc6-f82ee624efee -- POST /predict 200 615.8ms[32m [repeated 739x across cluster][0m
[36m(ServeReplica:default:GLiNERGuardBatched pid=73688)[0m INFO 2026-04-29 15:14:58,663 default_GLiNERGuardBatched 61p550tj 7a222290-2e95-48b5-af65-2afd0a5d27f0 -- POST /predict 200 403.4ms[32m [repeated 792x across cluster][0m
[36m(ServeReplica:default:GLiNERGuardBatched pid=73687)[0m INFO 2026-04-29 15:15:03,742 default_GLiNERGuardBatched pzujtqo8 5ba724f1-4b3c-4beb-b67d-b12bc619e012 -- POST /predict 200 557.3ms[32m [repeated 755x across cluster][0m
[36m(ServeReplica:default:GLiNERGuardBatched pid=73687)[0m INFO 2026-04-29 15:15:08,715 default_GLiNERGuardBatched pzujtqo8 3c276d50-110b-45db-b11d-fd8462aa56b8 -- POST /predict 200 327.7ms[32m [repeated 720x across cluster][0m
[36m(ServeReplica:default:GLiNERGuardBatched pid=73687)[0m INFO 2026-04-29 15:15:14,013 default_GLiNERGuardBatched pzujtqo8 c33ee86e-00d5-40e9-8f4e-806e87c0e85e -- POST /predict 200 888.1ms[32m [repeated 788x across cluster][0m
[36m(ServeReplica:default:GLiNERGuardBatched pid=73687)[0m INFO 2026-04-29 15:15:19,128 default_GLiNERGuardBatched pzujtqo8 6eb73f07-10ac-4c5a-9d2b-ea065b425c61 -- POST /predict 200 486.0ms[32m [repeated 701x across cluster][0m
[36m(ServeReplica:default:GLiNERGuardBatched pid=73682)[0m INFO 2026-04-29 15:15:24,115 default_GLiNERGuardBatched t108q310 982beb2d-43ad-41c0-bc2b-0b947a9d1505 -- POST /predict 200 605.2ms[32m [repeated 747x across cluster][0m
[36m(ServeReplica:default:GLiNERGuardBatched pid=73682)[0m INFO 2026-04-29 15:15:29,155 default_GLiNERGuardBatched t108q310 c3e0668c-77bb-4b8b-8fff-cbccd29e89bd -- POST /predict 200 484.1ms[32m [repeated 705x across cluster][0m
[36m(ServeReplica:default:GLiNERGuardBatched pid=73682)[0m INFO 2026-04-29 15:15:34,317 default_GLiNERGuardBatched t108q310 902e3a87-f58f-40d9-a3e7-804f12d43a33 -- POST /predict 200 689.2ms[32m [repeated 708x across cluster][0m
[36m(ServeReplica:default:GLiNERGuardBatched pid=73682)[0m INFO 2026-04-29 15:15:39,330 default_GLiNERGuardBatched t108q310 6758fc02-8901-477d-bd8e-c9051617d963 -- POST /predict 200 310.4ms[32m [repeated 780x across cluster][0m
[36m(ServeReplica:default:GLiNERGuardBatched pid=73682)[0m INFO 2026-04-29 15:15:44,390 default_GLiNERGuardBatched t108q310 6ccfde7e-2785-4032-96da-d8d65aac0398 -- POST /predict 200 726.1ms[32m [repeated 725x across cluster][0m
[36m(ServeReplica:default:GLiNERGuardBatched pid=73682)[0m INFO 2026-04-29 15:15:49,436 default_GLiNERGuardBatched t108q310 2c5deefa-988c-45f1-8c96-c031122028eb -- POST /predict 200 386.4ms[32m [repeated 763x across cluster][0m
[36m(ProxyActor pid=73683)[0m INFO 2026-04-29 15:15:51,640 proxy 172.24.0.2 b2cbe92e-efc9-4373-a88d-5aa174b4c899 -- Client for request b2cbe92e-efc9-4373-a88d-5aa174b4c899 disconnected, cancelling request.
[36m(ProxyActor pid=73683)[0m INFO 2026-04-29 15:15:51,641 proxy 172.24.0.2 1b20d8d1-0a2a-4bd7-96e9-128752074618 -- Client for request 1b20d8d1-0a2a-4bd7-96e9-128752074618 disconnected, cancelling request.
[36m(ProxyActor pid=73683)[0m INFO 2026-04-29 15:15:51,642 proxy 172.24.0.2 2489df7d-8a63-48ec-93d3-b5ccb17fbdc9 -- Client for request 2489df7d-8a63-48ec-93d3-b5ccb17fbdc9 disconnected, cancelling request.
[36m(ProxyActor pid=73683)[0m INFO 2026-04-29 15:15:51,642 proxy 172.24.0.2 0e9d03b9-e8a2-4e9a-a302-9a5c91b968e4 -- Client for request 0e9d03b9-e8a2-4e9a-a302-9a5c91b968e4 disconnected, cancelling request.
[36m(ProxyActor pid=73683)[0m INFO 2026-04-29 15:15:51,643 proxy 172.24.0.2 06c98aee-1093-4dcf-b98d-b58fff3d45f1 -- Client for request 06c98aee-1093-4dcf-b98d-b58fff3d45f1 disconnected, cancelling request.
[36m(ProxyActor pid=73683)[0m INFO 2026-04-29 15:15:51,644 proxy 172.24.0.2 5a845526-fc9e-4dc5-8fac-856085db1320 -- Client for request 5a845526-fc9e-4dc5-8fac-856085db1320 disconnected, cancelling request.
[36m(ProxyActor pid=73683)[0m INFO 2026-04-29 15:15:51,645 proxy 172.24.0.2 fde1d13f-bf70-42d9-a22f-999015e506ca -- Client for request fde1d13f-bf70-42d9-a22f-999015e506ca disconnected, cancelling request.
[36m(ProxyActor pid=73683)[0m INFO 2026-04-29 15:15:51,645 proxy 172.24.0.2 ccdb2ce8-9f19-4e74-8a4d-98a1b1eded1c -- Client for request ccdb2ce8-9f19-4e74-8a4d-98a1b1eded1c disconnected, cancelling request.
[36m(ProxyActor pid=73683)[0m INFO 2026-04-29 15:15:51,646 proxy 172.24.0.2 24b3cfcc-fcdc-4dd7-9fda-5db242050c02 -- Client for request 24b3cfcc-fcdc-4dd7-9fda-5db242050c02 disconnected, cancelling request.
[36m(ProxyActor pid=73683)[0m INFO 2026-04-29 15:15:51,647 proxy 172.24.0.2 f6600d14-82eb-45cb-916c-f04313c938e7 -- Client for request f6600d14-82eb-45cb-916c-f04313c938e7 disconnected, cancelling request.
[36m(ProxyActor pid=73683)[0m INFO 2026-04-29 15:15:51,647 proxy 172.24.0.2 2f099e43-7633-4fa8-a3ea-a23a13559d5d -- Client for request 2f099e43-7633-4fa8-a3ea-a23a13559d5d disconnected, cancelling request.
[36m(ProxyActor pid=73683)[0m INFO 2026-04-29 15:15:51,648 proxy 172.24.0.2 26c5115f-6f9b-4102-a75e-d3cd96b935af -- Client for request 26c5115f-6f9b-4102-a75e-d3cd96b935af disconnected, cancelling request.
[36m(ProxyActor pid=73683)[0m INFO 2026-04-29 15:15:51,650 proxy 172.24.0.2 6376fa95-30f5-488e-ac56-395929dbce2d -- Client for request 6376fa95-30f5-488e-ac56-395929dbce2d disconnected, cancelling request.
[36m(ProxyActor pid=73683)[0m INFO 2026-04-29 15:15:51,651 proxy 172.24.0.2 a8908c8d-f2ec-45ce-9c30-eebb211d74c3 -- Client for request a8908c8d-f2ec-45ce-9c30-eebb211d74c3 disconnected, cancelling request.
[36m(ProxyActor pid=73683)[0m INFO 2026-04-29 15:15:51,652 proxy 172.24.0.2 24cade43-36e8-4284-8e56-9841a3ee9d5a -- Client for request 24cade43-36e8-4284-8e56-9841a3ee9d5a disconnected, cancelling request.
[36m(ProxyActor pid=73683)[0m INFO 2026-04-29 15:15:51,653 proxy 172.24.0.2 6a2feabe-4097-4c53-9819-72307f5cf8d1 -- Client for request 6a2feabe-4097-4c53-9819-72307f5cf8d1 disconnected, cancelling request.
[36m(ProxyActor pid=73683)[0m INFO 2026-04-29 15:15:51,654 proxy 172.24.0.2 45bde09a-dd17-4313-b41b-fac597d1393a -- Client for request 45bde09a-dd17-4313-b41b-fac597d1393a disconnected, cancelling request.
[36m(ProxyActor pid=73683)[0m INFO 2026-04-29 15:15:51,655 proxy 172.24.0.2 c91878a7-a35d-4ee6-9f62-c257bb19bb2c -- Client for request c91878a7-a35d-4ee6-9f62-c257bb19bb2c disconnected, cancelling request.
[36m(ProxyActor pid=73683)[0m INFO 2026-04-29 15:15:51,656 proxy 172.24.0.2 59420fb4-8d7e-4627-9b52-653e69765cab -- Client for request 59420fb4-8d7e-4627-9b52-653e69765cab disconnected, cancelling request.
[36m(ProxyActor pid=73683)[0m INFO 2026-04-29 15:15:51,657 proxy 172.24.0.2 ddda4209-3baf-44c0-b4d2-6317f2ecd07c -- Client for request ddda4209-3baf-44c0-b4d2-6317f2ecd07c disconnected, cancelling request.
[36m(ProxyActor pid=73683)[0m INFO 2026-04-29 15:15:51,657 proxy 172.24.0.2 4dba8cb3-2255-4685-a71b-2ff64191f2fd -- Client for request 4dba8cb3-2255-4685-a71b-2ff64191f2fd disconnected, cancelling request.
[36m(ProxyActor pid=73683)[0m INFO 2026-04-29 15:15:51,660 proxy 172.24.0.2 29e34027-e7fc-4ef9-95f7-af142a094a7c -- Client for request 29e34027-e7fc-4ef9-95f7-af142a094a7c disconnected, cancelling request.
[36m(ProxyActor pid=73683)[0m INFO 2026-04-29 15:15:51,661 proxy 172.24.0.2 2fb08529-6b2c-4e5c-bdee-36bc26cddfd7 -- Client for request 2fb08529-6b2c-4e5c-bdee-36bc26cddfd7 disconnected, cancelling request.
[36m(ProxyActor pid=73683)[0m INFO 2026-04-29 15:15:51,661 proxy 172.24.0.2 20a6d79c-6011-4af3-bf8f-b10d610fa62a -- Client for request 20a6d79c-6011-4af3-bf8f-b10d610fa62a disconnected, cancelling request.
[36m(ProxyActor pid=73683)[0m INFO 2026-04-29 15:15:51,663 proxy 172.24.0.2 8cbba011-18db-4f62-9dad-1b38e3e55a53 -- Client for request 8cbba011-18db-4f62-9dad-1b38e3e55a53 disconnected, cancelling request.
[36m(ProxyActor pid=73683)[0m INFO 2026-04-29 15:15:51,664 proxy 172.24.0.2 57b5b57d-f211-4a86-a82a-e1b789bb9f58 -- Client for request 57b5b57d-f211-4a86-a82a-e1b789bb9f58 disconnected, cancelling request.
[36m(ServeReplica:default:GLiNERGuardBatched pid=73682)[0m INFO 2026-04-29 15:15:51,645 default_GLiNERGuardBatched t108q310 06c98aee-1093-4dcf-b98d-b58fff3d45f1 -- POST /predict CANCELLED 718.5ms
[36m(ServeReplica:default:GLiNERGuardBatched pid=73682)[0m INFO 2026-04-29 15:15:51,647 default_GLiNERGuardBatched t108q310 24b3cfcc-fcdc-4dd7-9fda-5db242050c02 -- POST /predict CANCELLED 753.2ms
[36m(ServeReplica:default:GLiNERGuardBatched pid=73682)[0m INFO 2026-04-29 15:15:51,652 default_GLiNERGuardBatched t108q310 a8908c8d-f2ec-45ce-9c30-eebb211d74c3 -- POST /predict CANCELLED 769.9ms
[36m(ServeReplica:default:GLiNERGuardBatched pid=73682)[0m INFO 2026-04-29 15:15:51,661 default_GLiNERGuardBatched t108q310 29e34027-e7fc-4ef9-95f7-af142a094a7c -- POST /predict CANCELLED 415.4ms
[36m(ServeReplica:default:GLiNERGuardBatched pid=73682)[0m INFO 2026-04-29 15:15:51,662 default_GLiNERGuardBatched t108q310 20a6d79c-6011-4af3-bf8f-b10d610fa62a -- POST /predict CANCELLED 424.3ms
[36m(ServeReplica:default:GLiNERGuardBatched pid=73682)[0m INFO 2026-04-29 15:15:51,665 default_GLiNERGuardBatched t108q310 8cbba011-18db-4f62-9dad-1b38e3e55a53 -- POST /predict CANCELLED 781.7ms
[36m(ServeReplica:default:GLiNERGuardBatched pid=73682)[0m INFO 2026-04-29 15:15:51,666 default_GLiNERGuardBatched t108q310 57b5b57d-f211-4a86-a82a-e1b789bb9f58 -- POST /predict CANCELLED 738.4ms
*** SIGTERM received at time=1777475751 on cpu 48 ***
PC: @     0x70ae1af9b612  (unknown)  pause
    @     0x70ae1aef3520  (unknown)  (unknown)
    @          0x1803759         48  cfunction_vectorcall_NOARGS.llvm.12799217410478811465
    @          0x181b3c0        576  _PyEval_EvalFrameDefault
    @          0x18837e8        112  PyEval_EvalCode
    @          0x18ee27b         80  run_eval_code_obj
    @          0x18ee18d         96  run_mod.llvm.10863284883542772384
    @          0x1a63d17         96  pyrun_file
    @          0x1a638c2         80  _PyRun_SimpleFileObject
    @          0x1a6449c         64  _PyRun_AnyFileObject
    @          0x1a64438        208  pymain_run_file_obj
    @          0x1a6431e         48  pymain_run_file
    @          0x199f53a        112  Py_RunMain
    @          0x199f1ee        624  pymain_main.llvm.10509498499233858764
    @          0x199f006         48  main
    @     0x70ae1aedad90  (unknown)  (unknown)
[2026-04-29 15:15:52,029 E 72662 72662] logging.cc:474: *** SIGTERM received at time=1777475752 on cpu 48 ***
[2026-04-29 15:15:52,029 E 72662 72662] logging.cc:474: PC: @     0x70ae1af9b612  (unknown)  pause
[2026-04-29 15:15:52,030 E 72662 72662] logging.cc:474:     @     0x70ae1aef3520  (unknown)  (unknown)
[2026-04-29 15:15:52,030 E 72662 72662] logging.cc:474:     @          0x1803759         48  cfunction_vectorcall_NOARGS.llvm.12799217410478811465
[2026-04-29 15:15:52,030 E 72662 72662] logging.cc:474:     @          0x181b3c0        576  _PyEval_EvalFrameDefault
[2026-04-29 15:15:52,030 E 72662 72662] logging.cc:474:     @          0x18837e8        112  PyEval_EvalCode
[2026-04-29 15:15:52,030 E 72662 72662] logging.cc:474:     @          0x18ee27b         80  run_eval_code_obj
[2026-04-29 15:15:52,030 E 72662 72662] logging.cc:474:     @          0x18ee18d         96  run_mod.llvm.10863284883542772384
[2026-04-29 15:15:52,030 E 72662 72662] logging.cc:474:     @          0x1a63d17         96  pyrun_file
[2026-04-29 15:15:52,030 E 72662 72662] logging.cc:474:     @          0x1a638c2         80  _PyRun_SimpleFileObject
[2026-04-29 15:15:52,030 E 72662 72662] logging.cc:474:     @          0x1a6449c         64  _PyRun_AnyFileObject
[2026-04-29 15:15:52,030 E 72662 72662] logging.cc:474:     @          0x1a64438        208  pymain_run_file_obj
[2026-04-29 15:15:52,030 E 72662 72662] logging.cc:474:     @          0x1a6431e         48  pymain_run_file
[2026-04-29 15:15:52,030 E 72662 72662] logging.cc:474:     @          0x199f53a        112  Py_RunMain
[2026-04-29 15:15:52,030 E 72662 72662] logging.cc:474:     @          0x199f1ee        624  pymain_main.llvm.10509498499233858764
[2026-04-29 15:15:52,030 E 72662 72662] logging.cc:474:     @          0x199f006         48  main
[2026-04-29 15:15:52,030 E 72662 72662] logging.cc:474:     @     0x70ae1aedad90  (unknown)  (unknown)
[36m(ServeReplica:default:GLiNERGuardBatched pid=73684)[0m [GLiNER2] Attention: requested=None, actual=sdpa
[36m(ServeReplica:default:GLiNERGuardBatched pid=73684)[0m ============================================================
[36m(ServeReplica:default:GLiNERGuardBatched pid=73684)[0m Model Configuration
[36m(ServeReplica:default:GLiNERGuardBatched pid=73684)[0m ============================================================
[36m(ServeReplica:default:GLiNERGuardBatched pid=73684)[0m Encoder mode       : uni
[36m(ServeReplica:default:GLiNERGuardBatched pid=73684)[0m Text encoder       : bogdanminko/mmBERT-small
[36m(ServeReplica:default:GLiNERGuardBatched pid=73684)[0m Counting layer     : count_lstm_v2
[36m(ServeReplica:default:GLiNERGuardBatched pid=73684)[0m Token pooling      : first
[36m(ServeReplica:default:GLiNERGuardBatched pid=73684)[0m ============================================================
[36m(ServeReplica:default:GLiNERGuardBatched pid=73688)[0m INFO 2026-04-29 15:15:51,568 default_GLiNERGuardBatched 61p550tj 945509cb-faff-4fc4-b726-59343453c27f -- POST /predict 200 528.0ms[32m [repeated 344x across cluster][0m
[36m(ServeReplica:default:GLiNERGuardBatched pid=73688)[0m INFO 2026-04-29 15:15:51,659 default_GLiNERGuardBatched 61p550tj ddda4209-3baf-44c0-b4d2-6317f2ecd07c -- POST /predict CANCELLED 415.1ms[32m [repeated 19x across cluster][0m
[36m(ServeReplica:default:GLiNERGuardBatched pid=73688)[0m [GLiNER2] Attention: requested=None, actual=sdpa[32m [repeated 3x across cluster][0m
[36m(ServeReplica:default:GLiNERGuardBatched pid=73688)[0m ============================================================[32m [repeated 9x across cluster][0m
[36m(ServeReplica:default:GLiNERGuardBatched pid=73688)[0m Model Configuration[32m [repeated 3x across cluster][0m
[36m(ServeReplica:default:GLiNERGuardBatched pid=73688)[0m Encoder mode       : uni[32m [repeated 3x across cluster][0m
[36m(ServeReplica:default:GLiNERGuardBatched pid=73688)[0m Text encoder       : bogdanminko/mmBERT-small[32m [repeated 3x across cluster][0m
[36m(ServeReplica:default:GLiNERGuardBatched pid=73688)[0m Counting layer     : count_lstm_v2[32m [repeated 3x across cluster][0m
[36m(ServeReplica:default:GLiNERGuardBatched pid=73688)[0m Token pooling      : first[32m [repeated 3x across cluster][0m
