2026-04-29 13:57:34,445	WARNING utils.py:458 -- Detecting docker specified CPUs. In previous versions of Ray, CPU detection in containers was incorrect. Please ensure that Ray has enough CPUs allocated. As a temporary workaround to revert to the prior behavior, set `RAY_USE_MULTIPROCESSING_CPU_COUNT=1` as an env var before starting Ray. Set the env var: `RAY_DISABLE_DOCKER_CPU_WARNING=1` to mute this warning.
2026-04-29 13:57:34,446	WARNING utils.py:470 -- Ray currently does not support initializing Ray with fractional cpus. Your num_cpus will be truncated from 13.6 to 13.
2026-04-29 13:57:35,729	INFO worker.py:2004 -- Started a local Ray instance. View the dashboard at [1m[32mhttp://127.0.0.1:8265 [39m[22m
/root/gliner-guard-serve/ray-serve/.venv/lib/python3.13/site-packages/ray/_private/worker.py:2052: FutureWarning: Tip: In future versions of Ray, Ray will no longer override accelerator visible devices env var if num_gpus=0 or num_gpus=None (default). To enable this behavior and turn off this error message, set RAY_ACCEL_ENV_VAR_OVERRIDE_ON_ZERO=0
  warnings.warn(
[36m(ProxyActor pid=58977)[0m INFO 2026-04-29 13:57:37,031 proxy 172.24.0.2 -- Proxy starting on node 102bb44f4c07c32b61321477293deffd69f373394a752db3551c3c5a (HTTP port: 8000).
INFO 2026-04-29 13:57:37,119 serve 57957 -- Started Serve in namespace "serve".
INFO 2026-04-29 13:57:37,124 serve 57957 -- Connecting to existing Serve app in namespace "serve". New http options will not be applied.
WARNING 2026-04-29 13:57:37,124 serve 57957 -- The new client HTTP config differs from the existing one in the following fields: ['host']. The new HTTP config is ignored.
[36m(ProxyActor pid=58977)[0m INFO 2026-04-29 13:57:37,116 proxy 172.24.0.2 -- Got updated endpoints: {}.
[36m(ServeController pid=58976)[0m INFO 2026-04-29 13:57:37,179 controller 58976 -- Deploying new version of Deployment(name='GLiNERGuardBatched', app='default') (initial target replicas: 4).
[36m(ProxyActor pid=58977)[0m INFO 2026-04-29 13:57:37,183 proxy 172.24.0.2 -- Got updated endpoints: {Deployment(name='GLiNERGuardBatched', app='default'): EndpointInfo(route='/predict', app_is_cross_language=False, route_patterns=None)}.
[36m(ProxyActor pid=58977)[0m INFO 2026-04-29 13:57:37,191 proxy 172.24.0.2 -- Started <ray.serve._private.router.SharedRouterLongPollClient object at 0x7efc58029550>.
[36m(ServeController pid=58976)[0m INFO 2026-04-29 13:57:37,284 controller 58976 -- Adding 4 replicas to Deployment(name='GLiNERGuardBatched', app='default').
[36m(ServeReplica:default:GLiNERGuardBatched pid=58982)[0m Warning: You are sending unauthenticated requests to the HF Hub. Please set a HF_TOKEN to enable higher rate limits and faster downloads.
[36m(ServeReplica:default:GLiNERGuardBatched pid=58982)[0m You are using a model of type `extractor` to instantiate a model of type ``. This may be expected if you are loading a checkpoint that shares a subset of the architecture (e.g., loading a `sam2_video` checkpoint into `Sam2Model`), but is otherwise not supported and can yield errors. Please verify that the checkpoint is compatible with the model you are instantiating.
[36m(ServeReplica:default:GLiNERGuardBatched pid=58983)[0m INFO 2026-04-29 13:57:51,512 default_GLiNERGuardBatched w200ta8k 774970ac-0a5c-4d5d-be3d-00cd3ffbf05b -- POST /predict 200 389.1ms
[36m(ServeReplica:default:GLiNERGuardBatched pid=58981)[0m Warning: You are sending unauthenticated requests to the HF Hub. Please set a HF_TOKEN to enable higher rate limits and faster downloads.[32m [repeated 3x across cluster] (Ray deduplicates logs by default. Set RAY_DEDUP_LOGS=0 to disable log deduplication, or see https://docs.ray.io/en/master/ray-observability/user-guides/configure-logging.html#log-deduplication for more options.)[0m
[36m(ServeReplica:default:GLiNERGuardBatched pid=58983)[0m You are using a model of type `extractor` to instantiate a model of type ``. This may be expected if you are loading a checkpoint that shares a subset of the architecture (e.g., loading a `sam2_video` checkpoint into `Sam2Model`), but is otherwise not supported and can yield errors. Please verify that the checkpoint is compatible with the model you are instantiating.[32m [repeated 3x across cluster][0m
[36m(ServeReplica:default:GLiNERGuardBatched pid=58983)[0m INFO 2026-04-29 13:57:51,756 default_GLiNERGuardBatched w200ta8k b6d06799-dc5a-496b-8b6e-6b4a783106e2 -- POST /predict 200 139.2ms
[36m(ServeReplica:default:GLiNERGuardBatched pid=58983)[0m INFO 2026-04-29 13:57:51,757 default_GLiNERGuardBatched w200ta8k e2334b40-f9e6-4618-931b-ac9b9e5ef479 -- POST /predict 200 127.2ms
[36m(ServeReplica:default:GLiNERGuardBatched pid=58983)[0m INFO 2026-04-29 13:57:51,758 default_GLiNERGuardBatched w200ta8k 02adca49-c1a4-4460-a8cb-a46b2f6ad747 -- POST /predict 200 126.5ms
[36m(ServeReplica:default:GLiNERGuardBatched pid=58983)[0m INFO 2026-04-29 13:57:51,758 default_GLiNERGuardBatched w200ta8k 7c6791cb-9c92-4ccd-b021-ba1a473ae13c -- POST /predict 200 124.5ms
[36m(ServeReplica:default:GLiNERGuardBatched pid=58983)[0m INFO 2026-04-29 13:57:51,758 default_GLiNERGuardBatched w200ta8k 27cfd994-9059-4f6a-a9cc-d042fc220c7f -- POST /predict 200 122.0ms
[36m(ServeReplica:default:GLiNERGuardBatched pid=58983)[0m INFO 2026-04-29 13:57:51,852 default_GLiNERGuardBatched w200ta8k 65f03f82-d08c-4af5-8160-62421fa21b3f -- POST /predict 200 186.3ms
[36m(ServeReplica:default:GLiNERGuardBatched pid=58983)[0m INFO 2026-04-29 13:57:51,853 default_GLiNERGuardBatched w200ta8k 7af20473-5c2f-422e-951a-d4b099f5edf9 -- POST /predict 200 183.6ms
[36m(ServeReplica:default:GLiNERGuardBatched pid=58983)[0m INFO 2026-04-29 13:57:51,854 default_GLiNERGuardBatched w200ta8k 4b33fd0a-4358-4770-8add-c294b9baea44 -- POST /predict 200 185.8ms
[36m(ServeReplica:default:GLiNERGuardBatched pid=58983)[0m INFO 2026-04-29 13:57:51,854 default_GLiNERGuardBatched w200ta8k 63f187ad-9d79-4bb8-8b10-31b261acc294 -- POST /predict 200 179.4ms
[36m(ServeReplica:default:GLiNERGuardBatched pid=58983)[0m INFO 2026-04-29 13:57:51,855 default_GLiNERGuardBatched w200ta8k fe8dbdd8-5533-4df2-9c07-9215cb6ac824 -- POST /predict 200 175.5ms
[36m(ServeReplica:default:GLiNERGuardBatched pid=58983)[0m INFO 2026-04-29 13:57:51,855 default_GLiNERGuardBatched w200ta8k bae359d2-1fbf-426f-845e-5c81a5986477 -- POST /predict 200 170.3ms
[36m(ServeReplica:default:GLiNERGuardBatched pid=58983)[0m INFO 2026-04-29 13:57:51,856 default_GLiNERGuardBatched w200ta8k 4004023a-3218-49a4-9f4d-c05348e118f1 -- POST /predict 200 169.6ms
INFO 2026-04-29 13:57:52,286 serve 57957 -- Application 'default' is ready at http://0.0.0.0:8000/predict.
[36m(ServeReplica:default:GLiNERGuardBatched pid=58979)[0m INFO 2026-04-29 13:57:56,588 default_GLiNERGuardBatched 266rqrig 6d734f78-7260-4d1d-9e33-6007b5c0eee9 -- POST /predict 200 91.8ms[32m [repeated 75x across cluster][0m
[36m(ServeReplica:default:GLiNERGuardBatched pid=58983)[0m INFO 2026-04-29 13:58:01,827 default_GLiNERGuardBatched w200ta8k ba613e0d-4098-4724-a2e8-cedfcd1f1dd3 -- POST /predict 200 125.1ms[32m [repeated 157x across cluster][0m
[36m(ServeReplica:default:GLiNERGuardBatched pid=58982)[0m INFO 2026-04-29 13:58:08,106 default_GLiNERGuardBatched gz74k456 fb2ed2a3-04b0-449c-ba10-d578a4dc1205 -- POST /predict 200 134.0ms[32m [repeated 210x across cluster][0m
[36m(ServeReplica:default:GLiNERGuardBatched pid=58982)[0m INFO 2026-04-29 13:58:13,180 default_GLiNERGuardBatched gz74k456 d515d62c-53ed-425d-a9e1-c404ba28067c -- POST /predict 200 190.0ms[32m [repeated 334x across cluster][0m
[36m(ServeReplica:default:GLiNERGuardBatched pid=58982)[0m INFO 2026-04-29 13:58:18,173 default_GLiNERGuardBatched gz74k456 d3c5838c-d177-4a5a-80cb-fe79f2bc6050 -- POST /predict 200 94.2ms[32m [repeated 446x across cluster][0m
[36m(ServeReplica:default:GLiNERGuardBatched pid=58982)[0m INFO 2026-04-29 13:58:23,283 default_GLiNERGuardBatched gz74k456 3a0a22ef-a18d-471d-99f1-d649d7127594 -- POST /predict 200 273.6ms[32m [repeated 525x across cluster][0m
[36m(ServeReplica:default:GLiNERGuardBatched pid=58982)[0m INFO 2026-04-29 13:58:28,330 default_GLiNERGuardBatched gz74k456 bc264d27-911d-49f1-a2f6-9ffa3be70e41 -- POST /predict 200 240.2ms[32m [repeated 547x across cluster][0m
[36m(ServeReplica:default:GLiNERGuardBatched pid=58979)[0m INFO 2026-04-29 13:58:33,445 default_GLiNERGuardBatched 266rqrig ae0d6631-a70a-4398-8a2b-b71f40c7acbf -- POST /predict 200 154.3ms[32m [repeated 591x across cluster][0m
[36m(ServeReplica:default:GLiNERGuardBatched pid=58982)[0m INFO 2026-04-29 13:58:38,552 default_GLiNERGuardBatched gz74k456 9de5fd51-95de-4107-9285-1e9791fa64df -- POST /predict 200 302.0ms[32m [repeated 602x across cluster][0m
[36m(ServeReplica:default:GLiNERGuardBatched pid=58979)[0m INFO 2026-04-29 13:58:43,612 default_GLiNERGuardBatched 266rqrig 7db8cc8d-7bf8-4c44-8dbc-04355b4a5261 -- POST /predict 200 522.0ms[32m [repeated 609x across cluster][0m
[36m(ServeReplica:default:GLiNERGuardBatched pid=58982)[0m INFO 2026-04-29 13:58:48,708 default_GLiNERGuardBatched gz74k456 b5d0ac19-444d-47b9-8042-33926c631cdb -- POST /predict 200 232.4ms[32m [repeated 619x across cluster][0m
[36m(ServeReplica:default:GLiNERGuardBatched pid=58983)[0m INFO 2026-04-29 13:58:53,739 default_GLiNERGuardBatched w200ta8k 54f37738-dd06-4601-9f7c-66885940ce8b -- POST /predict 200 210.5ms[32m [repeated 659x across cluster][0m
[36m(ServeReplica:default:GLiNERGuardBatched pid=58982)[0m INFO 2026-04-29 13:58:58,834 default_GLiNERGuardBatched gz74k456 acc5fc03-0c7c-47a5-b1b0-8074d327c8db -- POST /predict 200 228.9ms[32m [repeated 660x across cluster][0m
[36m(ServeReplica:default:GLiNERGuardBatched pid=58983)[0m INFO 2026-04-29 13:59:03,921 default_GLiNERGuardBatched w200ta8k a532cb92-f695-4654-9c8d-836c12e75fda -- POST /predict 200 312.5ms[32m [repeated 748x across cluster][0m
[36m(ServeReplica:default:GLiNERGuardBatched pid=58979)[0m INFO 2026-04-29 13:59:09,042 default_GLiNERGuardBatched 266rqrig 377a7676-f13c-453b-ae24-e651e2c52bf6 -- POST /predict 200 373.4ms[32m [repeated 671x across cluster][0m
[36m(ServeReplica:default:GLiNERGuardBatched pid=58982)[0m INFO 2026-04-29 13:59:14,234 default_GLiNERGuardBatched gz74k456 60ef6d8c-7812-43c2-8bfb-9ce890ad7547 -- POST /predict 200 515.9ms[32m [repeated 616x across cluster][0m
[36m(ServeReplica:default:GLiNERGuardBatched pid=58979)[0m INFO 2026-04-29 13:59:19,337 default_GLiNERGuardBatched 266rqrig 84c9367f-fe61-4768-a62a-06974a069d56 -- POST /predict 200 379.5ms[32m [repeated 663x across cluster][0m
[36m(ServeReplica:default:GLiNERGuardBatched pid=58979)[0m INFO 2026-04-29 13:59:24,415 default_GLiNERGuardBatched 266rqrig b43e4f0b-aa10-4cd6-9d62-9f095204858b -- POST /predict 200 209.1ms[32m [repeated 744x across cluster][0m
[36m(ServeReplica:default:GLiNERGuardBatched pid=58979)[0m INFO 2026-04-29 13:59:29,536 default_GLiNERGuardBatched 266rqrig 351b56b3-c9de-438b-a9f6-2f0f339c827b -- POST /predict 200 251.2ms[32m [repeated 742x across cluster][0m
[36m(ServeReplica:default:GLiNERGuardBatched pid=58983)[0m INFO 2026-04-29 13:59:34,590 default_GLiNERGuardBatched w200ta8k 8895f5f6-9a77-45d0-9f17-081022c8426f -- POST /predict 200 561.2ms[32m [repeated 548x across cluster][0m
[36m(ServeReplica:default:GLiNERGuardBatched pid=58983)[0m INFO 2026-04-29 13:59:39,664 default_GLiNERGuardBatched w200ta8k 0307b3b1-7d55-4a0d-8008-7d321d8063ad -- POST /predict 200 489.4ms[32m [repeated 728x across cluster][0m
[36m(ServeReplica:default:GLiNERGuardBatched pid=58979)[0m INFO 2026-04-29 13:59:44,732 default_GLiNERGuardBatched 266rqrig cd371ea4-5388-4e84-9072-c47dc08ce0fd -- POST /predict 200 145.2ms[32m [repeated 727x across cluster][0m
[36m(ServeReplica:default:GLiNERGuardBatched pid=58982)[0m INFO 2026-04-29 13:59:49,816 default_GLiNERGuardBatched gz74k456 caf0d513-d887-46f7-a2af-ff6e664f73be -- POST /predict 200 654.0ms[32m [repeated 744x across cluster][0m
[36m(ServeReplica:default:GLiNERGuardBatched pid=58982)[0m INFO 2026-04-29 13:59:55,336 default_GLiNERGuardBatched gz74k456 c3c3b080-04b1-4ac8-afdd-77b8e1cbc41a -- POST /predict 200 706.4ms[32m [repeated 689x across cluster][0m
[36m(ServeReplica:default:GLiNERGuardBatched pid=58979)[0m INFO 2026-04-29 14:00:00,351 default_GLiNERGuardBatched 266rqrig 554d2f27-7d83-4f40-a5d6-01b344fe5259 -- POST /predict 200 523.3ms[32m [repeated 526x across cluster][0m
[36m(ServeReplica:default:GLiNERGuardBatched pid=58982)[0m INFO 2026-04-29 14:00:05,402 default_GLiNERGuardBatched gz74k456 d7f66733-d4fc-429a-8462-0488e925c39c -- POST /predict 200 309.0ms[32m [repeated 772x across cluster][0m
[36m(ServeReplica:default:GLiNERGuardBatched pid=58982)[0m INFO 2026-04-29 14:00:10,603 default_GLiNERGuardBatched gz74k456 2325e95d-abcc-4956-9b15-1ed7bdee514f -- POST /predict 200 347.4ms[32m [repeated 760x across cluster][0m
[36m(ServeReplica:default:GLiNERGuardBatched pid=58982)[0m INFO 2026-04-29 14:00:15,714 default_GLiNERGuardBatched gz74k456 a5c96bb1-a6c6-4959-a653-37ee0fa39db9 -- POST /predict 200 614.4ms[32m [repeated 682x across cluster][0m
[36m(ServeReplica:default:GLiNERGuardBatched pid=58981)[0m INFO 2026-04-29 14:00:20,904 default_GLiNERGuardBatched 4zto1cvv c2295d44-3726-45b2-a513-c34ac3036e03 -- POST /predict 200 391.7ms[32m [repeated 731x across cluster][0m
[36m(ServeReplica:default:GLiNERGuardBatched pid=58982)[0m INFO 2026-04-29 14:00:25,994 default_GLiNERGuardBatched gz74k456 422f8a8a-e3ef-44e4-a2b3-f2583537599f -- POST /predict 200 175.2ms[32m [repeated 756x across cluster][0m
[36m(ServeReplica:default:GLiNERGuardBatched pid=58983)[0m INFO 2026-04-29 14:00:31,083 default_GLiNERGuardBatched w200ta8k c0d70453-5a1c-4319-9b9b-37e88d0d5594 -- POST /predict 200 467.3ms[32m [repeated 707x across cluster][0m
[36m(ServeReplica:default:GLiNERGuardBatched pid=58982)[0m INFO 2026-04-29 14:00:36,162 default_GLiNERGuardBatched gz74k456 ba71dbb0-83c0-438c-99ac-da1390b0b0a8 -- POST /predict 200 414.0ms[32m [repeated 737x across cluster][0m
[36m(ServeReplica:default:GLiNERGuardBatched pid=58979)[0m INFO 2026-04-29 14:00:41,166 default_GLiNERGuardBatched 266rqrig f854e482-5866-44e1-88ea-1cbb1555cee4 -- POST /predict 200 480.6ms[32m [repeated 751x across cluster][0m
[36m(ServeReplica:default:GLiNERGuardBatched pid=58982)[0m INFO 2026-04-29 14:00:46,331 default_GLiNERGuardBatched gz74k456 2c5f8f6c-9d40-48c6-bcf8-ef2e61bcb7be -- POST /predict 200 126.0ms[32m [repeated 824x across cluster][0m
[36m(ServeReplica:default:GLiNERGuardBatched pid=58981)[0m INFO 2026-04-29 14:00:51,317 default_GLiNERGuardBatched 4zto1cvv 583bbe5c-e62b-4fbb-8d24-ab2a6b666372 -- POST /predict 200 668.0ms[32m [repeated 728x across cluster][0m
[36m(ServeReplica:default:GLiNERGuardBatched pid=58979)[0m INFO 2026-04-29 14:00:56,493 default_GLiNERGuardBatched 266rqrig 785513fc-2fa7-4e66-90f5-35081e35897e -- POST /predict 200 479.6ms[32m [repeated 703x across cluster][0m
[36m(ServeReplica:default:GLiNERGuardBatched pid=58982)[0m INFO 2026-04-29 14:01:01,848 default_GLiNERGuardBatched gz74k456 3f15f0eb-15bf-424e-8d49-84e7aeae96d2 -- POST /predict 200 566.9ms[32m [repeated 792x across cluster][0m
[36m(ServeReplica:default:GLiNERGuardBatched pid=58979)[0m INFO 2026-04-29 14:01:06,983 default_GLiNERGuardBatched 266rqrig 84404280-7d8f-4dd5-90a9-a8256cbe9074 -- POST /predict 200 520.6ms[32m [repeated 726x across cluster][0m
[36m(ServeReplica:default:GLiNERGuardBatched pid=58983)[0m INFO 2026-04-29 14:01:12,035 default_GLiNERGuardBatched w200ta8k 45159082-c87f-4eae-b98a-c4c1231a6969 -- POST /predict 200 352.4ms[32m [repeated 787x across cluster][0m
[36m(ServeReplica:default:GLiNERGuardBatched pid=58979)[0m INFO 2026-04-29 14:01:17,168 default_GLiNERGuardBatched 266rqrig 503fcb61-ee0c-442d-b2dd-59870f2e49aa -- POST /predict 200 655.0ms[32m [repeated 712x across cluster][0m
[36m(ServeReplica:default:GLiNERGuardBatched pid=58983)[0m INFO 2026-04-29 14:01:22,324 default_GLiNERGuardBatched w200ta8k cd154ec2-4aed-4b12-a274-cabd74e29ec3 -- POST /predict 200 364.1ms[32m [repeated 842x across cluster][0m
[36m(ServeReplica:default:GLiNERGuardBatched pid=58979)[0m INFO 2026-04-29 14:01:27,428 default_GLiNERGuardBatched 266rqrig 529bdd02-48d1-4401-9213-5e78a60afd4e -- POST /predict 200 469.2ms[32m [repeated 757x across cluster][0m
[36m(ServeReplica:default:GLiNERGuardBatched pid=58982)[0m INFO 2026-04-29 14:01:32,583 default_GLiNERGuardBatched gz74k456 3e9e2e64-2d43-4d42-ae27-ed936764e719 -- POST /predict 200 800.5ms[32m [repeated 679x across cluster][0m
[36m(ServeReplica:default:GLiNERGuardBatched pid=58982)[0m INFO 2026-04-29 14:01:37,564 default_GLiNERGuardBatched gz74k456 36c0ef39-5966-4c6c-8376-5bd6f7dd44ab -- POST /predict 200 542.9ms[32m [repeated 788x across cluster][0m
[36m(ServeReplica:default:GLiNERGuardBatched pid=58982)[0m INFO 2026-04-29 14:01:42,693 default_GLiNERGuardBatched gz74k456 e3824f6d-3a3a-43e8-84b6-52daed2ed8c5 -- POST /predict 200 686.4ms[32m [repeated 700x across cluster][0m
[36m(ServeReplica:default:GLiNERGuardBatched pid=58981)[0m INFO 2026-04-29 14:01:47,787 default_GLiNERGuardBatched 4zto1cvv a0bcf1e9-bbfe-4149-93e4-c2cbfdbac756 -- POST /predict 200 597.8ms[32m [repeated 723x across cluster][0m
[36m(ServeReplica:default:GLiNERGuardBatched pid=58979)[0m INFO 2026-04-29 14:01:52,837 default_GLiNERGuardBatched 266rqrig 6fe6fe61-15e9-420d-8e39-641fa53f93f7 -- POST /predict 200 695.8ms[32m [repeated 729x across cluster][0m
[36m(ServeReplica:default:GLiNERGuardBatched pid=58982)[0m INFO 2026-04-29 14:01:58,010 default_GLiNERGuardBatched gz74k456 00eece5d-de85-4058-8960-8de010fca23a -- POST /predict 200 600.5ms[32m [repeated 788x across cluster][0m
[36m(ServeReplica:default:GLiNERGuardBatched pid=58982)[0m INFO 2026-04-29 14:02:06,775 default_GLiNERGuardBatched gz74k456 efedbcb1-d6ab-4cbd-92f5-95400d18ec63 -- POST /predict 200 557.4ms[32m [repeated 541x across cluster][0m
[36m(ServeReplica:default:GLiNERGuardBatched pid=58982)[0m INFO 2026-04-29 14:02:11,804 default_GLiNERGuardBatched gz74k456 c9fccf2f-d460-4701-9a5e-86d0a05c1673 -- POST /predict 200 255.5ms[32m [repeated 750x across cluster][0m
[36m(ServeReplica:default:GLiNERGuardBatched pid=58982)[0m INFO 2026-04-29 14:02:17,045 default_GLiNERGuardBatched gz74k456 904142a8-9000-4280-bc11-6808dc294448 -- POST /predict 200 252.4ms[32m [repeated 838x across cluster][0m
[36m(ServeReplica:default:GLiNERGuardBatched pid=58982)[0m INFO 2026-04-29 14:02:23,157 default_GLiNERGuardBatched gz74k456 29e3e8c7-65c5-4042-af20-af7ec09484a4 -- POST /predict 200 358.8ms[32m [repeated 697x across cluster][0m
[36m(ServeReplica:default:GLiNERGuardBatched pid=58979)[0m INFO 2026-04-29 14:02:28,153 default_GLiNERGuardBatched 266rqrig 48ca9086-5cd0-498d-bfd1-f9bba86a6729 -- POST /predict 200 394.2ms[32m [repeated 735x across cluster][0m
[36m(ServeReplica:default:GLiNERGuardBatched pid=58979)[0m INFO 2026-04-29 14:02:33,270 default_GLiNERGuardBatched 266rqrig d7ffe9c5-8f78-4177-a31e-1727db046126 -- POST /predict 200 585.7ms[32m [repeated 721x across cluster][0m
[36m(ServeReplica:default:GLiNERGuardBatched pid=58982)[0m INFO 2026-04-29 14:02:38,573 default_GLiNERGuardBatched gz74k456 0e8cb063-0ffc-42a9-84b6-b42c79773207 -- POST /predict 200 494.4ms[32m [repeated 715x across cluster][0m
[36m(ServeReplica:default:GLiNERGuardBatched pid=58979)[0m INFO 2026-04-29 14:02:43,558 default_GLiNERGuardBatched 266rqrig 90f2e40c-ce70-4774-b3b4-5201c2bd91b1 -- POST /predict 200 405.8ms[32m [repeated 742x across cluster][0m
[36m(ServeReplica:default:GLiNERGuardBatched pid=58983)[0m INFO 2026-04-29 14:02:48,680 default_GLiNERGuardBatched w200ta8k 0017f08e-8dd8-4c91-a748-d7b3902ce49e -- POST /predict 200 141.9ms[32m [repeated 837x across cluster][0m
[36m(ServeReplica:default:GLiNERGuardBatched pid=58983)[0m INFO 2026-04-29 14:02:53,819 default_GLiNERGuardBatched w200ta8k a2325678-4634-405d-ac0a-c4f517c160cd -- POST /predict 200 709.1ms[32m [repeated 693x across cluster][0m
[36m(ServeReplica:default:GLiNERGuardBatched pid=58983)[0m INFO 2026-04-29 14:02:58,813 default_GLiNERGuardBatched w200ta8k b0dafeff-845a-4695-a96f-5db80c64c86c -- POST /predict 200 559.7ms[32m [repeated 684x across cluster][0m
[36m(ServeReplica:default:GLiNERGuardBatched pid=58979)[0m INFO 2026-04-29 14:03:03,892 default_GLiNERGuardBatched 266rqrig 49c79cf2-4b6b-458f-b948-e40bb4704b13 -- POST /predict 200 397.7ms[32m [repeated 508x across cluster][0m
[36m(ServeReplica:default:GLiNERGuardBatched pid=58982)[0m INFO 2026-04-29 14:03:09,063 default_GLiNERGuardBatched gz74k456 a7cd5572-4e6f-4b55-9a45-94b0c757941a -- POST /predict 200 539.6ms[32m [repeated 770x across cluster][0m
[36m(ServeReplica:default:GLiNERGuardBatched pid=58982)[0m INFO 2026-04-29 14:03:14,083 default_GLiNERGuardBatched gz74k456 ee21ef5c-d512-453c-8f2e-a5588d7530b3 -- POST /predict 200 271.1ms[32m [repeated 452x across cluster][0m
[36m(ServeReplica:default:GLiNERGuardBatched pid=58982)[0m INFO 2026-04-29 14:03:19,385 default_GLiNERGuardBatched gz74k456 54ab113e-9fa3-443a-bfa8-64ff9e54633a -- POST /predict 200 798.6ms[32m [repeated 715x across cluster][0m
[36m(ServeReplica:default:GLiNERGuardBatched pid=58979)[0m INFO 2026-04-29 14:03:25,207 default_GLiNERGuardBatched 266rqrig 9ae93c66-b88d-4832-a479-34a729c168da -- POST /predict 200 130.0ms[32m [repeated 713x across cluster][0m
[36m(ServeReplica:default:GLiNERGuardBatched pid=58982)[0m INFO 2026-04-29 14:03:30,274 default_GLiNERGuardBatched gz74k456 14d9b134-252c-4d76-ac44-8045979d0733 -- POST /predict 200 515.9ms[32m [repeated 695x across cluster][0m
[36m(ServeReplica:default:GLiNERGuardBatched pid=58982)[0m INFO 2026-04-29 14:03:36,154 default_GLiNERGuardBatched gz74k456 f462a55a-47bf-4872-a401-533ddafebc3c -- POST /predict 200 187.9ms[32m [repeated 768x across cluster][0m
[36m(ServeReplica:default:GLiNERGuardBatched pid=58983)[0m INFO 2026-04-29 14:03:41,239 default_GLiNERGuardBatched w200ta8k a45ae455-d0b4-409a-9a90-2a4df9c156d3 -- POST /predict 200 1001.3ms[32m [repeated 678x across cluster][0m
[36m(ServeReplica:default:GLiNERGuardBatched pid=58983)[0m INFO 2026-04-29 14:03:47,408 default_GLiNERGuardBatched w200ta8k 6b94a710-4e38-4dad-80d3-a3b92422794b -- POST /predict 200 463.1ms[32m [repeated 681x across cluster][0m
[36m(ServeReplica:default:GLiNERGuardBatched pid=58983)[0m INFO 2026-04-29 14:03:52,451 default_GLiNERGuardBatched w200ta8k 75c81985-84bb-4f4a-9650-25d0fcb52469 -- POST /predict 200 485.3ms[32m [repeated 696x across cluster][0m
[36m(ServeReplica:default:GLiNERGuardBatched pid=58982)[0m INFO 2026-04-29 14:03:57,522 default_GLiNERGuardBatched gz74k456 078b1b30-4b0d-459f-8372-64999107cc1f -- POST /predict 200 381.9ms[32m [repeated 770x across cluster][0m
[36m(ServeReplica:default:GLiNERGuardBatched pid=58982)[0m INFO 2026-04-29 14:04:02,570 default_GLiNERGuardBatched gz74k456 a55245a8-a926-437e-a365-01d030fed6cf -- POST /predict 200 522.6ms[32m [repeated 781x across cluster][0m
[36m(ServeReplica:default:GLiNERGuardBatched pid=58979)[0m INFO 2026-04-29 14:04:09,885 default_GLiNERGuardBatched 266rqrig 51a36adf-d669-4e97-9e7f-c8f3d2a4710a -- POST /predict 200 204.5ms[32m [repeated 554x across cluster][0m
[36m(ServeReplica:default:GLiNERGuardBatched pid=58983)[0m INFO 2026-04-29 14:04:15,238 default_GLiNERGuardBatched w200ta8k f3f34ae2-cbf2-47e9-8923-d00597fb9f32 -- POST /predict 200 553.0ms[32m [repeated 762x across cluster][0m
[36m(ServeReplica:default:GLiNERGuardBatched pid=58982)[0m INFO 2026-04-29 14:04:20,329 default_GLiNERGuardBatched gz74k456 a739aa94-9de5-4a47-ab92-e15889e8103f -- POST /predict 200 863.6ms[32m [repeated 689x across cluster][0m
[36m(ServeReplica:default:GLiNERGuardBatched pid=58981)[0m INFO 2026-04-29 14:04:25,353 default_GLiNERGuardBatched 4zto1cvv 4f9c17c9-6ceb-4b77-b86d-a493d38fcd72 -- POST /predict 200 553.1ms[32m [repeated 667x across cluster][0m
[36m(ServeReplica:default:GLiNERGuardBatched pid=58979)[0m INFO 2026-04-29 14:04:30,577 default_GLiNERGuardBatched 266rqrig 299d3b9a-658a-4864-87a5-163d1f608b24 -- POST /predict 200 301.3ms[32m [repeated 783x across cluster][0m
[36m(ServeReplica:default:GLiNERGuardBatched pid=58982)[0m INFO 2026-04-29 14:04:35,637 default_GLiNERGuardBatched gz74k456 e44efb7f-5188-463e-ab3a-9000589a23f2 -- POST /predict 200 415.9ms[32m [repeated 787x across cluster][0m
[36m(ServeReplica:default:GLiNERGuardBatched pid=58979)[0m INFO 2026-04-29 14:04:40,698 default_GLiNERGuardBatched 266rqrig f9e5d516-4d1a-40b4-9627-3a02868e481a -- POST /predict 200 323.6ms[32m [repeated 778x across cluster][0m
[36m(ServeReplica:default:GLiNERGuardBatched pid=58981)[0m INFO 2026-04-29 14:04:45,804 default_GLiNERGuardBatched 4zto1cvv 789caaeb-65ad-457b-8e5b-6fff50cbc3ef -- POST /predict 200 278.9ms[32m [repeated 760x across cluster][0m
[36m(ServeReplica:default:GLiNERGuardBatched pid=58979)[0m INFO 2026-04-29 14:04:50,933 default_GLiNERGuardBatched 266rqrig c4069a41-cf80-401a-b979-f2653fd093cb -- POST /predict 200 197.5ms[32m [repeated 796x across cluster][0m
[36m(ServeReplica:default:GLiNERGuardBatched pid=58982)[0m INFO 2026-04-29 14:04:56,122 default_GLiNERGuardBatched gz74k456 30223b31-d3f9-4c32-990e-70c810e18fad -- POST /predict 200 612.9ms[32m [repeated 779x across cluster][0m
[36m(ServeReplica:default:GLiNERGuardBatched pid=58979)[0m INFO 2026-04-29 14:05:01,130 default_GLiNERGuardBatched 266rqrig 49d53142-3649-45e7-a6af-76549e7dc7a0 -- POST /predict 200 256.2ms[32m [repeated 684x across cluster][0m
[36m(ServeReplica:default:GLiNERGuardBatched pid=58979)[0m INFO 2026-04-29 14:05:06,486 default_GLiNERGuardBatched 266rqrig 3e55bf00-7f83-4f21-85cd-49152a5a7e31 -- POST /predict 200 762.6ms[32m [repeated 749x across cluster][0m
[36m(ServeReplica:default:GLiNERGuardBatched pid=58983)[0m INFO 2026-04-29 14:05:11,548 default_GLiNERGuardBatched w200ta8k 8b432584-49b9-4649-8705-7f72e976196b -- POST /predict 200 373.0ms[32m [repeated 776x across cluster][0m
[36m(ServeReplica:default:GLiNERGuardBatched pid=58982)[0m INFO 2026-04-29 14:05:16,600 default_GLiNERGuardBatched gz74k456 be9489c4-2239-4d90-9c41-0af4f525f442 -- POST /predict 200 432.9ms[32m [repeated 785x across cluster][0m
[36m(ServeReplica:default:GLiNERGuardBatched pid=58979)[0m INFO 2026-04-29 14:05:21,682 default_GLiNERGuardBatched 266rqrig 2a048470-706e-4b2e-b070-85c358a9504d -- POST /predict 200 820.6ms[32m [repeated 732x across cluster][0m
[36m(ServeReplica:default:GLiNERGuardBatched pid=58982)[0m INFO 2026-04-29 14:05:26,746 default_GLiNERGuardBatched gz74k456 356935e7-5e16-4a9e-bb2d-454b7a6c3d86 -- POST /predict 200 363.5ms[32m [repeated 783x across cluster][0m
[36m(ServeReplica:default:GLiNERGuardBatched pid=58982)[0m INFO 2026-04-29 14:05:31,876 default_GLiNERGuardBatched gz74k456 e0fad2f3-dbfd-4dc0-adae-3348597db8d7 -- POST /predict 200 633.3ms[32m [repeated 748x across cluster][0m
[36m(ServeReplica:default:GLiNERGuardBatched pid=58982)[0m INFO 2026-04-29 14:05:37,038 default_GLiNERGuardBatched gz74k456 b8fa53da-c7a1-47fc-942f-0d4f7c00023a -- POST /predict 200 299.6ms[32m [repeated 749x across cluster][0m
[36m(ServeReplica:default:GLiNERGuardBatched pid=58982)[0m INFO 2026-04-29 14:05:42,083 default_GLiNERGuardBatched gz74k456 bca75d74-ef49-465e-957b-16ca099e1ae0 -- POST /predict 200 558.0ms[32m [repeated 777x across cluster][0m
[36m(ServeReplica:default:GLiNERGuardBatched pid=58982)[0m INFO 2026-04-29 14:05:47,136 default_GLiNERGuardBatched gz74k456 49661b71-1136-434f-a9e9-e1744355faf3 -- POST /predict 200 169.4ms[32m [repeated 735x across cluster][0m
[36m(ServeReplica:default:GLiNERGuardBatched pid=58979)[0m INFO 2026-04-29 14:05:52,358 default_GLiNERGuardBatched 266rqrig 20dfaff4-307f-49c7-acf2-24998e36d384 -- POST /predict 200 518.3ms[32m [repeated 756x across cluster][0m
[36m(ServeReplica:default:GLiNERGuardBatched pid=58979)[0m INFO 2026-04-29 14:05:57,402 default_GLiNERGuardBatched 266rqrig b58ade75-5ac1-490c-8ee5-a431c61e0dee -- POST /predict 200 288.5ms[32m [repeated 787x across cluster][0m
[36m(ServeReplica:default:GLiNERGuardBatched pid=58982)[0m INFO 2026-04-29 14:06:02,477 default_GLiNERGuardBatched gz74k456 d68c6ac8-68fd-4fc3-8d35-4b4c74092dc1 -- POST /predict 200 384.3ms[32m [repeated 793x across cluster][0m
[36m(ServeReplica:default:GLiNERGuardBatched pid=58982)[0m INFO 2026-04-29 14:06:07,515 default_GLiNERGuardBatched gz74k456 89d59e7c-ff54-456d-958e-671def8c0f26 -- POST /predict 200 352.2ms[32m [repeated 737x across cluster][0m
[36m(ServeReplica:default:GLiNERGuardBatched pid=58982)[0m INFO 2026-04-29 14:06:12,593 default_GLiNERGuardBatched gz74k456 83dbe7a7-cf07-4b14-acc8-4438987df1e3 -- POST /predict 200 426.1ms[32m [repeated 800x across cluster][0m
[36m(ServeReplica:default:GLiNERGuardBatched pid=58983)[0m INFO 2026-04-29 14:06:17,767 default_GLiNERGuardBatched w200ta8k 1dda3a99-9728-454b-b783-8131bed01377 -- POST /predict 200 115.4ms[32m [repeated 767x across cluster][0m
[36m(ServeReplica:default:GLiNERGuardBatched pid=58982)[0m INFO 2026-04-29 14:06:23,216 default_GLiNERGuardBatched gz74k456 069ec735-e9b1-4ba0-a47a-63a9c45eafb2 -- POST /predict 200 690.0ms[32m [repeated 805x across cluster][0m
[36m(ServeReplica:default:GLiNERGuardBatched pid=58983)[0m INFO 2026-04-29 14:06:28,330 default_GLiNERGuardBatched w200ta8k be7d488d-c091-47b7-9ec0-380c87bdb821 -- POST /predict 200 345.0ms[32m [repeated 822x across cluster][0m
[36m(ServeReplica:default:GLiNERGuardBatched pid=58979)[0m INFO 2026-04-29 14:06:33,681 default_GLiNERGuardBatched 266rqrig 4619af5e-7c7a-48d2-ad9b-68cc5975a717 -- POST /predict 200 608.5ms[32m [repeated 712x across cluster][0m
[36m(ServeReplica:default:GLiNERGuardBatched pid=58982)[0m INFO 2026-04-29 14:06:38,777 default_GLiNERGuardBatched gz74k456 71c01bd3-dc87-4a2c-91c7-d5c1146ec84e -- POST /predict 200 583.6ms[32m [repeated 769x across cluster][0m
[36m(ServeReplica:default:GLiNERGuardBatched pid=58982)[0m INFO 2026-04-29 14:06:43,879 default_GLiNERGuardBatched gz74k456 c464e882-b90f-4882-b59f-1dee01ffc17a -- POST /predict 200 230.4ms[32m [repeated 813x across cluster][0m
[36m(ServeReplica:default:GLiNERGuardBatched pid=58983)[0m INFO 2026-04-29 14:06:48,882 default_GLiNERGuardBatched w200ta8k 5690de78-b542-4e93-a9fc-385eec511c11 -- POST /predict 200 165.1ms[32m [repeated 813x across cluster][0m
[36m(ServeReplica:default:GLiNERGuardBatched pid=58979)[0m INFO 2026-04-29 14:06:54,132 default_GLiNERGuardBatched 266rqrig 3c22cae2-0ccc-4db1-84f7-c79d84c65e44 -- POST /predict 200 426.0ms[32m [repeated 800x across cluster][0m
[36m(ServeReplica:default:GLiNERGuardBatched pid=58983)[0m INFO 2026-04-29 14:06:59,425 default_GLiNERGuardBatched w200ta8k a1217653-3780-4317-b4d4-e0f6592a357d -- POST /predict 200 681.8ms[32m [repeated 792x across cluster][0m
[36m(ServeReplica:default:GLiNERGuardBatched pid=58983)[0m INFO 2026-04-29 14:07:04,612 default_GLiNERGuardBatched w200ta8k d2c44f33-6643-46c8-afb5-95ce712fb9d2 -- POST /predict 200 500.0ms[32m [repeated 797x across cluster][0m
[36m(ServeReplica:default:GLiNERGuardBatched pid=58982)[0m INFO 2026-04-29 14:07:09,743 default_GLiNERGuardBatched gz74k456 f72386cb-1069-4d1c-98ba-1540950a4d2f -- POST /predict 200 407.9ms[32m [repeated 769x across cluster][0m
[36m(ServeReplica:default:GLiNERGuardBatched pid=58982)[0m INFO 2026-04-29 14:07:14,797 default_GLiNERGuardBatched gz74k456 ebd449e5-df9f-4c38-b80c-1990c25a38ea -- POST /predict 200 446.8ms[32m [repeated 723x across cluster][0m
[36m(ServeReplica:default:GLiNERGuardBatched pid=58979)[0m INFO 2026-04-29 14:07:19,795 default_GLiNERGuardBatched 266rqrig 5abb9d82-e2d5-4e57-a491-ceda8089a973 -- POST /predict 200 175.5ms[32m [repeated 755x across cluster][0m
[36m(ServeReplica:default:GLiNERGuardBatched pid=58981)[0m INFO 2026-04-29 14:07:24,881 default_GLiNERGuardBatched 4zto1cvv 120c2e09-f45a-4d94-9c9a-c23c986e66f3 -- POST /predict 200 198.7ms[32m [repeated 751x across cluster][0m
[36m(ServeReplica:default:GLiNERGuardBatched pid=58982)[0m INFO 2026-04-29 14:07:29,955 default_GLiNERGuardBatched gz74k456 001f6940-a442-4cf4-925d-728cc41b6121 -- POST /predict 200 197.9ms[32m [repeated 764x across cluster][0m
[36m(ServeReplica:default:GLiNERGuardBatched pid=58982)[0m INFO 2026-04-29 14:07:35,105 default_GLiNERGuardBatched gz74k456 fe04b2e2-3421-4b73-9085-790651a87a69 -- POST /predict 200 162.1ms[32m [repeated 801x across cluster][0m
[36m(ServeReplica:default:GLiNERGuardBatched pid=58982)[0m INFO 2026-04-29 14:07:40,307 default_GLiNERGuardBatched gz74k456 d735d9cd-b9eb-4527-bddf-5d6c42a38fb4 -- POST /predict 200 418.9ms[32m [repeated 764x across cluster][0m
[36m(ServeReplica:default:GLiNERGuardBatched pid=58982)[0m INFO 2026-04-29 14:07:45,635 default_GLiNERGuardBatched gz74k456 28fb44e8-a4b8-4c77-8852-425bd02292e5 -- POST /predict 200 621.7ms[32m [repeated 848x across cluster][0m
[36m(ServeReplica:default:GLiNERGuardBatched pid=58979)[0m INFO 2026-04-29 14:07:50,638 default_GLiNERGuardBatched 266rqrig 2e0b4851-5e0e-4e81-bd68-e9dca5fb67a7 -- POST /predict 200 638.4ms[32m [repeated 776x across cluster][0m
[36m(ServeReplica:default:GLiNERGuardBatched pid=58982)[0m INFO 2026-04-29 14:07:55,816 default_GLiNERGuardBatched gz74k456 407ef5a1-c6e7-4b81-acc7-ecac55765165 -- POST /predict 200 695.5ms[32m [repeated 802x across cluster][0m
[36m(ServeReplica:default:GLiNERGuardBatched pid=58982)[0m INFO 2026-04-29 14:08:00,883 default_GLiNERGuardBatched gz74k456 da67a060-bc76-46ff-b7ec-f549e0adea1c -- POST /predict 200 310.5ms[32m [repeated 763x across cluster][0m
[36m(ServeReplica:default:GLiNERGuardBatched pid=58979)[0m INFO 2026-04-29 14:08:05,913 default_GLiNERGuardBatched 266rqrig 1617e7c0-f50d-4102-b09c-62cff507adb5 -- POST /predict 200 513.2ms[32m [repeated 808x across cluster][0m
[36m(ServeReplica:default:GLiNERGuardBatched pid=58979)[0m INFO 2026-04-29 14:08:11,037 default_GLiNERGuardBatched 266rqrig c5c90c21-c293-48ef-ab80-220219b4ca50 -- POST /predict 200 273.9ms[32m [repeated 744x across cluster][0m
[36m(ServeReplica:default:GLiNERGuardBatched pid=58979)[0m INFO 2026-04-29 14:08:16,024 default_GLiNERGuardBatched 266rqrig 202d6fdd-b6db-4c01-92af-50b4e97c043b -- POST /predict 200 586.3ms[32m [repeated 735x across cluster][0m
[36m(ServeReplica:default:GLiNERGuardBatched pid=58982)[0m INFO 2026-04-29 14:08:21,309 default_GLiNERGuardBatched gz74k456 13204740-46ba-44ff-8954-12f98bb95980 -- POST /predict 200 485.5ms[32m [repeated 767x across cluster][0m
[36m(ServeReplica:default:GLiNERGuardBatched pid=58983)[0m INFO 2026-04-29 14:08:26,448 default_GLiNERGuardBatched w200ta8k ec2dbfad-d665-4f51-8856-177924964a5c -- POST /predict 200 275.0ms[32m [repeated 791x across cluster][0m
[36m(ServeReplica:default:GLiNERGuardBatched pid=58983)[0m INFO 2026-04-29 14:08:31,476 default_GLiNERGuardBatched w200ta8k b405c640-7e5a-4334-b321-16b884194cca -- POST /predict 200 247.9ms[32m [repeated 721x across cluster][0m
[36m(ServeReplica:default:GLiNERGuardBatched pid=58981)[0m INFO 2026-04-29 14:08:36,658 default_GLiNERGuardBatched 4zto1cvv 24a5abfe-6722-41b2-914e-7d0a1deed618 -- POST /predict 200 538.7ms[32m [repeated 759x across cluster][0m
[36m(ServeReplica:default:GLiNERGuardBatched pid=58982)[0m INFO 2026-04-29 14:08:41,675 default_GLiNERGuardBatched gz74k456 93b80489-1b60-4217-ad73-b1ffee76cda8 -- POST /predict 200 530.0ms[32m [repeated 801x across cluster][0m
[36m(ServeReplica:default:GLiNERGuardBatched pid=58979)[0m INFO 2026-04-29 14:08:46,822 default_GLiNERGuardBatched 266rqrig c816dbbb-7129-4433-919c-ce64e5f0357e -- POST /predict 200 402.3ms[32m [repeated 767x across cluster][0m
[36m(ServeReplica:default:GLiNERGuardBatched pid=58983)[0m INFO 2026-04-29 14:08:51,929 default_GLiNERGuardBatched w200ta8k 65256113-a2fe-4c6e-9a05-691e4282fe0d -- POST /predict 200 371.7ms[32m [repeated 755x across cluster][0m
[36m(ServeReplica:default:GLiNERGuardBatched pid=58982)[0m INFO 2026-04-29 14:08:57,022 default_GLiNERGuardBatched gz74k456 4f16fbbb-6960-404b-98e2-15dcd342aa8b -- POST /predict 200 578.6ms[32m [repeated 729x across cluster][0m
[36m(ServeReplica:default:GLiNERGuardBatched pid=58982)[0m INFO 2026-04-29 14:09:02,281 default_GLiNERGuardBatched gz74k456 4b57bf2b-dd8d-4ce6-b845-dd4e464b04d4 -- POST /predict 200 252.1ms[32m [repeated 831x across cluster][0m
[36m(ServeReplica:default:GLiNERGuardBatched pid=58979)[0m INFO 2026-04-29 14:09:07,519 default_GLiNERGuardBatched 266rqrig f906ffc0-ecf2-4a85-bc06-d404c75ae76d -- POST /predict 200 654.3ms[32m [repeated 804x across cluster][0m
[36m(ServeReplica:default:GLiNERGuardBatched pid=58979)[0m INFO 2026-04-29 14:09:12,578 default_GLiNERGuardBatched 266rqrig f43b7d6f-9c5e-4f96-9f59-91ede9b406e4 -- POST /predict 200 692.0ms[32m [repeated 760x across cluster][0m
[36m(ServeReplica:default:GLiNERGuardBatched pid=58982)[0m INFO 2026-04-29 14:09:17,726 default_GLiNERGuardBatched gz74k456 22af1b33-61f8-40f7-9955-e0e2e48627f2 -- POST /predict 200 635.1ms[32m [repeated 765x across cluster][0m
[36m(ServeReplica:default:GLiNERGuardBatched pid=58982)[0m INFO 2026-04-29 14:09:22,764 default_GLiNERGuardBatched gz74k456 569b470a-5620-405c-a167-9c9132514c84 -- POST /predict 200 279.1ms[32m [repeated 837x across cluster][0m
[36m(ServeReplica:default:GLiNERGuardBatched pid=58982)[0m INFO 2026-04-29 14:09:27,787 default_GLiNERGuardBatched gz74k456 98f5b7e8-086f-4e8b-97ce-6ae7f98fc51d -- POST /predict 200 546.1ms[32m [repeated 779x across cluster][0m
[36m(ServeReplica:default:GLiNERGuardBatched pid=58982)[0m INFO 2026-04-29 14:09:32,827 default_GLiNERGuardBatched gz74k456 38b306e6-ed3b-40a6-a1e7-af6ae56676c4 -- POST /predict 200 269.6ms[32m [repeated 778x across cluster][0m
[36m(ServeReplica:default:GLiNERGuardBatched pid=58982)[0m INFO 2026-04-29 14:09:38,021 default_GLiNERGuardBatched gz74k456 e2aaec2a-6962-454b-a2f1-483499cf7f40 -- POST /predict 200 251.7ms[32m [repeated 715x across cluster][0m
[36m(ServeReplica:default:GLiNERGuardBatched pid=58983)[0m INFO 2026-04-29 14:09:43,082 default_GLiNERGuardBatched w200ta8k 7b29ad24-66ae-4361-96bb-f54047b8e4a7 -- POST /predict 200 362.2ms[32m [repeated 777x across cluster][0m
[36m(ServeReplica:default:GLiNERGuardBatched pid=58982)[0m INFO 2026-04-29 14:09:48,139 default_GLiNERGuardBatched gz74k456 1cfffaeb-b01f-45ec-a78b-924ba2d5aa74 -- POST /predict 200 498.1ms[32m [repeated 712x across cluster][0m
[36m(ServeReplica:default:GLiNERGuardBatched pid=58982)[0m INFO 2026-04-29 14:09:53,204 default_GLiNERGuardBatched gz74k456 1239fa8c-9a8a-4956-bc01-2e5cf340a781 -- POST /predict 200 629.1ms[32m [repeated 782x across cluster][0m
[36m(ServeReplica:default:GLiNERGuardBatched pid=58982)[0m INFO 2026-04-29 14:09:58,283 default_GLiNERGuardBatched gz74k456 6ffe56f8-17ed-43cf-9160-125025944871 -- POST /predict 200 616.4ms[32m [repeated 796x across cluster][0m
[36m(ServeReplica:default:GLiNERGuardBatched pid=58979)[0m INFO 2026-04-29 14:10:03,320 default_GLiNERGuardBatched 266rqrig 70c36667-0ae1-4ad4-b0fe-a9e4e052f200 -- POST /predict 200 352.6ms[32m [repeated 734x across cluster][0m
[36m(ServeReplica:default:GLiNERGuardBatched pid=58979)[0m INFO 2026-04-29 14:10:08,324 default_GLiNERGuardBatched 266rqrig a0dc02ab-4ba8-4ad0-a182-22be4b689506 -- POST /predict 200 453.0ms[32m [repeated 741x across cluster][0m
[36m(ServeReplica:default:GLiNERGuardBatched pid=58983)[0m INFO 2026-04-29 14:10:13,523 default_GLiNERGuardBatched w200ta8k c66989bf-18f0-4cc8-9b49-dd899b2994e5 -- POST /predict 200 700.9ms[32m [repeated 719x across cluster][0m
[36m(ServeReplica:default:GLiNERGuardBatched pid=58982)[0m INFO 2026-04-29 14:10:18,563 default_GLiNERGuardBatched gz74k456 b69be5ac-0cd0-4550-917a-6f8f4567e779 -- POST /predict 200 170.7ms[32m [repeated 825x across cluster][0m
[36m(ServeReplica:default:GLiNERGuardBatched pid=58982)[0m INFO 2026-04-29 14:10:23,934 default_GLiNERGuardBatched gz74k456 0a2c8cd1-09be-4c5a-98c5-541b48d9be1a -- POST /predict 200 444.7ms[32m [repeated 810x across cluster][0m
[36m(ServeReplica:default:GLiNERGuardBatched pid=58979)[0m INFO 2026-04-29 14:10:29,141 default_GLiNERGuardBatched 266rqrig 332b05c7-bed8-484f-890e-a6e67d4ecea8 -- POST /predict 200 369.3ms[32m [repeated 737x across cluster][0m
[36m(ServeReplica:default:GLiNERGuardBatched pid=58979)[0m INFO 2026-04-29 14:10:34,222 default_GLiNERGuardBatched 266rqrig d06cbf27-f24b-4163-911a-fb90cb81fc5b -- POST /predict 200 479.5ms[32m [repeated 759x across cluster][0m
[36m(ServeReplica:default:GLiNERGuardBatched pid=58983)[0m INFO 2026-04-29 14:10:39,283 default_GLiNERGuardBatched w200ta8k c29c19f8-1448-4438-a081-53afb45db420 -- POST /predict 200 256.1ms[32m [repeated 725x across cluster][0m
[36m(ServeReplica:default:GLiNERGuardBatched pid=58979)[0m INFO 2026-04-29 14:10:44,369 default_GLiNERGuardBatched 266rqrig cc7c5243-2613-4217-8370-bf3b7a01a4f4 -- POST /predict 200 117.5ms[32m [repeated 694x across cluster][0m
[36m(ServeReplica:default:GLiNERGuardBatched pid=58982)[0m INFO 2026-04-29 14:10:49,421 default_GLiNERGuardBatched gz74k456 dec47e9e-91cf-40ee-984f-71be220f2ab5 -- POST /predict 200 726.5ms[32m [repeated 769x across cluster][0m
[36m(ServeReplica:default:GLiNERGuardBatched pid=58979)[0m INFO 2026-04-29 14:10:54,503 default_GLiNERGuardBatched 266rqrig 25dc3450-17e4-42f0-bf5a-580e9583bdeb -- POST /predict 200 329.0ms[32m [repeated 765x across cluster][0m
[36m(ServeReplica:default:GLiNERGuardBatched pid=58983)[0m INFO 2026-04-29 14:10:59,532 default_GLiNERGuardBatched w200ta8k 82686b36-7cef-4668-b03c-164ee2f1f64a -- POST /predict 200 999.1ms[32m [repeated 780x across cluster][0m
[36m(ServeReplica:default:GLiNERGuardBatched pid=58983)[0m INFO 2026-04-29 14:11:04,614 default_GLiNERGuardBatched w200ta8k 2fc37764-d996-43fd-8fc3-53f69cfb229e -- POST /predict 200 381.7ms[32m [repeated 799x across cluster][0m
[36m(ServeReplica:default:GLiNERGuardBatched pid=58982)[0m INFO 2026-04-29 14:11:09,713 default_GLiNERGuardBatched gz74k456 b8c1c688-fb8a-44d3-806c-cc589ce6dbb1 -- POST /predict 200 530.6ms[32m [repeated 749x across cluster][0m
[36m(ServeReplica:default:GLiNERGuardBatched pid=58982)[0m INFO 2026-04-29 14:11:15,093 default_GLiNERGuardBatched gz74k456 7c33c260-230a-47ff-8387-bedce0b97643 -- POST /predict 200 396.0ms[32m [repeated 796x across cluster][0m
[36m(ServeReplica:default:GLiNERGuardBatched pid=58983)[0m INFO 2026-04-29 14:11:20,129 default_GLiNERGuardBatched w200ta8k 62dbf852-5aa4-4bd4-9d0f-ad6b8bb28678 -- POST /predict 200 700.8ms[32m [repeated 824x across cluster][0m
[36m(ServeReplica:default:GLiNERGuardBatched pid=58979)[0m INFO 2026-04-29 14:11:25,241 default_GLiNERGuardBatched 266rqrig eca4d210-4d79-48ef-aff2-7c579efeb260 -- POST /predict 200 462.4ms[32m [repeated 718x across cluster][0m
[36m(ServeReplica:default:GLiNERGuardBatched pid=58982)[0m INFO 2026-04-29 14:11:30,355 default_GLiNERGuardBatched gz74k456 ae3bf0cd-d607-4867-81bd-3596e22faf5f -- POST /predict 200 853.9ms[32m [repeated 773x across cluster][0m
[36m(ServeReplica:default:GLiNERGuardBatched pid=58982)[0m INFO 2026-04-29 14:11:35,348 default_GLiNERGuardBatched gz74k456 5dd25907-51b4-4cb2-8fdd-98f51e903dd8 -- POST /predict 200 323.8ms[32m [repeated 779x across cluster][0m
[36m(ServeReplica:default:GLiNERGuardBatched pid=58979)[0m INFO 2026-04-29 14:11:40,559 default_GLiNERGuardBatched 266rqrig c75ffc3c-569e-4d7e-bfea-8a7d312107a6 -- POST /predict 200 551.5ms[32m [repeated 764x across cluster][0m
[36m(ServeReplica:default:GLiNERGuardBatched pid=58982)[0m INFO 2026-04-29 14:11:45,719 default_GLiNERGuardBatched gz74k456 9c75ab06-b466-4528-8137-26cef50cda1b -- POST /predict 200 543.3ms[32m [repeated 744x across cluster][0m
[36m(ServeReplica:default:GLiNERGuardBatched pid=58979)[0m INFO 2026-04-29 14:11:50,825 default_GLiNERGuardBatched 266rqrig 4ef4476a-e52a-4e56-82de-a61f9474b6ac -- POST /predict 200 290.1ms[32m [repeated 714x across cluster][0m
[36m(ServeReplica:default:GLiNERGuardBatched pid=58979)[0m INFO 2026-04-29 14:11:56,153 default_GLiNERGuardBatched 266rqrig 80bc9220-e504-4aa7-929f-02d090dd09b8 -- POST /predict 200 425.1ms[32m [repeated 785x across cluster][0m
[36m(ServeReplica:default:GLiNERGuardBatched pid=58981)[0m INFO 2026-04-29 14:12:01,230 default_GLiNERGuardBatched 4zto1cvv 52380c0a-bb87-46b4-ae0c-e4b17cd34a6c -- POST /predict 200 388.3ms[32m [repeated 791x across cluster][0m
[36m(ServeReplica:default:GLiNERGuardBatched pid=58982)[0m INFO 2026-04-29 14:12:06,208 default_GLiNERGuardBatched gz74k456 e947ff40-57a7-4323-9fda-b16f55ad3472 -- POST /predict 200 600.0ms[32m [repeated 704x across cluster][0m
[36m(ServeReplica:default:GLiNERGuardBatched pid=58982)[0m INFO 2026-04-29 14:12:11,625 default_GLiNERGuardBatched gz74k456 a5474fe5-1550-4015-8f95-52aa12248787 -- POST /predict 200 447.3ms[32m [repeated 848x across cluster][0m
[36m(ServeReplica:default:GLiNERGuardBatched pid=58983)[0m INFO 2026-04-29 14:12:16,685 default_GLiNERGuardBatched w200ta8k 28d36316-1328-4174-b86a-933ae5cf4c03 -- POST /predict 200 201.8ms[32m [repeated 833x across cluster][0m
[36m(ServeReplica:default:GLiNERGuardBatched pid=58981)[0m INFO 2026-04-29 14:12:21,708 default_GLiNERGuardBatched 4zto1cvv 57f8ca43-56c6-46be-a926-c3bbb63f36bf -- POST /predict 200 229.0ms[32m [repeated 784x across cluster][0m
[36m(ServeReplica:default:GLiNERGuardBatched pid=58982)[0m INFO 2026-04-29 14:12:26,892 default_GLiNERGuardBatched gz74k456 86b0ab28-4ba5-4dd6-9d14-1c20caf63911 -- POST /predict 200 311.5ms[32m [repeated 805x across cluster][0m
[36m(ServeReplica:default:GLiNERGuardBatched pid=58979)[0m INFO 2026-04-29 14:12:31,968 default_GLiNERGuardBatched 266rqrig 57553dcb-ae82-47fe-a1f7-2e2763b374db -- POST /predict 200 267.1ms[32m [repeated 796x across cluster][0m
[36m(ServeReplica:default:GLiNERGuardBatched pid=58981)[0m INFO 2026-04-29 14:12:37,087 default_GLiNERGuardBatched 4zto1cvv 712f9882-f963-45bb-ba69-b61cedf68114 -- POST /predict 200 510.6ms[32m [repeated 754x across cluster][0m
[36m(ServeReplica:default:GLiNERGuardBatched pid=58979)[0m INFO 2026-04-29 14:12:42,109 default_GLiNERGuardBatched 266rqrig 9cec135a-d9a7-4cae-8092-29f835719284 -- POST /predict 200 502.9ms[32m [repeated 756x across cluster][0m
[36m(ServeReplica:default:GLiNERGuardBatched pid=58982)[0m INFO 2026-04-29 14:12:47,131 default_GLiNERGuardBatched gz74k456 74b772bb-f3e5-4986-90a9-670632794de2 -- POST /predict 200 312.9ms[32m [repeated 791x across cluster][0m
[36m(ServeReplica:default:GLiNERGuardBatched pid=58983)[0m INFO 2026-04-29 14:12:52,247 default_GLiNERGuardBatched w200ta8k 0c53b5bc-2059-4547-b9d0-739b4e1707d4 -- POST /predict 200 142.3ms[32m [repeated 792x across cluster][0m
[36m(ProxyActor pid=58977)[0m INFO 2026-04-29 14:12:52,567 proxy 172.24.0.2 7020cd6e-70ae-47e6-89cc-2ea91795372c -- Client for request 7020cd6e-70ae-47e6-89cc-2ea91795372c disconnected, cancelling request.
[36m(ProxyActor pid=58977)[0m INFO 2026-04-29 14:12:52,568 proxy 172.24.0.2 1e46bbe7-3431-4467-8b84-25c1cfaf4144 -- Client for request 1e46bbe7-3431-4467-8b84-25c1cfaf4144 disconnected, cancelling request.
[36m(ProxyActor pid=58977)[0m INFO 2026-04-29 14:12:52,571 proxy 172.24.0.2 183884b5-be12-47b4-91f5-206447ae62d0 -- Client for request 183884b5-be12-47b4-91f5-206447ae62d0 disconnected, cancelling request.
[36m(ProxyActor pid=58977)[0m INFO 2026-04-29 14:12:52,572 proxy 172.24.0.2 87319447-e019-4fb8-b75d-56ce22f8e422 -- Client for request 87319447-e019-4fb8-b75d-56ce22f8e422 disconnected, cancelling request.
[36m(ProxyActor pid=58977)[0m INFO 2026-04-29 14:12:52,572 proxy 172.24.0.2 66cfe974-4776-454a-aab6-091caa9307f1 -- Client for request 66cfe974-4776-454a-aab6-091caa9307f1 disconnected, cancelling request.
[36m(ProxyActor pid=58977)[0m INFO 2026-04-29 14:12:52,573 proxy 172.24.0.2 ece8e666-dfaf-4604-820b-a95306895107 -- Client for request ece8e666-dfaf-4604-820b-a95306895107 disconnected, cancelling request.
[36m(ProxyActor pid=58977)[0m INFO 2026-04-29 14:12:52,573 proxy 172.24.0.2 beb23651-05bd-43df-be97-e4c51a5f3624 -- Client for request beb23651-05bd-43df-be97-e4c51a5f3624 disconnected, cancelling request.
[36m(ProxyActor pid=58977)[0m INFO 2026-04-29 14:12:52,574 proxy 172.24.0.2 ac941044-4e5a-4ec7-a8e5-fccd2abe1969 -- Client for request ac941044-4e5a-4ec7-a8e5-fccd2abe1969 disconnected, cancelling request.
[36m(ProxyActor pid=58977)[0m INFO 2026-04-29 14:12:52,575 proxy 172.24.0.2 8f70ed85-a86d-4916-b8df-672c96e1f3ca -- Client for request 8f70ed85-a86d-4916-b8df-672c96e1f3ca disconnected, cancelling request.
[36m(ProxyActor pid=58977)[0m INFO 2026-04-29 14:12:52,575 proxy 172.24.0.2 279dc860-ae9c-436d-a1cf-d80b35a72ac9 -- Client for request 279dc860-ae9c-436d-a1cf-d80b35a72ac9 disconnected, cancelling request.
[36m(ProxyActor pid=58977)[0m INFO 2026-04-29 14:12:52,576 proxy 172.24.0.2 230eecbc-97c7-4a66-9e8a-88a307639a4e -- Client for request 230eecbc-97c7-4a66-9e8a-88a307639a4e disconnected, cancelling request.
[36m(ProxyActor pid=58977)[0m INFO 2026-04-29 14:12:52,576 proxy 172.24.0.2 948bf68c-753d-411b-80da-4611be979b1d -- Client for request 948bf68c-753d-411b-80da-4611be979b1d disconnected, cancelling request.
[36m(ProxyActor pid=58977)[0m INFO 2026-04-29 14:12:52,577 proxy 172.24.0.2 4542fad7-3bb9-4274-8ca5-133998a522d2 -- Client for request 4542fad7-3bb9-4274-8ca5-133998a522d2 disconnected, cancelling request.
[36m(ProxyActor pid=58977)[0m INFO 2026-04-29 14:12:52,577 proxy 172.24.0.2 2acf85e2-391d-432f-98b1-5c1370f0eed7 -- Client for request 2acf85e2-391d-432f-98b1-5c1370f0eed7 disconnected, cancelling request.
[36m(ProxyActor pid=58977)[0m INFO 2026-04-29 14:12:52,578 proxy 172.24.0.2 871ef4b3-64f6-4442-9120-d887be65ad62 -- Client for request 871ef4b3-64f6-4442-9120-d887be65ad62 disconnected, cancelling request.
[36m(ProxyActor pid=58977)[0m INFO 2026-04-29 14:12:52,578 proxy 172.24.0.2 6a2288c8-92fc-4653-a8cc-81376bdbc8e3 -- Client for request 6a2288c8-92fc-4653-a8cc-81376bdbc8e3 disconnected, cancelling request.
[36m(ProxyActor pid=58977)[0m INFO 2026-04-29 14:12:52,580 proxy 172.24.0.2 eaf8ea7c-4cc1-4b55-8e70-3b78ce5e6df3 -- Client for request eaf8ea7c-4cc1-4b55-8e70-3b78ce5e6df3 disconnected, cancelling request.
[36m(ProxyActor pid=58977)[0m INFO 2026-04-29 14:12:52,581 proxy 172.24.0.2 f0b58729-0580-44ca-9b82-8f77efa5a744 -- Client for request f0b58729-0580-44ca-9b82-8f77efa5a744 disconnected, cancelling request.
[36m(ProxyActor pid=58977)[0m INFO 2026-04-29 14:12:52,582 proxy 172.24.0.2 f012d25d-d9ea-4d6a-8352-4f1c48bb8e2b -- Client for request f012d25d-d9ea-4d6a-8352-4f1c48bb8e2b disconnected, cancelling request.
[36m(ProxyActor pid=58977)[0m INFO 2026-04-29 14:12:52,582 proxy 172.24.0.2 71211c7b-960d-4533-bcb6-f43c97df081c -- Client for request 71211c7b-960d-4533-bcb6-f43c97df081c disconnected, cancelling request.
[36m(ProxyActor pid=58977)[0m INFO 2026-04-29 14:12:52,583 proxy 172.24.0.2 71b0d931-29fa-4688-b5d0-dd56c7343094 -- Client for request 71b0d931-29fa-4688-b5d0-dd56c7343094 disconnected, cancelling request.
[36m(ServeReplica:default:GLiNERGuardBatched pid=58982)[0m INFO 2026-04-29 14:12:52,569 default_GLiNERGuardBatched gz74k456 7020cd6e-70ae-47e6-89cc-2ea91795372c -- POST /predict CANCELLED 196.3ms
[36m(ServeReplica:default:GLiNERGuardBatched pid=58982)[0m INFO 2026-04-29 14:12:52,573 default_GLiNERGuardBatched gz74k456 66cfe974-4776-454a-aab6-091caa9307f1 -- POST /predict CANCELLED 613.0ms
[36m(ServeReplica:default:GLiNERGuardBatched pid=58982)[0m INFO 2026-04-29 14:12:52,574 default_GLiNERGuardBatched gz74k456 ece8e666-dfaf-4604-820b-a95306895107 -- POST /predict CANCELLED 616.2ms
[36m(ServeReplica:default:GLiNERGuardBatched pid=58982)[0m INFO 2026-04-29 14:12:52,582 default_GLiNERGuardBatched gz74k456 f012d25d-d9ea-4d6a-8352-4f1c48bb8e2b -- POST /predict CANCELLED 262.7ms
[36m(ServeReplica:default:GLiNERGuardBatched pid=58982)[0m INFO 2026-04-29 14:12:52,583 default_GLiNERGuardBatched gz74k456 71b0d931-29fa-4688-b5d0-dd56c7343094 -- POST /predict CANCELLED 250.1ms
[36m(ProxyActor pid=58977)[0m INFO 2026-04-29 14:12:52,585 proxy 172.24.0.2 02861508-9472-4c3b-852e-d3708127f722 -- Client for request 02861508-9472-4c3b-852e-d3708127f722 disconnected, cancelling request.
[36m(ProxyActor pid=58977)[0m INFO 2026-04-29 14:12:52,586 proxy 172.24.0.2 8e837aee-036d-4c88-b406-76e2f510997e -- Client for request 8e837aee-036d-4c88-b406-76e2f510997e disconnected, cancelling request.
[36m(ProxyActor pid=58977)[0m INFO 2026-04-29 14:12:52,587 proxy 172.24.0.2 0c58fa26-7f10-445e-accb-19de97c11300 -- Client for request 0c58fa26-7f10-445e-accb-19de97c11300 disconnected, cancelling request.
[36m(ProxyActor pid=58977)[0m INFO 2026-04-29 14:12:52,588 proxy 172.24.0.2 ea7a3027-9903-471a-ba35-404d20911ef6 -- Client for request ea7a3027-9903-471a-ba35-404d20911ef6 disconnected, cancelling request.
[36m(ProxyActor pid=58977)[0m INFO 2026-04-29 14:12:52,588 proxy 172.24.0.2 336f3bd4-0c8f-4143-b5bb-a8fce9b5c81b -- Client for request 336f3bd4-0c8f-4143-b5bb-a8fce9b5c81b disconnected, cancelling request.
[36m(ProxyActor pid=58977)[0m INFO 2026-04-29 14:12:52,589 proxy 172.24.0.2 e6a14337-7e54-4dd7-a24b-2b7c2d334888 -- Client for request e6a14337-7e54-4dd7-a24b-2b7c2d334888 disconnected, cancelling request.
[36m(ProxyActor pid=58977)[0m INFO 2026-04-29 14:12:52,590 proxy 172.24.0.2 f8e9d705-94cf-4c2a-92b1-2a2ed45e38dd -- Client for request f8e9d705-94cf-4c2a-92b1-2a2ed45e38dd disconnected, cancelling request.
[36m(ProxyActor pid=58977)[0m INFO 2026-04-29 14:12:52,590 proxy 172.24.0.2 db020be9-7d8f-4891-a0c6-d49b7cd10bfe -- Client for request db020be9-7d8f-4891-a0c6-d49b7cd10bfe disconnected, cancelling request.
[36m(ProxyActor pid=58977)[0m INFO 2026-04-29 14:12:52,591 proxy 172.24.0.2 ee905d7f-a400-4f15-a750-6b86a801ef85 -- Client for request ee905d7f-a400-4f15-a750-6b86a801ef85 disconnected, cancelling request.
[36m(ProxyActor pid=58977)[0m INFO 2026-04-29 14:12:52,591 proxy 172.24.0.2 9c4f2c46-9e79-4714-a8b8-f263a8851e7a -- Client for request 9c4f2c46-9e79-4714-a8b8-f263a8851e7a disconnected, cancelling request.
[36m(ProxyActor pid=58977)[0m INFO 2026-04-29 14:12:52,592 proxy 172.24.0.2 56d4dda2-9f6d-4063-b0c0-90b0088e22f3 -- Client for request 56d4dda2-9f6d-4063-b0c0-90b0088e22f3 disconnected, cancelling request.
[36m(ProxyActor pid=58977)[0m INFO 2026-04-29 14:12:52,593 proxy 172.24.0.2 a670ea22-8f8d-4c9b-9ddc-91644a52a84f -- Client for request a670ea22-8f8d-4c9b-9ddc-91644a52a84f disconnected, cancelling request.
[36m(ProxyActor pid=58977)[0m INFO 2026-04-29 14:12:52,593 proxy 172.24.0.2 70660f6d-b218-45d2-81d2-dc3027e8d7f4 -- Client for request 70660f6d-b218-45d2-81d2-dc3027e8d7f4 disconnected, cancelling request.
[36m(ProxyActor pid=58977)[0m INFO 2026-04-29 14:12:52,594 proxy 172.24.0.2 f256c318-99d9-4c94-b2ac-de8f246ab622 -- Client for request f256c318-99d9-4c94-b2ac-de8f246ab622 disconnected, cancelling request.
[36m(ProxyActor pid=58977)[0m INFO 2026-04-29 14:12:52,594 proxy 172.24.0.2 ec7575ad-9da4-46d1-94c7-badd426ad47a -- Client for request ec7575ad-9da4-46d1-94c7-badd426ad47a disconnected, cancelling request.
[36m(ProxyActor pid=58977)[0m INFO 2026-04-29 14:12:52,595 proxy 172.24.0.2 3a319187-2766-42c1-a7a9-16f44b676456 -- Client for request 3a319187-2766-42c1-a7a9-16f44b676456 disconnected, cancelling request.
[36m(ProxyActor pid=58977)[0m INFO 2026-04-29 14:12:52,595 proxy 172.24.0.2 826c6dfd-39db-4295-926b-458050f761d4 -- Client for request 826c6dfd-39db-4295-926b-458050f761d4 disconnected, cancelling request.
[36m(ProxyActor pid=58977)[0m INFO 2026-04-29 14:12:52,596 proxy 172.24.0.2 6dd9f243-8e62-4a15-9423-619523899ea0 -- Client for request 6dd9f243-8e62-4a15-9423-619523899ea0 disconnected, cancelling request.
[36m(ProxyActor pid=58977)[0m INFO 2026-04-29 14:12:52,596 proxy 172.24.0.2 6153249c-83ad-4d7d-9d4c-ae271e975008 -- Client for request 6153249c-83ad-4d7d-9d4c-ae271e975008 disconnected, cancelling request.
[36m(ProxyActor pid=58977)[0m INFO 2026-04-29 14:12:52,597 proxy 172.24.0.2 27e600c1-fe4d-4d3e-b981-beb5a3740f10 -- Client for request 27e600c1-fe4d-4d3e-b981-beb5a3740f10 disconnected, cancelling request.
[36m(ProxyActor pid=58977)[0m INFO 2026-04-29 14:12:52,597 proxy 172.24.0.2 3f03c8b9-7a30-4893-bcc0-0d7fc4a67958 -- Client for request 3f03c8b9-7a30-4893-bcc0-0d7fc4a67958 disconnected, cancelling request.
[36m(ProxyActor pid=58977)[0m INFO 2026-04-29 14:12:52,597 proxy 172.24.0.2 82d5abe1-8e66-447b-85db-b3f6d1046e30 -- Client for request 82d5abe1-8e66-447b-85db-b3f6d1046e30 disconnected, cancelling request.
[36m(ProxyActor pid=58977)[0m INFO 2026-04-29 14:12:52,599 proxy 172.24.0.2 af01f3d8-a746-453a-85ed-62d5861a25c4 -- Client for request af01f3d8-a746-453a-85ed-62d5861a25c4 disconnected, cancelling request.
[36m(ProxyActor pid=58977)[0m INFO 2026-04-29 14:12:52,599 proxy 172.24.0.2 536f3baf-2d51-4609-a8c5-252df62bbe39 -- Client for request 536f3baf-2d51-4609-a8c5-252df62bbe39 disconnected, cancelling request.
[36m(ProxyActor pid=58977)[0m INFO 2026-04-29 14:12:52,600 proxy 172.24.0.2 ffa076cf-f370-4f56-838f-394c033347f3 -- Client for request ffa076cf-f370-4f56-838f-394c033347f3 disconnected, cancelling request.
[36m(ProxyActor pid=58977)[0m INFO 2026-04-29 14:12:52,603 proxy 172.24.0.2 0fcb31a0-4e26-40b1-92df-b56bf76ea698 -- Client for request 0fcb31a0-4e26-40b1-92df-b56bf76ea698 disconnected, cancelling request.
[36m(ProxyActor pid=58977)[0m INFO 2026-04-29 14:12:52,604 proxy 172.24.0.2 44d74ce5-07fc-408b-9146-556765a0b653 -- Client for request 44d74ce5-07fc-408b-9146-556765a0b653 disconnected, cancelling request.
[36m(ProxyActor pid=58977)[0m INFO 2026-04-29 14:12:52,605 proxy 172.24.0.2 f6cc2421-305f-4ad3-b47b-c378ea95800b -- Client for request f6cc2421-305f-4ad3-b47b-c378ea95800b disconnected, cancelling request.
[36m(ProxyActor pid=58977)[0m INFO 2026-04-29 14:12:52,606 proxy 172.24.0.2 fed73a74-344f-4017-8f79-75536bf8e092 -- Client for request fed73a74-344f-4017-8f79-75536bf8e092 disconnected, cancelling request.
[36m(ProxyActor pid=58977)[0m INFO 2026-04-29 14:12:52,607 proxy 172.24.0.2 b8e3d0f8-e0c6-4d20-8f19-2d9a3db89504 -- Client for request b8e3d0f8-e0c6-4d20-8f19-2d9a3db89504 disconnected, cancelling request.
[36m(ProxyActor pid=58977)[0m INFO 2026-04-29 14:12:52,610 proxy 172.24.0.2 b1426db6-4c37-4026-a8ee-7e29d70f8300 -- Client for request b1426db6-4c37-4026-a8ee-7e29d70f8300 disconnected, cancelling request.
[36m(ProxyActor pid=58977)[0m INFO 2026-04-29 14:12:52,610 proxy 172.24.0.2 6f153ef1-21d7-417a-b579-3c30aaad9746 -- Client for request 6f153ef1-21d7-417a-b579-3c30aaad9746 disconnected, cancelling request.
[36m(ProxyActor pid=58977)[0m INFO 2026-04-29 14:12:52,611 proxy 172.24.0.2 39afea33-5b29-4408-89ba-d90b6990d026 -- Client for request 39afea33-5b29-4408-89ba-d90b6990d026 disconnected, cancelling request.
[36m(ProxyActor pid=58977)[0m INFO 2026-04-29 14:12:52,612 proxy 172.24.0.2 d4200141-baaa-4cca-a2ee-f6a2ca95e9f1 -- Client for request d4200141-baaa-4cca-a2ee-f6a2ca95e9f1 disconnected, cancelling request.
[36m(ProxyActor pid=58977)[0m INFO 2026-04-29 14:12:52,612 proxy 172.24.0.2 960ebcfb-439e-48ec-b91c-4bcc70075ae5 -- Client for request 960ebcfb-439e-48ec-b91c-4bcc70075ae5 disconnected, cancelling request.
[36m(ProxyActor pid=58977)[0m INFO 2026-04-29 14:12:52,613 proxy 172.24.0.2 0e06a6f5-7b9a-48c1-96a2-65b8f94e6fac -- Client for request 0e06a6f5-7b9a-48c1-96a2-65b8f94e6fac disconnected, cancelling request.
[36m(ProxyActor pid=58977)[0m INFO 2026-04-29 14:12:52,613 proxy 172.24.0.2 32df4fbf-3914-45ac-abef-bea873594bfb -- Client for request 32df4fbf-3914-45ac-abef-bea873594bfb disconnected, cancelling request.
[36m(ProxyActor pid=58977)[0m INFO 2026-04-29 14:12:52,614 proxy 172.24.0.2 9ae825ca-0651-40d2-bf26-388ab95e9ba7 -- Client for request 9ae825ca-0651-40d2-bf26-388ab95e9ba7 disconnected, cancelling request.
[36m(ProxyActor pid=58977)[0m INFO 2026-04-29 14:12:52,615 proxy 172.24.0.2 9c09f8ff-08a5-4724-b6de-5249ef49e242 -- Client for request 9c09f8ff-08a5-4724-b6de-5249ef49e242 disconnected, cancelling request.
[36m(ProxyActor pid=58977)[0m INFO 2026-04-29 14:12:52,615 proxy 172.24.0.2 c39c8ef2-ae24-4e6e-a96b-bfb3a6829f46 -- Client for request c39c8ef2-ae24-4e6e-a96b-bfb3a6829f46 disconnected, cancelling request.
[36m(ProxyActor pid=58977)[0m INFO 2026-04-29 14:12:52,618 proxy 172.24.0.2 bf87ea91-563f-4f45-b0c5-1b9997ef0709 -- Client for request bf87ea91-563f-4f45-b0c5-1b9997ef0709 disconnected, cancelling request.
[36m(ProxyActor pid=58977)[0m INFO 2026-04-29 14:12:52,619 proxy 172.24.0.2 9444b898-ff77-488c-8a3e-f03c6cf4029d -- Client for request 9444b898-ff77-488c-8a3e-f03c6cf4029d disconnected, cancelling request.
[36m(ProxyActor pid=58977)[0m INFO 2026-04-29 14:12:52,619 proxy 172.24.0.2 5e3b6899-76fa-478d-99bf-2f6066bd85ee -- Client for request 5e3b6899-76fa-478d-99bf-2f6066bd85ee disconnected, cancelling request.
[36m(ProxyActor pid=58977)[0m INFO 2026-04-29 14:12:52,620 proxy 172.24.0.2 c61a4a44-32c4-49f9-9506-f28c7a38824e -- Client for request c61a4a44-32c4-49f9-9506-f28c7a38824e disconnected, cancelling request.
[36m(ProxyActor pid=58977)[0m INFO 2026-04-29 14:12:52,621 proxy 172.24.0.2 281acd39-d9e6-481e-8b66-f78526000546 -- Client for request 281acd39-d9e6-481e-8b66-f78526000546 disconnected, cancelling request.
[36m(ProxyActor pid=58977)[0m INFO 2026-04-29 14:12:52,621 proxy 172.24.0.2 427acc2c-0d1f-4cc8-90ff-eceed5acd154 -- Client for request 427acc2c-0d1f-4cc8-90ff-eceed5acd154 disconnected, cancelling request.
[36m(ProxyActor pid=58977)[0m INFO 2026-04-29 14:12:52,621 proxy 172.24.0.2 36c349f8-344e-4215-b35f-c761cd058857 -- Client for request 36c349f8-344e-4215-b35f-c761cd058857 disconnected, cancelling request.
[36m(ProxyActor pid=58977)[0m INFO 2026-04-29 14:12:52,622 proxy 172.24.0.2 9b3129b7-219a-455d-8277-d768098da80f -- Client for request 9b3129b7-219a-455d-8277-d768098da80f disconnected, cancelling request.
[36m(ProxyActor pid=58977)[0m INFO 2026-04-29 14:12:52,622 proxy 172.24.0.2 97ed7217-1ddf-4d6e-a622-f894bd7e1479 -- Client for request 97ed7217-1ddf-4d6e-a622-f894bd7e1479 disconnected, cancelling request.
[36m(ProxyActor pid=58977)[0m INFO 2026-04-29 14:12:52,622 proxy 172.24.0.2 bf17dc1d-58c6-4ef8-bb50-f5720bfa082f -- Client for request bf17dc1d-58c6-4ef8-bb50-f5720bfa082f disconnected, cancelling request.
[36m(ProxyActor pid=58977)[0m INFO 2026-04-29 14:12:52,623 proxy 172.24.0.2 73d7c144-9841-459b-94f5-309947a70dda -- Client for request 73d7c144-9841-459b-94f5-309947a70dda disconnected, cancelling request.
[36m(ProxyActor pid=58977)[0m INFO 2026-04-29 14:12:52,624 proxy 172.24.0.2 752d1afe-94d5-455f-87d8-8a6c6341669f -- Client for request 752d1afe-94d5-455f-87d8-8a6c6341669f disconnected, cancelling request.
[36m(ProxyActor pid=58977)[0m INFO 2026-04-29 14:12:52,624 proxy 172.24.0.2 6a86f233-d74c-40c0-8c81-39f1d88ae77b -- Client for request 6a86f233-d74c-40c0-8c81-39f1d88ae77b disconnected, cancelling request.
[36m(ProxyActor pid=58977)[0m INFO 2026-04-29 14:12:52,624 proxy 172.24.0.2 137f181d-13d1-42cd-9d58-b25e33f27bcb -- Client for request 137f181d-13d1-42cd-9d58-b25e33f27bcb disconnected, cancelling request.
[36m(ProxyActor pid=58977)[0m INFO 2026-04-29 14:12:52,625 proxy 172.24.0.2 01e992b4-8bd2-438d-a645-e69cd01ccaea -- Client for request 01e992b4-8bd2-438d-a645-e69cd01ccaea disconnected, cancelling request.
[36m(ProxyActor pid=58977)[0m INFO 2026-04-29 14:12:52,625 proxy 172.24.0.2 d7eeef6d-19c1-44d0-a828-19078fb9c3c2 -- Client for request d7eeef6d-19c1-44d0-a828-19078fb9c3c2 disconnected, cancelling request.
[36m(ProxyActor pid=58977)[0m INFO 2026-04-29 14:12:52,625 proxy 172.24.0.2 71da35e0-98d6-4caa-b78c-a8dcc9b379ec -- Client for request 71da35e0-98d6-4caa-b78c-a8dcc9b379ec disconnected, cancelling request.
[36m(ProxyActor pid=58977)[0m INFO 2026-04-29 14:12:52,626 proxy 172.24.0.2 6ee240d7-6328-4e6b-b1ac-7bd2fe6f0a3c -- Client for request 6ee240d7-6328-4e6b-b1ac-7bd2fe6f0a3c disconnected, cancelling request.
[36m(ProxyActor pid=58977)[0m INFO 2026-04-29 14:12:52,627 proxy 172.24.0.2 cf00cae3-c5c4-4251-b498-40b9fbb2abba -- Client for request cf00cae3-c5c4-4251-b498-40b9fbb2abba disconnected, cancelling request.
[36m(ProxyActor pid=58977)[0m INFO 2026-04-29 14:12:52,628 proxy 172.24.0.2 4e6840ce-1eb1-46bc-9906-187f61265e05 -- Client for request 4e6840ce-1eb1-46bc-9906-187f61265e05 disconnected, cancelling request.
[36m(ProxyActor pid=58977)[0m INFO 2026-04-29 14:12:52,629 proxy 172.24.0.2 f8a010f7-cf1a-4bcf-8679-125cf56a1d36 -- Client for request f8a010f7-cf1a-4bcf-8679-125cf56a1d36 disconnected, cancelling request.
[36m(ProxyActor pid=58977)[0m INFO 2026-04-29 14:12:52,630 proxy 172.24.0.2 51c85442-e891-4f31-a28f-46d2604336bc -- Client for request 51c85442-e891-4f31-a28f-46d2604336bc disconnected, cancelling request.
[36m(ProxyActor pid=58977)[0m INFO 2026-04-29 14:12:52,630 proxy 172.24.0.2 57846b68-c8d6-43e9-935d-fb092a13cb7d -- Client for request 57846b68-c8d6-43e9-935d-fb092a13cb7d disconnected, cancelling request.
[36m(ProxyActor pid=58977)[0m INFO 2026-04-29 14:12:52,630 proxy 172.24.0.2 340e334d-fc90-48ce-968a-2c877e103af0 -- Client for request 340e334d-fc90-48ce-968a-2c877e103af0 disconnected, cancelling request.
[36m(ProxyActor pid=58977)[0m INFO 2026-04-29 14:12:52,631 proxy 172.24.0.2 690f4a47-953d-4991-925e-fd801fc252c7 -- Client for request 690f4a47-953d-4991-925e-fd801fc252c7 disconnected, cancelling request.
[36m(ProxyActor pid=58977)[0m INFO 2026-04-29 14:12:52,632 proxy 172.24.0.2 62430459-30af-472f-90d7-ec4d27f44f25 -- Client for request 62430459-30af-472f-90d7-ec4d27f44f25 disconnected, cancelling request.
[36m(ProxyActor pid=58977)[0m INFO 2026-04-29 14:12:52,632 proxy 172.24.0.2 749c1825-5c64-44f6-9454-4b347000e1a1 -- Client for request 749c1825-5c64-44f6-9454-4b347000e1a1 disconnected, cancelling request.
[36m(ProxyActor pid=58977)[0m INFO 2026-04-29 14:12:52,633 proxy 172.24.0.2 8aef294a-b93e-4057-aa38-d799029951b2 -- Client for request 8aef294a-b93e-4057-aa38-d799029951b2 disconnected, cancelling request.
[36m(ProxyActor pid=58977)[0m INFO 2026-04-29 14:12:52,633 proxy 172.24.0.2 7aa20904-0d85-4b63-9d54-5f57d168b92e -- Client for request 7aa20904-0d85-4b63-9d54-5f57d168b92e disconnected, cancelling request.
[36m(ProxyActor pid=58977)[0m INFO 2026-04-29 14:12:52,635 proxy 172.24.0.2 ffdaf50d-fb96-4b60-a4ba-3ef97a2e9b2d -- Client for request ffdaf50d-fb96-4b60-a4ba-3ef97a2e9b2d disconnected, cancelling request.
[36m(ProxyActor pid=58977)[0m INFO 2026-04-29 14:12:52,636 proxy 172.24.0.2 e5010c4e-d0c1-46ff-a96f-ede7e9468124 -- Client for request e5010c4e-d0c1-46ff-a96f-ede7e9468124 disconnected, cancelling request.
[36m(ProxyActor pid=58977)[0m INFO 2026-04-29 14:12:52,636 proxy 172.24.0.2 58ab13e3-5792-44a7-bb36-b90211c58d01 -- Client for request 58ab13e3-5792-44a7-bb36-b90211c58d01 disconnected, cancelling request.
[36m(ProxyActor pid=58977)[0m INFO 2026-04-29 14:12:52,637 proxy 172.24.0.2 89980ac0-f139-42dc-a626-45758a6b45db -- Client for request 89980ac0-f139-42dc-a626-45758a6b45db disconnected, cancelling request.
[36m(ProxyActor pid=58977)[0m INFO 2026-04-29 14:12:52,638 proxy 172.24.0.2 8987cca6-5f7e-4963-9860-819659de54d2 -- Client for request 8987cca6-5f7e-4963-9860-819659de54d2 disconnected, cancelling request.
[36m(ProxyActor pid=58977)[0m INFO 2026-04-29 14:12:52,639 proxy 172.24.0.2 724d3052-9f64-476f-a566-9a1709d6007f -- Client for request 724d3052-9f64-476f-a566-9a1709d6007f disconnected, cancelling request.
[36m(ProxyActor pid=58977)[0m INFO 2026-04-29 14:12:52,639 proxy 172.24.0.2 84ccb631-f3c5-4c93-987d-ee7fd4a00f20 -- Client for request 84ccb631-f3c5-4c93-987d-ee7fd4a00f20 disconnected, cancelling request.
[36m(ProxyActor pid=58977)[0m INFO 2026-04-29 14:12:52,639 proxy 172.24.0.2 de48a952-0b37-4ffd-9196-5eaab1504698 -- Client for request de48a952-0b37-4ffd-9196-5eaab1504698 disconnected, cancelling request.
*** SIGTERM received at time=1777471973 on cpu 112 ***
PC: @     0x74d9c4e31612  (unknown)  pause
    @     0x74d9c4d89520  1365963136  (unknown)
    @          0x1803759         48  cfunction_vectorcall_NOARGS.llvm.12799217410478811465
    @          0x181b3c0        576  _PyEval_EvalFrameDefault
    @          0x18837e8        112  PyEval_EvalCode
    @          0x18ee27b         80  run_eval_code_obj
    @          0x18ee18d         96  run_mod.llvm.10863284883542772384
    @          0x1a63d17         96  pyrun_file
    @          0x1a638c2         80  _PyRun_SimpleFileObject
    @          0x1a6449c         64  _PyRun_AnyFileObject
    @          0x1a64438        208  pymain_run_file_obj
    @          0x1a6431e         48  pymain_run_file
    @          0x199f53a        112  Py_RunMain
    @          0x199f1ee        624  pymain_main.llvm.10509498499233858764
    @          0x199f006         48  main
    @     0x74d9c4d70d90  (unknown)  (unknown)
[2026-04-29 14:12:53,226 E 57957 57957] logging.cc:474: *** SIGTERM received at time=1777471973 on cpu 112 ***
[2026-04-29 14:12:53,226 E 57957 57957] logging.cc:474: PC: @     0x74d9c4e31612  (unknown)  pause
[2026-04-29 14:12:53,228 E 57957 57957] logging.cc:474:     @     0x74d9c4d89520  1365963136  (unknown)
[2026-04-29 14:12:53,228 E 57957 57957] logging.cc:474:     @          0x1803759         48  cfunction_vectorcall_NOARGS.llvm.12799217410478811465
[2026-04-29 14:12:53,228 E 57957 57957] logging.cc:474:     @          0x181b3c0        576  _PyEval_EvalFrameDefault
[2026-04-29 14:12:53,228 E 57957 57957] logging.cc:474:     @          0x18837e8        112  PyEval_EvalCode
[2026-04-29 14:12:53,228 E 57957 57957] logging.cc:474:     @          0x18ee27b         80  run_eval_code_obj
[2026-04-29 14:12:53,228 E 57957 57957] logging.cc:474:     @          0x18ee18d         96  run_mod.llvm.10863284883542772384
[2026-04-29 14:12:53,228 E 57957 57957] logging.cc:474:     @          0x1a63d17         96  pyrun_file
[2026-04-29 14:12:53,228 E 57957 57957] logging.cc:474:     @          0x1a638c2         80  _PyRun_SimpleFileObject
[2026-04-29 14:12:53,228 E 57957 57957] logging.cc:474:     @          0x1a6449c         64  _PyRun_AnyFileObject
[2026-04-29 14:12:53,228 E 57957 57957] logging.cc:474:     @          0x1a64438        208  pymain_run_file_obj
[2026-04-29 14:12:53,228 E 57957 57957] logging.cc:474:     @          0x1a6431e         48  pymain_run_file
[2026-04-29 14:12:53,228 E 57957 57957] logging.cc:474:     @          0x199f53a        112  Py_RunMain
[2026-04-29 14:12:53,229 E 57957 57957] logging.cc:474:     @          0x199f1ee        624  pymain_main.llvm.10509498499233858764
[2026-04-29 14:12:53,229 E 57957 57957] logging.cc:474:     @          0x199f006         48  main
[2026-04-29 14:12:53,229 E 57957 57957] logging.cc:474:     @     0x74d9c4d70d90  (unknown)  (unknown)
[36m(ServeReplica:default:GLiNERGuardBatched pid=58983)[0m [GLiNER2] Attention: requested=None, actual=sdpa
[36m(ServeReplica:default:GLiNERGuardBatched pid=58983)[0m ============================================================
[36m(ServeReplica:default:GLiNERGuardBatched pid=58983)[0m Model Configuration
[36m(ServeReplica:default:GLiNERGuardBatched pid=58983)[0m ============================================================
[36m(ServeReplica:default:GLiNERGuardBatched pid=58983)[0m Encoder mode       : uni
[36m(ServeReplica:default:GLiNERGuardBatched pid=58983)[0m Text encoder       : bogdanminko/mmBERT-small
[36m(ServeReplica:default:GLiNERGuardBatched pid=58983)[0m Counting layer     : count_lstm_v2
[36m(ServeReplica:default:GLiNERGuardBatched pid=58983)[0m Token pooling      : first
[36m(ServeReplica:default:GLiNERGuardBatched pid=58983)[0m ============================================================
[36m(ServeReplica:default:GLiNERGuardBatched pid=58981)[0m INFO 2026-04-29 14:12:52,610 default_GLiNERGuardBatched 4zto1cvv b1426db6-4c37-4026-a8ee-7e29d70f8300 -- POST /predict 200 722.6ms[32m [repeated 53x across cluster][0m
[36m(ServeReplica:default:GLiNERGuardBatched pid=58983)[0m INFO 2026-04-29 14:12:52,640 default_GLiNERGuardBatched w200ta8k 84ccb631-f3c5-4c93-987d-ee7fd4a00f20 -- POST /predict CANCELLED 300.8ms[32m [repeated 58x across cluster][0m
[36m(ServeReplica:default:GLiNERGuardBatched pid=58981)[0m [GLiNER2] Attention: requested=None, actual=sdpa[32m [repeated 3x across cluster][0m
[36m(ServeReplica:default:GLiNERGuardBatched pid=58979)[0m ============================================================[32m [repeated 9x across cluster][0m
[36m(ServeReplica:default:GLiNERGuardBatched pid=58979)[0m Model Configuration[32m [repeated 3x across cluster][0m
[36m(ServeReplica:default:GLiNERGuardBatched pid=58979)[0m Encoder mode       : uni[32m [repeated 3x across cluster][0m
[36m(ServeReplica:default:GLiNERGuardBatched pid=58979)[0m Text encoder       : bogdanminko/mmBERT-small[32m [repeated 3x across cluster][0m
[36m(ServeReplica:default:GLiNERGuardBatched pid=58979)[0m Counting layer     : count_lstm_v2[32m [repeated 3x across cluster][0m
[36m(ServeReplica:default:GLiNERGuardBatched pid=58979)[0m Token pooling      : first[32m [repeated 3x across cluster][0m
