2026-04-29 12:22:42,869	WARNING utils.py:458 -- Detecting docker specified CPUs. In previous versions of Ray, CPU detection in containers was incorrect. Please ensure that Ray has enough CPUs allocated. As a temporary workaround to revert to the prior behavior, set `RAY_USE_MULTIPROCESSING_CPU_COUNT=1` as an env var before starting Ray. Set the env var: `RAY_DISABLE_DOCKER_CPU_WARNING=1` to mute this warning.
2026-04-29 12:22:42,870	WARNING utils.py:470 -- Ray currently does not support initializing Ray with fractional cpus. Your num_cpus will be truncated from 13.6 to 13.
2026-04-29 12:22:44,137	INFO worker.py:2004 -- Started a local Ray instance. View the dashboard at [1m[32mhttp://127.0.0.1:8265 [39m[22m
/root/gliner-guard-serve/ray-serve/.venv/lib/python3.13/site-packages/ray/_private/worker.py:2052: FutureWarning: Tip: In future versions of Ray, Ray will no longer override accelerator visible devices env var if num_gpus=0 or num_gpus=None (default). To enable this behavior and turn off this error message, set RAY_ACCEL_ENV_VAR_OVERRIDE_ON_ZERO=0
  warnings.warn(
[36m(ProxyActor pid=36712)[0m INFO 2026-04-29 12:22:45,492 proxy 172.24.0.2 -- Proxy starting on node 5058bb7bc381d147cd75aa17ac4e27010c985caf0d3a892b77062c31 (HTTP port: 8000).
INFO 2026-04-29 12:22:45,587 serve 35692 -- Started Serve in namespace "serve".
INFO 2026-04-29 12:22:45,595 serve 35692 -- Connecting to existing Serve app in namespace "serve". New http options will not be applied.
WARNING 2026-04-29 12:22:45,595 serve 35692 -- The new client HTTP config differs from the existing one in the following fields: ['host']. The new HTTP config is ignored.
[36m(ServeController pid=36713)[0m INFO 2026-04-29 12:22:45,606 controller 36713 -- Deploying new version of Deployment(name='GLiNERGuardBatched', app='default') (initial target replicas: 4).
[36m(ProxyActor pid=36712)[0m INFO 2026-04-29 12:22:45,583 proxy 172.24.0.2 -- Got updated endpoints: {}.
[36m(ProxyActor pid=36712)[0m INFO 2026-04-29 12:22:45,612 proxy 172.24.0.2 -- Got updated endpoints: {Deployment(name='GLiNERGuardBatched', app='default'): EndpointInfo(route='/predict', app_is_cross_language=False, route_patterns=None)}.
[36m(ProxyActor pid=36712)[0m INFO 2026-04-29 12:22:45,621 proxy 172.24.0.2 -- Started <ray.serve._private.router.SharedRouterLongPollClient object at 0x78e228335550>.
[36m(ServeController pid=36713)[0m INFO 2026-04-29 12:22:45,712 controller 36713 -- Adding 4 replicas to Deployment(name='GLiNERGuardBatched', app='default').
[36m(ServeReplica:default:GLiNERGuardBatched pid=36714)[0m Warning: You are sending unauthenticated requests to the HF Hub. Please set a HF_TOKEN to enable higher rate limits and faster downloads.
[36m(ServeReplica:default:GLiNERGuardBatched pid=36711)[0m You are using a model of type `extractor` to instantiate a model of type ``. This may be expected if you are loading a checkpoint that shares a subset of the architecture (e.g., loading a `sam2_video` checkpoint into `Sam2Model`), but is otherwise not supported and can yield errors. Please verify that the checkpoint is compatible with the model you are instantiating.
INFO 2026-04-29 12:22:58,660 serve 35692 -- Application 'default' is ready at http://0.0.0.0:8000/predict.
[36m(ServeReplica:default:GLiNERGuardBatched pid=36714)[0m INFO 2026-04-29 12:22:58,609 default_GLiNERGuardBatched 9jodpv3g c0605f3c-9604-4d5b-81ec-a69807b004e3 -- POST /predict 200 348.4ms
[36m(ServeReplica:default:GLiNERGuardBatched pid=36719)[0m Warning: You are sending unauthenticated requests to the HF Hub. Please set a HF_TOKEN to enable higher rate limits and faster downloads.[32m [repeated 3x across cluster] (Ray deduplicates logs by default. Set RAY_DEDUP_LOGS=0 to disable log deduplication, or see https://docs.ray.io/en/master/ray-observability/user-guides/configure-logging.html#log-deduplication for more options.)[0m
[36m(ServeReplica:default:GLiNERGuardBatched pid=36721)[0m You are using a model of type `extractor` to instantiate a model of type ``. This may be expected if you are loading a checkpoint that shares a subset of the architecture (e.g., loading a `sam2_video` checkpoint into `Sam2Model`), but is otherwise not supported and can yield errors. Please verify that the checkpoint is compatible with the model you are instantiating.[32m [repeated 3x across cluster][0m
[36m(ServeReplica:default:GLiNERGuardBatched pid=36714)[0m INFO 2026-04-29 12:22:58,832 default_GLiNERGuardBatched 9jodpv3g 10065ebd-4cc6-428d-8dd0-c753dc21da39 -- POST /predict 200 138.9ms
[36m(ServeReplica:default:GLiNERGuardBatched pid=36714)[0m INFO 2026-04-29 12:22:58,833 default_GLiNERGuardBatched 9jodpv3g b62934cd-3b07-453d-a88a-af683b847204 -- POST /predict 200 125.3ms
[36m(ServeReplica:default:GLiNERGuardBatched pid=36714)[0m INFO 2026-04-29 12:22:58,834 default_GLiNERGuardBatched 9jodpv3g 36c41ea1-ce7e-4853-8b90-7f4745559bf7 -- POST /predict 200 125.2ms
[36m(ServeReplica:default:GLiNERGuardBatched pid=36714)[0m INFO 2026-04-29 12:22:58,944 default_GLiNERGuardBatched 9jodpv3g 67c8d769-68c8-4723-9954-b7d3f115cffe -- POST /predict 200 209.6ms
[36m(ServeReplica:default:GLiNERGuardBatched pid=36714)[0m INFO 2026-04-29 12:22:58,945 default_GLiNERGuardBatched 9jodpv3g 09b173f3-309f-4af3-b9b7-d69710be1c79 -- POST /predict 200 202.3ms
[36m(ServeReplica:default:GLiNERGuardBatched pid=36714)[0m INFO 2026-04-29 12:22:58,945 default_GLiNERGuardBatched 9jodpv3g 0a0a5ba6-c655-4c96-a683-57d32493b9f9 -- POST /predict 200 201.4ms
[36m(ServeReplica:default:GLiNERGuardBatched pid=36714)[0m INFO 2026-04-29 12:22:58,946 default_GLiNERGuardBatched 9jodpv3g 592df923-c50e-4a25-9282-a662583b0fc5 -- POST /predict 200 200.6ms
[36m(ServeReplica:default:GLiNERGuardBatched pid=36714)[0m INFO 2026-04-29 12:22:58,947 default_GLiNERGuardBatched 9jodpv3g fd5cf5ca-3909-456a-9fbe-c2f0b5d73243 -- POST /predict 200 172.3ms
[36m(ServeReplica:default:GLiNERGuardBatched pid=36714)[0m INFO 2026-04-29 12:22:58,947 default_GLiNERGuardBatched 9jodpv3g c0a46725-f68c-443e-840d-400d2696cdfb -- POST /predict 200 167.7ms
[36m(ServeReplica:default:GLiNERGuardBatched pid=36714)[0m INFO 2026-04-29 12:22:58,948 default_GLiNERGuardBatched 9jodpv3g d84972ce-3ce1-42b0-814a-00b9a3a93f1d -- POST /predict 200 169.1ms
[36m(ServeReplica:default:GLiNERGuardBatched pid=36714)[0m INFO 2026-04-29 12:22:58,948 default_GLiNERGuardBatched 9jodpv3g 25d941c6-a775-4f37-adb9-8c73f9844598 -- POST /predict 200 167.8ms
[36m(ServeReplica:default:GLiNERGuardBatched pid=36714)[0m INFO 2026-04-29 12:22:58,949 default_GLiNERGuardBatched 9jodpv3g c6f4f630-33a4-4943-83ea-270e93ade7bd -- POST /predict 200 167.0ms
[36m(ServeReplica:default:GLiNERGuardBatched pid=36714)[0m INFO 2026-04-29 12:22:58,949 default_GLiNERGuardBatched 9jodpv3g 336064e2-a0c9-4def-af1a-044bbaef1b79 -- POST /predict 200 167.0ms
[36m(ServeReplica:default:GLiNERGuardBatched pid=36721)[0m INFO 2026-04-29 12:23:03,687 default_GLiNERGuardBatched 64wuuy1j f20f14cc-7118-4691-be09-932374446ed3 -- POST /predict 200 97.0ms[32m [repeated 72x across cluster][0m
[36m(ServeReplica:default:GLiNERGuardBatched pid=36714)[0m INFO 2026-04-29 12:23:08,799 default_GLiNERGuardBatched 9jodpv3g 1f6e1d4a-3935-4ee3-b420-c63944f3135f -- POST /predict 200 78.1ms[32m [repeated 147x across cluster][0m
[36m(ServeReplica:default:GLiNERGuardBatched pid=36719)[0m INFO 2026-04-29 12:23:13,773 default_GLiNERGuardBatched e2cjs4ah dd9ba8a6-4c6e-47a8-8040-45925cda2a52 -- POST /predict 200 169.8ms[32m [repeated 248x across cluster][0m
[36m(ServeReplica:default:GLiNERGuardBatched pid=36711)[0m INFO 2026-04-29 12:23:18,906 default_GLiNERGuardBatched p2i5g700 6a7b2db4-6723-4850-82ac-fd68ec60db2f -- POST /predict 200 107.9ms[32m [repeated 336x across cluster][0m
[36m(ServeReplica:default:GLiNERGuardBatched pid=36721)[0m INFO 2026-04-29 12:23:23,894 default_GLiNERGuardBatched 64wuuy1j 5a82d5f0-7b4c-4c36-bfee-354308a0785a -- POST /predict 200 111.7ms[32m [repeated 413x across cluster][0m
[36m(ServeReplica:default:GLiNERGuardBatched pid=36714)[0m INFO 2026-04-29 12:23:28,920 default_GLiNERGuardBatched 9jodpv3g 6b151d5d-df20-4f41-9e7c-0cb821d8bd4e -- POST /predict 200 172.6ms[32m [repeated 495x across cluster][0m
[36m(ServeReplica:default:GLiNERGuardBatched pid=36714)[0m INFO 2026-04-29 12:23:33,953 default_GLiNERGuardBatched 9jodpv3g e855fb57-e6a3-498f-80d5-89350e4a56a6 -- POST /predict 200 185.8ms[32m [repeated 539x across cluster][0m
[36m(ServeReplica:default:GLiNERGuardBatched pid=36711)[0m INFO 2026-04-29 12:23:39,112 default_GLiNERGuardBatched p2i5g700 78f85eb8-4960-4f77-8d77-6a9462ff1803 -- POST /predict 200 176.7ms[32m [repeated 562x across cluster][0m
[36m(ServeReplica:default:GLiNERGuardBatched pid=36719)[0m INFO 2026-04-29 12:23:44,070 default_GLiNERGuardBatched e2cjs4ah 22cc81cc-26ad-40f5-b207-2bf116014146 -- POST /predict 200 349.4ms[32m [repeated 564x across cluster][0m
[36m(ServeReplica:default:GLiNERGuardBatched pid=36711)[0m INFO 2026-04-29 12:23:49,143 default_GLiNERGuardBatched p2i5g700 5661aa9d-4be1-47f3-aa73-52423299d9fb -- POST /predict 200 295.1ms[32m [repeated 586x across cluster][0m
[36m(ServeReplica:default:GLiNERGuardBatched pid=36711)[0m INFO 2026-04-29 12:23:54,084 default_GLiNERGuardBatched p2i5g700 7d58f99a-2cc3-4bf5-a9e0-196adc4c7593 -- POST /predict 200 278.8ms[32m [repeated 621x across cluster][0m
[36m(ServeReplica:default:GLiNERGuardBatched pid=36714)[0m INFO 2026-04-29 12:23:59,226 default_GLiNERGuardBatched 9jodpv3g 51daf23d-4268-4224-ae4c-5df29922ecac -- POST /predict 200 355.1ms[32m [repeated 619x across cluster][0m
[36m(ServeReplica:default:GLiNERGuardBatched pid=36721)[0m INFO 2026-04-29 12:24:04,253 default_GLiNERGuardBatched 64wuuy1j 82ec89ca-8979-4ba3-b6d3-d5cb15515ca6 -- POST /predict 200 362.7ms[32m [repeated 609x across cluster][0m
[36m(ServeReplica:default:GLiNERGuardBatched pid=36711)[0m INFO 2026-04-29 12:24:09,512 default_GLiNERGuardBatched p2i5g700 8bf1646d-6bfb-4f29-a2be-a7a5d0728d7d -- POST /predict 200 342.2ms[32m [repeated 672x across cluster][0m
[36m(ServeReplica:default:GLiNERGuardBatched pid=36714)[0m INFO 2026-04-29 12:24:14,642 default_GLiNERGuardBatched 9jodpv3g c6df6294-79ed-4e77-80f2-6d930ba6273c -- POST /predict 200 338.7ms[32m [repeated 645x across cluster][0m
[36m(ServeReplica:default:GLiNERGuardBatched pid=36719)[0m INFO 2026-04-29 12:24:19,909 default_GLiNERGuardBatched e2cjs4ah d517d9d3-a90a-4796-9831-63025bf969be -- POST /predict 200 456.4ms[32m [repeated 665x across cluster][0m
[36m(ServeReplica:default:GLiNERGuardBatched pid=36719)[0m INFO 2026-04-29 12:24:24,921 default_GLiNERGuardBatched e2cjs4ah 8d7cd90f-c7dd-48f4-a8bc-c3beeac4c755 -- POST /predict 200 416.4ms[32m [repeated 613x across cluster][0m
[36m(ServeReplica:default:GLiNERGuardBatched pid=36714)[0m INFO 2026-04-29 12:24:29,948 default_GLiNERGuardBatched 9jodpv3g 1c0bc8bd-4e4d-4de8-a477-c0efd6fa3ee4 -- POST /predict 200 147.5ms[32m [repeated 716x across cluster][0m
[36m(ServeReplica:default:GLiNERGuardBatched pid=36721)[0m INFO 2026-04-29 12:24:35,026 default_GLiNERGuardBatched 64wuuy1j b1cb7629-ba74-43d9-96c7-c44e7f51e5f9 -- POST /predict 200 223.8ms[32m [repeated 700x across cluster][0m
[36m(ServeReplica:default:GLiNERGuardBatched pid=36721)[0m INFO 2026-04-29 12:24:40,020 default_GLiNERGuardBatched 64wuuy1j 9c22168e-b19f-42e5-82d2-ebc440057737 -- POST /predict 200 398.7ms[32m [repeated 716x across cluster][0m
[36m(ServeReplica:default:GLiNERGuardBatched pid=36719)[0m INFO 2026-04-29 12:24:45,308 default_GLiNERGuardBatched e2cjs4ah e303a4a6-a7f6-423b-8464-589e05c002db -- POST /predict 200 422.3ms[32m [repeated 745x across cluster][0m
[36m(ServeReplica:default:GLiNERGuardBatched pid=36711)[0m INFO 2026-04-29 12:24:50,318 default_GLiNERGuardBatched p2i5g700 3e4cd7cc-1edd-49dd-a528-7530d6c94e35 -- POST /predict 200 216.3ms[32m [repeated 713x across cluster][0m
[36m(ServeReplica:default:GLiNERGuardBatched pid=36714)[0m INFO 2026-04-29 12:24:55,425 default_GLiNERGuardBatched 9jodpv3g 221d1874-c8a6-4dd3-98e4-210a1470f761 -- POST /predict 200 375.5ms[32m [repeated 775x across cluster][0m
[36m(ServeReplica:default:GLiNERGuardBatched pid=36711)[0m INFO 2026-04-29 12:25:00,453 default_GLiNERGuardBatched p2i5g700 9601e620-a6eb-42df-9704-6767d4a5673b -- POST /predict 200 430.0ms[32m [repeated 712x across cluster][0m
[36m(ServeReplica:default:GLiNERGuardBatched pid=36711)[0m INFO 2026-04-29 12:25:05,645 default_GLiNERGuardBatched p2i5g700 855a463d-c7f4-4bd0-8d55-92311a3d096e -- POST /predict 200 337.5ms[32m [repeated 782x across cluster][0m
[36m(ServeReplica:default:GLiNERGuardBatched pid=36711)[0m INFO 2026-04-29 12:25:10,710 default_GLiNERGuardBatched p2i5g700 cdb469af-d4a2-4861-8670-184ca62169bf -- POST /predict 200 484.3ms[32m [repeated 696x across cluster][0m
[36m(ServeReplica:default:GLiNERGuardBatched pid=36721)[0m INFO 2026-04-29 12:25:15,779 default_GLiNERGuardBatched 64wuuy1j c90e28a8-b338-487c-9b65-4ed1ac149892 -- POST /predict 200 477.1ms[32m [repeated 790x across cluster][0m
[36m(ServeReplica:default:GLiNERGuardBatched pid=36719)[0m INFO 2026-04-29 12:25:20,788 default_GLiNERGuardBatched e2cjs4ah 2349a311-20a4-4e29-af51-7078dd53514f -- POST /predict 200 456.8ms[32m [repeated 658x across cluster][0m
[36m(ServeReplica:default:GLiNERGuardBatched pid=36711)[0m INFO 2026-04-29 12:25:25,931 default_GLiNERGuardBatched p2i5g700 d8972ade-7888-4029-af8f-aadddd947bb5 -- POST /predict 200 395.7ms[32m [repeated 727x across cluster][0m
[36m(ServeReplica:default:GLiNERGuardBatched pid=36711)[0m INFO 2026-04-29 12:25:31,102 default_GLiNERGuardBatched p2i5g700 b788bf45-2530-4a65-88e0-8ab34dcfd135 -- POST /predict 200 700.3ms[32m [repeated 724x across cluster][0m
[36m(ServeReplica:default:GLiNERGuardBatched pid=36719)[0m INFO 2026-04-29 12:25:36,160 default_GLiNERGuardBatched e2cjs4ah 4d49460b-ae87-4e41-9729-93a45bf0aa1d -- POST /predict 200 172.0ms[32m [repeated 746x across cluster][0m
[36m(ServeReplica:default:GLiNERGuardBatched pid=36719)[0m INFO 2026-04-29 12:25:41,176 default_GLiNERGuardBatched e2cjs4ah f9aa9168-1ba8-444a-93d9-b9963b82b0fe -- POST /predict 200 517.9ms[32m [repeated 688x across cluster][0m
[36m(ServeReplica:default:GLiNERGuardBatched pid=36711)[0m INFO 2026-04-29 12:25:46,518 default_GLiNERGuardBatched p2i5g700 273335a4-f0dd-4542-8e8a-bf85b00029c6 -- POST /predict 200 587.9ms[32m [repeated 679x across cluster][0m
[36m(ServeReplica:default:GLiNERGuardBatched pid=36719)[0m INFO 2026-04-29 12:25:51,928 default_GLiNERGuardBatched e2cjs4ah 91eca272-486d-4c36-a45d-cf5b367e7936 -- POST /predict 200 791.5ms[32m [repeated 738x across cluster][0m
[36m(ServeReplica:default:GLiNERGuardBatched pid=36719)[0m INFO 2026-04-29 12:25:56,862 default_GLiNERGuardBatched e2cjs4ah 3644778f-5b2a-4fc5-9477-6377af45fd8f -- POST /predict 200 418.2ms[32m [repeated 774x across cluster][0m
[36m(ServeReplica:default:GLiNERGuardBatched pid=36711)[0m INFO 2026-04-29 12:26:02,303 default_GLiNERGuardBatched p2i5g700 ed95b7d2-433e-4501-b6ce-bf9f4fb12597 -- POST /predict 200 625.6ms[32m [repeated 709x across cluster][0m
[36m(ServeReplica:default:GLiNERGuardBatched pid=36711)[0m INFO 2026-04-29 12:26:07,446 default_GLiNERGuardBatched p2i5g700 c7652502-3a30-461b-bb83-96eb1057f51e -- POST /predict 200 651.9ms[32m [repeated 757x across cluster][0m
[36m(ServeReplica:default:GLiNERGuardBatched pid=36711)[0m INFO 2026-04-29 12:26:12,581 default_GLiNERGuardBatched p2i5g700 7d50b09c-048d-49ba-97a3-4505795683a4 -- POST /predict 200 566.7ms[32m [repeated 727x across cluster][0m
[36m(ServeReplica:default:GLiNERGuardBatched pid=36721)[0m INFO 2026-04-29 12:26:17,614 default_GLiNERGuardBatched 64wuuy1j e5f054d2-ed9d-4c36-a0cb-f92cc36e87c3 -- POST /predict 200 431.3ms[32m [repeated 771x across cluster][0m
[36m(ServeReplica:default:GLiNERGuardBatched pid=36719)[0m INFO 2026-04-29 12:26:22,622 default_GLiNERGuardBatched e2cjs4ah c964ed77-4b38-44a6-9cb1-294b63db9231 -- POST /predict 200 239.6ms[32m [repeated 717x across cluster][0m
[36m(ServeReplica:default:GLiNERGuardBatched pid=36714)[0m INFO 2026-04-29 12:26:27,760 default_GLiNERGuardBatched 9jodpv3g 6c7c28ae-82d0-4957-b179-e6d198a9f387 -- POST /predict 200 284.3ms[32m [repeated 723x across cluster][0m
[36m(ServeReplica:default:GLiNERGuardBatched pid=36711)[0m INFO 2026-04-29 12:26:32,942 default_GLiNERGuardBatched p2i5g700 5c671ea6-e525-4dce-80f0-9778034097f8 -- POST /predict 200 321.6ms[32m [repeated 760x across cluster][0m
[36m(ServeReplica:default:GLiNERGuardBatched pid=36714)[0m INFO 2026-04-29 12:26:38,098 default_GLiNERGuardBatched 9jodpv3g 2926bedc-cdd8-42ea-873b-8d8301ec5830 -- POST /predict 200 588.7ms[32m [repeated 712x across cluster][0m
[36m(ServeReplica:default:GLiNERGuardBatched pid=36714)[0m INFO 2026-04-29 12:26:43,155 default_GLiNERGuardBatched 9jodpv3g 9f8dbec0-992e-4367-820e-f8b184361e1b -- POST /predict 200 655.7ms[32m [repeated 776x across cluster][0m
[36m(ServeReplica:default:GLiNERGuardBatched pid=36711)[0m INFO 2026-04-29 12:26:48,168 default_GLiNERGuardBatched p2i5g700 44cb7f3b-49bc-4942-a6fb-81b69304dadc -- POST /predict 200 403.8ms[32m [repeated 702x across cluster][0m
[36m(ServeReplica:default:GLiNERGuardBatched pid=36719)[0m INFO 2026-04-29 12:26:53,333 default_GLiNERGuardBatched e2cjs4ah 40f4abee-344d-4c96-92db-c34e9393e367 -- POST /predict 200 597.4ms[32m [repeated 741x across cluster][0m
[36m(ServeReplica:default:GLiNERGuardBatched pid=36719)[0m INFO 2026-04-29 12:26:58,437 default_GLiNERGuardBatched e2cjs4ah 9369b113-391e-4571-b5a6-163f45102628 -- POST /predict 200 147.7ms[32m [repeated 747x across cluster][0m
[36m(ServeReplica:default:GLiNERGuardBatched pid=36714)[0m INFO 2026-04-29 12:27:03,607 default_GLiNERGuardBatched 9jodpv3g d0bd2a37-9fab-4c63-9933-3daba973ae38 -- POST /predict 200 365.4ms[32m [repeated 743x across cluster][0m
[36m(ServeReplica:default:GLiNERGuardBatched pid=36719)[0m INFO 2026-04-29 12:27:08,551 default_GLiNERGuardBatched e2cjs4ah bf2a6de7-2f5b-44e3-b07a-3f2c568728ab -- POST /predict 200 506.0ms[32m [repeated 740x across cluster][0m
[36m(ServeReplica:default:GLiNERGuardBatched pid=36711)[0m INFO 2026-04-29 12:27:13,689 default_GLiNERGuardBatched p2i5g700 9971ef05-dbde-42ea-a075-8112eda8c71f -- POST /predict 200 402.7ms[32m [repeated 686x across cluster][0m
[36m(ServeReplica:default:GLiNERGuardBatched pid=36714)[0m INFO 2026-04-29 12:27:18,792 default_GLiNERGuardBatched 9jodpv3g 568a2a14-9ccd-43f8-82de-9914cdb86dd6 -- POST /predict 200 691.1ms[32m [repeated 791x across cluster][0m
[36m(ServeReplica:default:GLiNERGuardBatched pid=36714)[0m INFO 2026-04-29 12:27:24,003 default_GLiNERGuardBatched 9jodpv3g 3f5b5260-4bd3-4b00-9e4d-d95c21946e45 -- POST /predict 200 502.5ms[32m [repeated 728x across cluster][0m
[36m(ServeReplica:default:GLiNERGuardBatched pid=36711)[0m INFO 2026-04-29 12:27:29,103 default_GLiNERGuardBatched p2i5g700 2dae614d-ca7e-408e-bb6b-73eea82961a9 -- POST /predict 200 333.1ms[32m [repeated 747x across cluster][0m
[36m(ServeReplica:default:GLiNERGuardBatched pid=36719)[0m INFO 2026-04-29 12:27:34,170 default_GLiNERGuardBatched e2cjs4ah e5939b37-3834-4cfc-bfc7-b3edde80740f -- POST /predict 200 496.0ms[32m [repeated 749x across cluster][0m
[36m(ServeReplica:default:GLiNERGuardBatched pid=36721)[0m INFO 2026-04-29 12:27:39,169 default_GLiNERGuardBatched 64wuuy1j 43289721-50fc-4867-ad2c-b1b5de65c61a -- POST /predict 200 694.1ms[32m [repeated 706x across cluster][0m
[36m(ServeReplica:default:GLiNERGuardBatched pid=36719)[0m INFO 2026-04-29 12:27:44,100 default_GLiNERGuardBatched e2cjs4ah ddf7cb62-661e-4c63-8ffb-11a1052d9978 -- POST /predict 200 319.1ms[32m [repeated 761x across cluster][0m
[36m(ServeReplica:default:GLiNERGuardBatched pid=36711)[0m INFO 2026-04-29 12:27:49,380 default_GLiNERGuardBatched p2i5g700 9856c85a-d2fe-479c-9cb5-fb97f60846b2 -- POST /predict 200 649.6ms[32m [repeated 692x across cluster][0m
[36m(ServeReplica:default:GLiNERGuardBatched pid=36711)[0m INFO 2026-04-29 12:27:54,462 default_GLiNERGuardBatched p2i5g700 1f19da88-b800-4b7b-be90-4835c645733e -- POST /predict 200 666.3ms[32m [repeated 745x across cluster][0m
[36m(ServeReplica:default:GLiNERGuardBatched pid=36711)[0m INFO 2026-04-29 12:27:59,488 default_GLiNERGuardBatched p2i5g700 7587d310-18b0-4b1b-8ff4-0b5b6c953007 -- POST /predict 200 512.6ms[32m [repeated 772x across cluster][0m
[36m(ServeReplica:default:GLiNERGuardBatched pid=36711)[0m INFO 2026-04-29 12:28:04,607 default_GLiNERGuardBatched p2i5g700 974bebae-de34-464c-8268-ea416e83b958 -- POST /predict 200 377.9ms[32m [repeated 728x across cluster][0m
[36m(ServeReplica:default:GLiNERGuardBatched pid=36714)[0m INFO 2026-04-29 12:28:09,594 default_GLiNERGuardBatched 9jodpv3g a6708a8b-d970-46b5-8d47-97c172888982 -- POST /predict 200 186.8ms[32m [repeated 688x across cluster][0m
[36m(ServeReplica:default:GLiNERGuardBatched pid=36714)[0m INFO 2026-04-29 12:28:14,652 default_GLiNERGuardBatched 9jodpv3g 170961b1-4a30-4e88-b651-f7537a58c836 -- POST /predict 200 647.1ms[32m [repeated 704x across cluster][0m
[36m(ServeReplica:default:GLiNERGuardBatched pid=36711)[0m INFO 2026-04-29 12:28:19,914 default_GLiNERGuardBatched p2i5g700 590d4359-4ab2-4259-8858-6be4443c102e -- POST /predict 200 638.2ms[32m [repeated 689x across cluster][0m
[36m(ServeReplica:default:GLiNERGuardBatched pid=36711)[0m INFO 2026-04-29 12:28:25,112 default_GLiNERGuardBatched p2i5g700 07ed7346-2bec-4c5e-b3a2-cfd629f1a76d -- POST /predict 200 482.2ms[32m [repeated 757x across cluster][0m
[36m(ServeReplica:default:GLiNERGuardBatched pid=36711)[0m INFO 2026-04-29 12:28:30,087 default_GLiNERGuardBatched p2i5g700 13229335-5e82-4514-a2bd-710f90ce751f -- POST /predict 200 645.5ms[32m [repeated 742x across cluster][0m
[36m(ServeReplica:default:GLiNERGuardBatched pid=36711)[0m INFO 2026-04-29 12:28:35,300 default_GLiNERGuardBatched p2i5g700 ae730195-a1b7-44a2-a59c-eed39c7f6332 -- POST /predict 200 344.1ms[32m [repeated 753x across cluster][0m
[36m(ServeReplica:default:GLiNERGuardBatched pid=36711)[0m INFO 2026-04-29 12:28:40,347 default_GLiNERGuardBatched p2i5g700 a3bfe203-8bcb-485d-b503-c188c635d46b -- POST /predict 200 335.1ms[32m [repeated 779x across cluster][0m
[36m(ServeReplica:default:GLiNERGuardBatched pid=36719)[0m INFO 2026-04-29 12:28:45,454 default_GLiNERGuardBatched e2cjs4ah 79b476f0-1e1a-45f8-9e98-f041a7721dfd -- POST /predict 200 387.0ms[32m [repeated 732x across cluster][0m
[36m(ServeReplica:default:GLiNERGuardBatched pid=36721)[0m INFO 2026-04-29 12:28:50,542 default_GLiNERGuardBatched 64wuuy1j a9b459cd-4fb5-4365-9972-3d70a4ccc55b -- POST /predict 200 387.7ms[32m [repeated 665x across cluster][0m
[36m(ServeReplica:default:GLiNERGuardBatched pid=36711)[0m INFO 2026-04-29 12:28:55,708 default_GLiNERGuardBatched p2i5g700 09f93615-b9ae-4ba5-b5b2-ecf6c4331f9d -- POST /predict 200 575.0ms[32m [repeated 679x across cluster][0m
[36m(ServeReplica:default:GLiNERGuardBatched pid=36721)[0m INFO 2026-04-29 12:29:00,868 default_GLiNERGuardBatched 64wuuy1j 881f64cc-1a2e-4255-9ba3-30d53994c5aa -- POST /predict 200 262.2ms[32m [repeated 742x across cluster][0m
[36m(ServeReplica:default:GLiNERGuardBatched pid=36719)[0m INFO 2026-04-29 12:29:06,001 default_GLiNERGuardBatched e2cjs4ah 1ad69f78-0a1e-4b26-9ac8-ac10dbc8b1d7 -- POST /predict 200 120.2ms[32m [repeated 721x across cluster][0m
[36m(ServeReplica:default:GLiNERGuardBatched pid=36721)[0m INFO 2026-04-29 12:29:11,080 default_GLiNERGuardBatched 64wuuy1j 30bcb2e6-9c78-47ad-9153-e29bfccc010c -- POST /predict 200 365.4ms[32m [repeated 792x across cluster][0m
[36m(ServeReplica:default:GLiNERGuardBatched pid=36711)[0m INFO 2026-04-29 12:29:16,240 default_GLiNERGuardBatched p2i5g700 d383a5a5-3561-4a5f-be05-9d34a9586446 -- POST /predict 200 528.2ms[32m [repeated 718x across cluster][0m
[36m(ServeReplica:default:GLiNERGuardBatched pid=36711)[0m INFO 2026-04-29 12:29:21,383 default_GLiNERGuardBatched p2i5g700 a3325eca-90c5-4641-93c8-55af730bd0f2 -- POST /predict 200 348.0ms[32m [repeated 780x across cluster][0m
[36m(ServeReplica:default:GLiNERGuardBatched pid=36711)[0m INFO 2026-04-29 12:29:26,552 default_GLiNERGuardBatched p2i5g700 a98c8300-094f-4067-86e2-1a1611fcbcc7 -- POST /predict 200 509.9ms[32m [repeated 793x across cluster][0m
[36m(ServeReplica:default:GLiNERGuardBatched pid=36719)[0m INFO 2026-04-29 12:29:31,617 default_GLiNERGuardBatched e2cjs4ah 349c7e12-c761-4e36-a5b5-7c9277b1619b -- POST /predict 200 541.1ms[32m [repeated 767x across cluster][0m
[36m(ServeReplica:default:GLiNERGuardBatched pid=36711)[0m INFO 2026-04-29 12:29:36,867 default_GLiNERGuardBatched p2i5g700 f1ebeb7f-8aa5-4240-bec6-9d527dc1ad9d -- POST /predict 200 445.8ms[32m [repeated 686x across cluster][0m
[36m(ServeReplica:default:GLiNERGuardBatched pid=36721)[0m INFO 2026-04-29 12:29:41,877 default_GLiNERGuardBatched 64wuuy1j 45e29ad3-74ee-43b7-a039-cbfdec554552 -- POST /predict 200 539.3ms[32m [repeated 753x across cluster][0m
[36m(ServeReplica:default:GLiNERGuardBatched pid=36711)[0m INFO 2026-04-29 12:29:47,026 default_GLiNERGuardBatched p2i5g700 47618a6e-a02d-435e-81cf-1e1262a49248 -- POST /predict 200 140.1ms[32m [repeated 674x across cluster][0m
[36m(ServeReplica:default:GLiNERGuardBatched pid=36711)[0m INFO 2026-04-29 12:29:52,068 default_GLiNERGuardBatched p2i5g700 79ff8120-3b83-4a2b-8054-95bfe2ceb61a -- POST /predict 200 559.7ms[32m [repeated 742x across cluster][0m
[36m(ServeReplica:default:GLiNERGuardBatched pid=36711)[0m INFO 2026-04-29 12:29:57,278 default_GLiNERGuardBatched p2i5g700 5d6e2fad-6bcc-4913-84ca-a1ad15d6a837 -- POST /predict 200 348.7ms[32m [repeated 720x across cluster][0m
[36m(ServeReplica:default:GLiNERGuardBatched pid=36714)[0m INFO 2026-04-29 12:30:02,483 default_GLiNERGuardBatched 9jodpv3g 3801464e-969d-483c-a80a-3d79bf06c781 -- POST /predict 200 883.0ms[32m [repeated 740x across cluster][0m
[36m(ServeReplica:default:GLiNERGuardBatched pid=36711)[0m INFO 2026-04-29 12:30:07,568 default_GLiNERGuardBatched p2i5g700 7dbf686b-0ac0-45d5-aad0-927690b0b685 -- POST /predict 200 334.8ms[32m [repeated 696x across cluster][0m
[36m(ServeReplica:default:GLiNERGuardBatched pid=36714)[0m INFO 2026-04-29 12:30:12,743 default_GLiNERGuardBatched 9jodpv3g 650704c2-98b7-4b93-9feb-e41a75be2733 -- POST /predict 200 429.8ms[32m [repeated 784x across cluster][0m
[36m(ServeReplica:default:GLiNERGuardBatched pid=36711)[0m INFO 2026-04-29 12:30:17,809 default_GLiNERGuardBatched p2i5g700 d06df0f5-f348-4039-bb00-8e210e246b5b -- POST /predict 200 616.0ms[32m [repeated 748x across cluster][0m
[36m(ServeReplica:default:GLiNERGuardBatched pid=36714)[0m INFO 2026-04-29 12:30:22,938 default_GLiNERGuardBatched 9jodpv3g 178ba978-87a8-40a4-98d6-41d9f75d42fc -- POST /predict 200 449.0ms[32m [repeated 767x across cluster][0m
[36m(ServeReplica:default:GLiNERGuardBatched pid=36721)[0m INFO 2026-04-29 12:30:28,014 default_GLiNERGuardBatched 64wuuy1j 731a923e-54a2-4f4a-8ca5-c010597f0b7b -- POST /predict 200 693.3ms[32m [repeated 701x across cluster][0m
[36m(ServeReplica:default:GLiNERGuardBatched pid=36719)[0m INFO 2026-04-29 12:30:33,104 default_GLiNERGuardBatched e2cjs4ah 96a771f4-e07b-4dc7-a164-9d8fe0b810f6 -- POST /predict 200 242.3ms[32m [repeated 656x across cluster][0m
[36m(ServeReplica:default:GLiNERGuardBatched pid=36719)[0m INFO 2026-04-29 12:30:38,191 default_GLiNERGuardBatched e2cjs4ah 462eaecb-8183-48a0-a537-13f8ce29990c -- POST /predict 200 485.2ms[32m [repeated 676x across cluster][0m
[36m(ServeReplica:default:GLiNERGuardBatched pid=36711)[0m INFO 2026-04-29 12:30:43,283 default_GLiNERGuardBatched p2i5g700 b96102f4-69f3-4f0f-9fa0-5b81d52543ef -- POST /predict 200 378.0ms[32m [repeated 740x across cluster][0m
[36m(ServeReplica:default:GLiNERGuardBatched pid=36714)[0m INFO 2026-04-29 12:30:48,347 default_GLiNERGuardBatched 9jodpv3g c41f54d7-d354-43aa-9f69-a25f384a7d22 -- POST /predict 200 508.9ms[32m [repeated 722x across cluster][0m
[36m(ServeReplica:default:GLiNERGuardBatched pid=36714)[0m INFO 2026-04-29 12:30:53,447 default_GLiNERGuardBatched 9jodpv3g bd05c11d-463d-443e-ab0a-5da84344ed2a -- POST /predict 200 542.6ms[32m [repeated 689x across cluster][0m
[36m(ServeReplica:default:GLiNERGuardBatched pid=36711)[0m INFO 2026-04-29 12:30:58,615 default_GLiNERGuardBatched p2i5g700 e07b2dbf-037b-49e8-83ef-f934b7ab4d97 -- POST /predict 200 513.3ms[32m [repeated 681x across cluster][0m
[36m(ServeReplica:default:GLiNERGuardBatched pid=36711)[0m INFO 2026-04-29 12:31:03,689 default_GLiNERGuardBatched p2i5g700 4f784f92-42d7-4393-bcb3-c6a1ad28d5ba -- POST /predict 200 359.9ms[32m [repeated 771x across cluster][0m
[36m(ServeReplica:default:GLiNERGuardBatched pid=36714)[0m INFO 2026-04-29 12:31:08,788 default_GLiNERGuardBatched 9jodpv3g 997a3f5a-a960-49ef-81fe-a7bc26bf87cc -- POST /predict 200 279.6ms[32m [repeated 713x across cluster][0m
[36m(ServeReplica:default:GLiNERGuardBatched pid=36711)[0m INFO 2026-04-29 12:31:13,939 default_GLiNERGuardBatched p2i5g700 a9ac8665-2d9b-4524-8d52-c539d5011e64 -- POST /predict 200 278.6ms[32m [repeated 748x across cluster][0m
[36m(ServeReplica:default:GLiNERGuardBatched pid=36719)[0m INFO 2026-04-29 12:31:19,030 default_GLiNERGuardBatched e2cjs4ah 4189ea98-004a-4b1c-afe0-e61903099bea -- POST /predict 200 399.4ms[32m [repeated 821x across cluster][0m
[36m(ServeReplica:default:GLiNERGuardBatched pid=36714)[0m INFO 2026-04-29 12:31:24,158 default_GLiNERGuardBatched 9jodpv3g 9d70bcbb-d50b-49e7-b91b-f9d64096e6ee -- POST /predict 200 343.5ms[32m [repeated 739x across cluster][0m
[36m(ServeReplica:default:GLiNERGuardBatched pid=36721)[0m INFO 2026-04-29 12:31:29,250 default_GLiNERGuardBatched 64wuuy1j 0ea7edec-0879-4358-ad3b-8c3362927279 -- POST /predict 200 438.3ms[32m [repeated 701x across cluster][0m
[36m(ServeReplica:default:GLiNERGuardBatched pid=36714)[0m INFO 2026-04-29 12:31:34,618 default_GLiNERGuardBatched 9jodpv3g f41a1f0e-97ba-4e3e-811e-280811ae3658 -- POST /predict 200 470.5ms[32m [repeated 789x across cluster][0m
[36m(ServeReplica:default:GLiNERGuardBatched pid=36711)[0m INFO 2026-04-29 12:31:39,622 default_GLiNERGuardBatched p2i5g700 6fbfb7f2-50c7-49a1-b280-a75b665c2387 -- POST /predict 200 378.9ms[32m [repeated 783x across cluster][0m
[36m(ServeReplica:default:GLiNERGuardBatched pid=36711)[0m INFO 2026-04-29 12:31:44,706 default_GLiNERGuardBatched p2i5g700 e402cdc2-f04e-4a03-874d-5ebb4e34db9e -- POST /predict 200 918.2ms[32m [repeated 723x across cluster][0m
[36m(ServeReplica:default:GLiNERGuardBatched pid=36714)[0m INFO 2026-04-29 12:31:49,954 default_GLiNERGuardBatched 9jodpv3g 21088dae-877b-4a87-8988-830c48e27474 -- POST /predict 200 293.4ms[32m [repeated 684x across cluster][0m
[36m(ServeReplica:default:GLiNERGuardBatched pid=36711)[0m INFO 2026-04-29 12:31:55,049 default_GLiNERGuardBatched p2i5g700 4538aea1-c560-445b-8244-21b00913b7e5 -- POST /predict 200 633.0ms[32m [repeated 671x across cluster][0m
[36m(ServeReplica:default:GLiNERGuardBatched pid=36714)[0m INFO 2026-04-29 12:32:00,158 default_GLiNERGuardBatched 9jodpv3g b2aeca0a-7e58-48e4-88f3-53aba42329d8 -- POST /predict 200 451.9ms[32m [repeated 650x across cluster][0m
[36m(ServeReplica:default:GLiNERGuardBatched pid=36711)[0m INFO 2026-04-29 12:32:05,194 default_GLiNERGuardBatched p2i5g700 b7b23a5d-3eee-499d-a58a-facc8f9c6a3d -- POST /predict 200 373.1ms[32m [repeated 707x across cluster][0m
[36m(ServeReplica:default:GLiNERGuardBatched pid=36711)[0m INFO 2026-04-29 12:32:10,213 default_GLiNERGuardBatched p2i5g700 af32752a-7793-4196-ab6a-41635797b277 -- POST /predict 200 308.0ms[32m [repeated 644x across cluster][0m
[36m(ServeReplica:default:GLiNERGuardBatched pid=36719)[0m INFO 2026-04-29 12:32:15,244 default_GLiNERGuardBatched e2cjs4ah 05eca4d5-5270-4c04-927f-d018bbd743d7 -- POST /predict 200 454.1ms[32m [repeated 674x across cluster][0m
[36m(ServeReplica:default:GLiNERGuardBatched pid=36711)[0m INFO 2026-04-29 12:32:20,387 default_GLiNERGuardBatched p2i5g700 02e0a56b-490e-4a19-b405-eee9c5000f20 -- POST /predict 200 119.7ms[32m [repeated 719x across cluster][0m
[36m(ServeReplica:default:GLiNERGuardBatched pid=36719)[0m INFO 2026-04-29 12:32:25,640 default_GLiNERGuardBatched e2cjs4ah 214ee451-869a-449a-b4e1-2e88214e9460 -- POST /predict 200 507.0ms[32m [repeated 777x across cluster][0m
[36m(ServeReplica:default:GLiNERGuardBatched pid=36714)[0m INFO 2026-04-29 12:32:30,698 default_GLiNERGuardBatched 9jodpv3g 97e2263e-18f2-45ad-b282-b2fca53c1a65 -- POST /predict 200 455.9ms[32m [repeated 736x across cluster][0m
[36m(ServeReplica:default:GLiNERGuardBatched pid=36711)[0m INFO 2026-04-29 12:32:35,813 default_GLiNERGuardBatched p2i5g700 4cc79e99-22cd-432b-ade5-0687edbfc4a6 -- POST /predict 200 653.7ms[32m [repeated 649x across cluster][0m
[36m(ServeReplica:default:GLiNERGuardBatched pid=36714)[0m INFO 2026-04-29 12:32:40,921 default_GLiNERGuardBatched 9jodpv3g feb3b66d-db38-48e9-9c85-86454ed230e3 -- POST /predict 200 435.1ms[32m [repeated 699x across cluster][0m
[36m(ServeReplica:default:GLiNERGuardBatched pid=36714)[0m INFO 2026-04-29 12:32:45,917 default_GLiNERGuardBatched 9jodpv3g 4400b5de-b104-4a70-92ab-f0ece2e9e9be -- POST /predict 200 452.4ms[32m [repeated 709x across cluster][0m
[36m(ServeReplica:default:GLiNERGuardBatched pid=36711)[0m INFO 2026-04-29 12:32:51,058 default_GLiNERGuardBatched p2i5g700 eda37cbe-58c9-4b78-9f59-1977be0e3aab -- POST /predict 200 591.3ms[32m [repeated 755x across cluster][0m
[36m(ServeReplica:default:GLiNERGuardBatched pid=36711)[0m INFO 2026-04-29 12:32:56,308 default_GLiNERGuardBatched p2i5g700 22eedd3d-1090-4a83-8024-7e50c92cbac1 -- POST /predict 200 533.2ms[32m [repeated 706x across cluster][0m
[36m(ServeReplica:default:GLiNERGuardBatched pid=36711)[0m INFO 2026-04-29 12:33:01,435 default_GLiNERGuardBatched p2i5g700 3866b929-e98f-426e-9111-127799e136f4 -- POST /predict 200 304.7ms[32m [repeated 678x across cluster][0m
[36m(ServeReplica:default:GLiNERGuardBatched pid=36721)[0m INFO 2026-04-29 12:33:06,551 default_GLiNERGuardBatched 64wuuy1j 9a11409d-e318-401d-8dc7-3073cbc9ee9f -- POST /predict 200 478.7ms[32m [repeated 708x across cluster][0m
[36m(ServeReplica:default:GLiNERGuardBatched pid=36719)[0m INFO 2026-04-29 12:33:11,814 default_GLiNERGuardBatched e2cjs4ah ad57eea3-835c-4407-9219-94cabbe2817c -- POST /predict 200 374.3ms[32m [repeated 692x across cluster][0m
[36m(ServeReplica:default:GLiNERGuardBatched pid=36711)[0m INFO 2026-04-29 12:33:17,105 default_GLiNERGuardBatched p2i5g700 0ca8cfae-60dd-4f28-a34d-12f14b5bd30d -- POST /predict 200 472.7ms[32m [repeated 787x across cluster][0m
[36m(ServeReplica:default:GLiNERGuardBatched pid=36711)[0m INFO 2026-04-29 12:33:22,196 default_GLiNERGuardBatched p2i5g700 4bf6fdd0-fc3f-41cc-87c8-e7cd4901ffb9 -- POST /predict 200 283.0ms[32m [repeated 746x across cluster][0m
[36m(ServeReplica:default:GLiNERGuardBatched pid=36714)[0m INFO 2026-04-29 12:33:27,440 default_GLiNERGuardBatched 9jodpv3g 5449f460-25f6-4c2d-b22d-93b78d792f25 -- POST /predict 200 668.7ms[32m [repeated 746x across cluster][0m
[36m(ServeReplica:default:GLiNERGuardBatched pid=36714)[0m INFO 2026-04-29 12:33:32,378 default_GLiNERGuardBatched 9jodpv3g 1bb091d1-4b74-4977-996b-2ba37ba1ac93 -- POST /predict 200 237.5ms[32m [repeated 706x across cluster][0m
[36m(ServeReplica:default:GLiNERGuardBatched pid=36711)[0m INFO 2026-04-29 12:33:37,787 default_GLiNERGuardBatched p2i5g700 696d41ea-d3af-4567-b307-23cd133caf67 -- POST /predict 200 651.2ms[32m [repeated 776x across cluster][0m
[36m(ServeReplica:default:GLiNERGuardBatched pid=36711)[0m INFO 2026-04-29 12:33:42,863 default_GLiNERGuardBatched p2i5g700 85b9365b-6868-4b1e-b60b-56f90dc7ea79 -- POST /predict 200 345.9ms[32m [repeated 697x across cluster][0m
[36m(ServeReplica:default:GLiNERGuardBatched pid=36714)[0m INFO 2026-04-29 12:33:47,991 default_GLiNERGuardBatched 9jodpv3g 3feb353b-f624-4902-a1a0-7c178bdc56cd -- POST /predict 200 467.1ms[32m [repeated 726x across cluster][0m
[36m(ServeReplica:default:GLiNERGuardBatched pid=36721)[0m INFO 2026-04-29 12:33:53,261 default_GLiNERGuardBatched 64wuuy1j b6a90b5c-d6a7-46f6-b857-3d111f32916b -- POST /predict 200 512.7ms[32m [repeated 770x across cluster][0m
[36m(ServeReplica:default:GLiNERGuardBatched pid=36711)[0m INFO 2026-04-29 12:33:58,280 default_GLiNERGuardBatched p2i5g700 b79611f5-a93b-4d90-ac9d-1187ca1b214f -- POST /predict 200 196.0ms[32m [repeated 704x across cluster][0m
[36m(ServeReplica:default:GLiNERGuardBatched pid=36711)[0m INFO 2026-04-29 12:34:03,463 default_GLiNERGuardBatched p2i5g700 06812dee-0067-487b-ad36-3a88f4933a07 -- POST /predict 200 688.1ms[32m [repeated 734x across cluster][0m
[36m(ServeReplica:default:GLiNERGuardBatched pid=36711)[0m INFO 2026-04-29 12:34:08,715 default_GLiNERGuardBatched p2i5g700 d7a8a372-210c-45c1-b7ad-abf6c12ffb6f -- POST /predict 200 675.9ms[32m [repeated 717x across cluster][0m
[36m(ServeReplica:default:GLiNERGuardBatched pid=36714)[0m INFO 2026-04-29 12:34:13,804 default_GLiNERGuardBatched 9jodpv3g 579ee5a6-639e-449e-b0b0-07c6b3271276 -- POST /predict 200 675.0ms[32m [repeated 794x across cluster][0m
[36m(ServeReplica:default:GLiNERGuardBatched pid=36714)[0m INFO 2026-04-29 12:34:18,868 default_GLiNERGuardBatched 9jodpv3g 70c61d9c-74ae-43f6-99ca-6610e083c9d1 -- POST /predict 200 365.0ms[32m [repeated 730x across cluster][0m
[36m(ServeReplica:default:GLiNERGuardBatched pid=36714)[0m INFO 2026-04-29 12:34:23,875 default_GLiNERGuardBatched 9jodpv3g 11173b85-f520-4829-ab21-f8eaf5778cd2 -- POST /predict 200 327.2ms[32m [repeated 737x across cluster][0m
[36m(ServeReplica:default:GLiNERGuardBatched pid=36719)[0m INFO 2026-04-29 12:34:28,916 default_GLiNERGuardBatched e2cjs4ah 705c40ff-e3a0-40f7-8889-fc7c2fc2e091 -- POST /predict 200 419.9ms[32m [repeated 775x across cluster][0m
[36m(ServeReplica:default:GLiNERGuardBatched pid=36711)[0m INFO 2026-04-29 12:34:34,074 default_GLiNERGuardBatched p2i5g700 a11ca5d7-415f-43f9-8af3-b6fa6f542b41 -- POST /predict 200 425.3ms[32m [repeated 716x across cluster][0m
[36m(ServeReplica:default:GLiNERGuardBatched pid=36714)[0m INFO 2026-04-29 12:34:39,091 default_GLiNERGuardBatched 9jodpv3g f51e3b0a-462c-4721-abed-7e11436abb0a -- POST /predict 200 329.4ms[32m [repeated 780x across cluster][0m
[36m(ServeReplica:default:GLiNERGuardBatched pid=36711)[0m INFO 2026-04-29 12:34:44,344 default_GLiNERGuardBatched p2i5g700 48003458-7431-42cc-905d-aef70ff0dd25 -- POST /predict 200 799.4ms[32m [repeated 683x across cluster][0m
[36m(ServeReplica:default:GLiNERGuardBatched pid=36714)[0m INFO 2026-04-29 12:34:49,508 default_GLiNERGuardBatched 9jodpv3g 526eca2b-398f-4cf7-9466-130bc7aa8a24 -- POST /predict 200 312.6ms[32m [repeated 798x across cluster][0m
[36m(ServeReplica:default:GLiNERGuardBatched pid=36721)[0m INFO 2026-04-29 12:34:54,618 default_GLiNERGuardBatched 64wuuy1j 6d21304e-c70b-4b66-8e64-713e855508b0 -- POST /predict 200 506.3ms[32m [repeated 786x across cluster][0m
[36m(ServeReplica:default:GLiNERGuardBatched pid=36711)[0m INFO 2026-04-29 12:34:59,545 default_GLiNERGuardBatched p2i5g700 e4b59650-4bb8-4012-b52f-27bc0d0067b5 -- POST /predict 200 613.2ms[32m [repeated 618x across cluster][0m
[36m(ServeReplica:default:GLiNERGuardBatched pid=36719)[0m INFO 2026-04-29 12:35:04,663 default_GLiNERGuardBatched e2cjs4ah b97a01f7-d87f-49a4-82b7-41561e5ff154 -- POST /predict 200 480.2ms[32m [repeated 769x across cluster][0m
[36m(ServeReplica:default:GLiNERGuardBatched pid=36711)[0m INFO 2026-04-29 12:35:09,649 default_GLiNERGuardBatched p2i5g700 d5025315-44b5-43c2-9a11-9972c27b782b -- POST /predict 200 621.4ms[32m [repeated 713x across cluster][0m
[36m(ServeReplica:default:GLiNERGuardBatched pid=36714)[0m INFO 2026-04-29 12:35:14,880 default_GLiNERGuardBatched 9jodpv3g 17aa949f-2f06-463c-8fbc-5c91e7c13daa -- POST /predict 200 1148.7ms[32m [repeated 763x across cluster][0m
[36m(ServeReplica:default:GLiNERGuardBatched pid=36714)[0m INFO 2026-04-29 12:35:19,909 default_GLiNERGuardBatched 9jodpv3g 66965c9a-aef7-465a-a9dc-d56f9a317778 -- POST /predict 200 651.4ms[32m [repeated 701x across cluster][0m
[36m(ServeReplica:default:GLiNERGuardBatched pid=36714)[0m INFO 2026-04-29 12:35:24,914 default_GLiNERGuardBatched 9jodpv3g e41351f0-f1ab-4bf1-9c76-6ea4c0f01a0f -- POST /predict 200 350.9ms[32m [repeated 737x across cluster][0m
[36m(ServeReplica:default:GLiNERGuardBatched pid=36714)[0m INFO 2026-04-29 12:35:30,072 default_GLiNERGuardBatched 9jodpv3g 830faab3-006b-43a8-bb14-64d967e49414 -- POST /predict 200 620.2ms[32m [repeated 706x across cluster][0m
[36m(ServeReplica:default:GLiNERGuardBatched pid=36711)[0m INFO 2026-04-29 12:35:35,156 default_GLiNERGuardBatched p2i5g700 96c77166-7805-4e69-b454-3ec96a2bd173 -- POST /predict 200 328.0ms[32m [repeated 755x across cluster][0m
[36m(ServeReplica:default:GLiNERGuardBatched pid=36714)[0m INFO 2026-04-29 12:35:40,184 default_GLiNERGuardBatched 9jodpv3g 3176631a-af7c-40c5-8e8a-5d3e8b2e3393 -- POST /predict 200 516.2ms[32m [repeated 729x across cluster][0m
[36m(ServeReplica:default:GLiNERGuardBatched pid=36711)[0m INFO 2026-04-29 12:35:45,323 default_GLiNERGuardBatched p2i5g700 dbc88388-0bfc-4934-a9b1-dfe0d9e1203f -- POST /predict 200 741.1ms[32m [repeated 735x across cluster][0m
[36m(ServeReplica:default:GLiNERGuardBatched pid=36719)[0m INFO 2026-04-29 12:35:50,376 default_GLiNERGuardBatched e2cjs4ah e3709599-6fe9-4e50-b8a7-cbf93e10ae36 -- POST /predict 200 463.9ms[32m [repeated 681x across cluster][0m
[36m(ServeReplica:default:GLiNERGuardBatched pid=36721)[0m INFO 2026-04-29 12:35:55,509 default_GLiNERGuardBatched 64wuuy1j 206098a3-429f-465a-a465-4dce621b2850 -- POST /predict 200 879.2ms[32m [repeated 699x across cluster][0m
[36m(ServeReplica:default:GLiNERGuardBatched pid=36719)[0m INFO 2026-04-29 12:36:00,583 default_GLiNERGuardBatched e2cjs4ah 57b35cc9-8204-4d85-b5c7-cc03ee791b00 -- POST /predict 200 231.2ms[32m [repeated 781x across cluster][0m
[36m(ServeReplica:default:GLiNERGuardBatched pid=36719)[0m INFO 2026-04-29 12:36:05,600 default_GLiNERGuardBatched e2cjs4ah 8e737fcb-e00d-4f01-9700-6e3371568549 -- POST /predict 200 762.3ms[32m [repeated 757x across cluster][0m
[36m(ServeReplica:default:GLiNERGuardBatched pid=36719)[0m INFO 2026-04-29 12:36:10,700 default_GLiNERGuardBatched e2cjs4ah b96c77a8-d904-4da3-bc25-cd2906fbf574 -- POST /predict 200 326.1ms[32m [repeated 683x across cluster][0m
[36m(ServeReplica:default:GLiNERGuardBatched pid=36711)[0m INFO 2026-04-29 12:36:15,768 default_GLiNERGuardBatched p2i5g700 d99f9a1b-31bf-4edd-af2a-4a3764d0bc73 -- POST /predict 200 284.5ms[32m [repeated 654x across cluster][0m
[36m(ServeReplica:default:GLiNERGuardBatched pid=36711)[0m INFO 2026-04-29 12:36:20,988 default_GLiNERGuardBatched p2i5g700 9846b027-ce2e-4278-a880-e1f7e11ff125 -- POST /predict 200 920.8ms[32m [repeated 591x across cluster][0m
[36m(ServeReplica:default:GLiNERGuardBatched pid=36711)[0m INFO 2026-04-29 12:36:26,122 default_GLiNERGuardBatched p2i5g700 b70edd90-5bab-4448-9935-a6721d799f71 -- POST /predict 200 316.4ms[32m [repeated 764x across cluster][0m
[36m(ServeReplica:default:GLiNERGuardBatched pid=36714)[0m INFO 2026-04-29 12:36:31,271 default_GLiNERGuardBatched 9jodpv3g 64b4842d-dca9-45ad-9d9f-f197bb9f0e7b -- POST /predict 200 482.3ms[32m [repeated 710x across cluster][0m
[36m(ServeReplica:default:GLiNERGuardBatched pid=36714)[0m INFO 2026-04-29 12:36:36,655 default_GLiNERGuardBatched 9jodpv3g a0b05530-eb73-43ba-9018-a874b1837166 -- POST /predict 200 389.4ms[32m [repeated 733x across cluster][0m
[36m(ServeReplica:default:GLiNERGuardBatched pid=36719)[0m INFO 2026-04-29 12:36:41,744 default_GLiNERGuardBatched e2cjs4ah a22504c1-eaed-40ab-9bff-f7d6e4689352 -- POST /predict 200 379.4ms[32m [repeated 768x across cluster][0m
[36m(ServeReplica:default:GLiNERGuardBatched pid=36719)[0m INFO 2026-04-29 12:36:46,793 default_GLiNERGuardBatched e2cjs4ah 2317d91e-c699-4918-bb0d-24c8f7bcb49b -- POST /predict 200 476.1ms[32m [repeated 763x across cluster][0m
[36m(ServeReplica:default:GLiNERGuardBatched pid=36714)[0m INFO 2026-04-29 12:36:51,854 default_GLiNERGuardBatched 9jodpv3g 70b82604-dfbf-4310-bb64-b391f8c02289 -- POST /predict 200 282.8ms[32m [repeated 776x across cluster][0m
[36m(ServeReplica:default:GLiNERGuardBatched pid=36714)[0m INFO 2026-04-29 12:36:56,801 default_GLiNERGuardBatched 9jodpv3g b0fbc3e7-f4ea-46fb-b4af-27f9efb43c0d -- POST /predict 200 428.4ms[32m [repeated 753x across cluster][0m
[36m(ServeReplica:default:GLiNERGuardBatched pid=36719)[0m INFO 2026-04-29 12:37:02,164 default_GLiNERGuardBatched e2cjs4ah 0ca3a699-ce78-4c66-98bd-2bd3c9f4090b -- POST /predict 200 373.6ms[32m [repeated 768x across cluster][0m
[36m(ServeReplica:default:GLiNERGuardBatched pid=36711)[0m INFO 2026-04-29 12:37:07,276 default_GLiNERGuardBatched p2i5g700 6f9870a8-3616-42fb-9f5f-1f76381e05ca -- POST /predict 200 551.8ms[32m [repeated 792x across cluster][0m
[36m(ServeReplica:default:GLiNERGuardBatched pid=36711)[0m INFO 2026-04-29 12:37:12,281 default_GLiNERGuardBatched p2i5g700 15635c70-aefe-4dec-8cc8-1ce4d3a21e54 -- POST /predict 200 1089.0ms[32m [repeated 711x across cluster][0m
[36m(ServeReplica:default:GLiNERGuardBatched pid=36711)[0m INFO 2026-04-29 12:37:17,477 default_GLiNERGuardBatched p2i5g700 85897286-e15c-4eb6-a957-16d89b53e3c9 -- POST /predict 200 380.3ms[32m [repeated 780x across cluster][0m
[36m(ServeReplica:default:GLiNERGuardBatched pid=36719)[0m INFO 2026-04-29 12:37:22,785 default_GLiNERGuardBatched e2cjs4ah ce6f2e65-45a3-46c4-90b7-4abdde5b6103 -- POST /predict 200 314.3ms[32m [repeated 720x across cluster][0m
[36m(ServeReplica:default:GLiNERGuardBatched pid=36711)[0m INFO 2026-04-29 12:37:27,943 default_GLiNERGuardBatched p2i5g700 ba4403e0-a0f5-4035-a37c-a88e8da4a05a -- POST /predict 200 702.1ms[32m [repeated 758x across cluster][0m
[36m(ServeReplica:default:GLiNERGuardBatched pid=36711)[0m INFO 2026-04-29 12:37:32,938 default_GLiNERGuardBatched p2i5g700 9347c52a-0a60-446f-84b4-9cf0a0f1299d -- POST /predict 200 435.5ms[32m [repeated 733x across cluster][0m
[36m(ServeReplica:default:GLiNERGuardBatched pid=36711)[0m INFO 2026-04-29 12:37:38,077 default_GLiNERGuardBatched p2i5g700 ed218b85-db1c-436b-93e6-0b85be056b3a -- POST /predict 200 472.7ms[32m [repeated 758x across cluster][0m
[36m(ServeReplica:default:GLiNERGuardBatched pid=36714)[0m INFO 2026-04-29 12:37:43,158 default_GLiNERGuardBatched 9jodpv3g ee97ca99-742f-4d46-be39-0648207654cc -- POST /predict 200 453.3ms[32m [repeated 690x across cluster][0m
[36m(ServeReplica:default:GLiNERGuardBatched pid=36711)[0m INFO 2026-04-29 12:37:48,235 default_GLiNERGuardBatched p2i5g700 51cf0c1d-d803-46d6-9d17-fdce1bc11ccc -- POST /predict 200 613.7ms[32m [repeated 714x across cluster][0m
[36m(ServeReplica:default:GLiNERGuardBatched pid=36711)[0m INFO 2026-04-29 12:37:53,344 default_GLiNERGuardBatched p2i5g700 ee3b09e9-d995-4979-95e3-7af3be95d78f -- POST /predict 200 526.2ms[32m [repeated 715x across cluster][0m
[36m(ServeReplica:default:GLiNERGuardBatched pid=36719)[0m INFO 2026-04-29 12:37:58,441 default_GLiNERGuardBatched e2cjs4ah f82717b4-4e02-4580-80e7-811788ab900f -- POST /predict 200 509.4ms[32m [repeated 782x across cluster][0m
[36m(ProxyActor pid=36712)[0m INFO 2026-04-29 12:37:59,778 proxy 172.24.0.2 41d3becd-5c92-416f-92ec-c9f4e5fca75a -- Client for request 41d3becd-5c92-416f-92ec-c9f4e5fca75a disconnected, cancelling request.
[36m(ProxyActor pid=36712)[0m INFO 2026-04-29 12:37:59,780 proxy 172.24.0.2 1536fb78-a6cd-4aa5-94c0-2bbf3a3626aa -- Client for request 1536fb78-a6cd-4aa5-94c0-2bbf3a3626aa disconnected, cancelling request.
[36m(ProxyActor pid=36712)[0m INFO 2026-04-29 12:37:59,780 proxy 172.24.0.2 7d5f9ca2-699f-4cff-b219-085e8ce41156 -- Client for request 7d5f9ca2-699f-4cff-b219-085e8ce41156 disconnected, cancelling request.
[36m(ProxyActor pid=36712)[0m INFO 2026-04-29 12:37:59,783 proxy 172.24.0.2 84b6e0e8-4313-409d-94b5-4b424ac2d934 -- Client for request 84b6e0e8-4313-409d-94b5-4b424ac2d934 disconnected, cancelling request.
[36m(ProxyActor pid=36712)[0m INFO 2026-04-29 12:37:59,783 proxy 172.24.0.2 7caf6f5e-06db-4aec-a29e-af6ba24da1c8 -- Client for request 7caf6f5e-06db-4aec-a29e-af6ba24da1c8 disconnected, cancelling request.
[36m(ProxyActor pid=36712)[0m INFO 2026-04-29 12:37:59,786 proxy 172.24.0.2 82d45f82-4155-45a4-b28a-c5dac9dc6d98 -- Client for request 82d45f82-4155-45a4-b28a-c5dac9dc6d98 disconnected, cancelling request.
[36m(ProxyActor pid=36712)[0m INFO 2026-04-29 12:37:59,788 proxy 172.24.0.2 9023ac3e-c541-48a7-826f-486055482b95 -- Client for request 9023ac3e-c541-48a7-826f-486055482b95 disconnected, cancelling request.
[36m(ProxyActor pid=36712)[0m INFO 2026-04-29 12:37:59,789 proxy 172.24.0.2 125547ca-f771-49cf-87b1-cbe8a99301a0 -- Client for request 125547ca-f771-49cf-87b1-cbe8a99301a0 disconnected, cancelling request.
[36m(ProxyActor pid=36712)[0m INFO 2026-04-29 12:37:59,790 proxy 172.24.0.2 6f2ec536-e68f-476b-83ca-37b438b1dba9 -- Client for request 6f2ec536-e68f-476b-83ca-37b438b1dba9 disconnected, cancelling request.
[36m(ProxyActor pid=36712)[0m INFO 2026-04-29 12:37:59,790 proxy 172.24.0.2 1fb34c6a-2f02-45db-8998-4f0b9b61ece7 -- Client for request 1fb34c6a-2f02-45db-8998-4f0b9b61ece7 disconnected, cancelling request.
[36m(ProxyActor pid=36712)[0m INFO 2026-04-29 12:37:59,791 proxy 172.24.0.2 bbb5330e-af1c-453b-a90b-4132a6b2cf2b -- Client for request bbb5330e-af1c-453b-a90b-4132a6b2cf2b disconnected, cancelling request.
[36m(ProxyActor pid=36712)[0m INFO 2026-04-29 12:37:59,792 proxy 172.24.0.2 3268c2dd-9e6a-48c1-a84e-9be097238dc6 -- Client for request 3268c2dd-9e6a-48c1-a84e-9be097238dc6 disconnected, cancelling request.
[36m(ProxyActor pid=36712)[0m INFO 2026-04-29 12:37:59,793 proxy 172.24.0.2 11f419f1-4f30-42ee-b010-52aa0da972bb -- Client for request 11f419f1-4f30-42ee-b010-52aa0da972bb disconnected, cancelling request.
[36m(ProxyActor pid=36712)[0m INFO 2026-04-29 12:37:59,793 proxy 172.24.0.2 a48586bc-5152-44ee-8089-02fcbd1a697f -- Client for request a48586bc-5152-44ee-8089-02fcbd1a697f disconnected, cancelling request.
[36m(ProxyActor pid=36712)[0m INFO 2026-04-29 12:37:59,794 proxy 172.24.0.2 5a3f04ac-2241-4348-9ef8-16f850e9c6ce -- Client for request 5a3f04ac-2241-4348-9ef8-16f850e9c6ce disconnected, cancelling request.
[36m(ProxyActor pid=36712)[0m INFO 2026-04-29 12:37:59,795 proxy 172.24.0.2 895cddf8-6b85-4344-9e8a-61cc83463499 -- Client for request 895cddf8-6b85-4344-9e8a-61cc83463499 disconnected, cancelling request.
[36m(ProxyActor pid=36712)[0m INFO 2026-04-29 12:37:59,796 proxy 172.24.0.2 54192eb2-f22d-41b6-8ed7-2075f6ba46ad -- Client for request 54192eb2-f22d-41b6-8ed7-2075f6ba46ad disconnected, cancelling request.
[36m(ProxyActor pid=36712)[0m INFO 2026-04-29 12:37:59,796 proxy 172.24.0.2 7024251a-6108-4ffd-a001-e882c01ee5e7 -- Client for request 7024251a-6108-4ffd-a001-e882c01ee5e7 disconnected, cancelling request.
[36m(ProxyActor pid=36712)[0m INFO 2026-04-29 12:37:59,797 proxy 172.24.0.2 1cda0037-4eaf-4ed9-9280-8d1be671dd0e -- Client for request 1cda0037-4eaf-4ed9-9280-8d1be671dd0e disconnected, cancelling request.
[36m(ProxyActor pid=36712)[0m INFO 2026-04-29 12:37:59,798 proxy 172.24.0.2 6892d3b2-c13e-47e7-9e32-84f653dd5e2c -- Client for request 6892d3b2-c13e-47e7-9e32-84f653dd5e2c disconnected, cancelling request.
[36m(ProxyActor pid=36712)[0m INFO 2026-04-29 12:37:59,799 proxy 172.24.0.2 b02b98f6-d8b7-4911-a67d-9cf10c3c6221 -- Client for request b02b98f6-d8b7-4911-a67d-9cf10c3c6221 disconnected, cancelling request.
[36m(ProxyActor pid=36712)[0m INFO 2026-04-29 12:37:59,800 proxy 172.24.0.2 15aaf834-c791-4fe6-9701-48ff775534e6 -- Client for request 15aaf834-c791-4fe6-9701-48ff775534e6 disconnected, cancelling request.
[36m(ProxyActor pid=36712)[0m INFO 2026-04-29 12:37:59,800 proxy 172.24.0.2 650599c8-d1c8-4082-afa2-f136503fcf40 -- Client for request 650599c8-d1c8-4082-afa2-f136503fcf40 disconnected, cancelling request.
[36m(ProxyActor pid=36712)[0m INFO 2026-04-29 12:37:59,801 proxy 172.24.0.2 f65081ee-22d0-4c77-ad9b-82022a0186ab -- Client for request f65081ee-22d0-4c77-ad9b-82022a0186ab disconnected, cancelling request.
[36m(ProxyActor pid=36712)[0m INFO 2026-04-29 12:37:59,801 proxy 172.24.0.2 ea60747f-7972-4e02-937e-a4235d2ca423 -- Client for request ea60747f-7972-4e02-937e-a4235d2ca423 disconnected, cancelling request.
[36m(ProxyActor pid=36712)[0m INFO 2026-04-29 12:37:59,802 proxy 172.24.0.2 5e6c1a6e-b35b-4d53-9ce8-fe50316688c2 -- Client for request 5e6c1a6e-b35b-4d53-9ce8-fe50316688c2 disconnected, cancelling request.
[36m(ProxyActor pid=36712)[0m INFO 2026-04-29 12:37:59,803 proxy 172.24.0.2 bc046948-dca6-4274-9223-a89e105b6abe -- Client for request bc046948-dca6-4274-9223-a89e105b6abe disconnected, cancelling request.
[36m(ProxyActor pid=36712)[0m INFO 2026-04-29 12:37:59,804 proxy 172.24.0.2 03e464f3-43fb-48e4-96cf-310f49f7a7dc -- Client for request 03e464f3-43fb-48e4-96cf-310f49f7a7dc disconnected, cancelling request.
[36m(ProxyActor pid=36712)[0m INFO 2026-04-29 12:37:59,805 proxy 172.24.0.2 e0bdd08f-077d-4eae-a59c-4a81625abd05 -- Client for request e0bdd08f-077d-4eae-a59c-4a81625abd05 disconnected, cancelling request.
[36m(ProxyActor pid=36712)[0m INFO 2026-04-29 12:37:59,806 proxy 172.24.0.2 cfa4a125-0893-42b2-866e-b9666fbf257d -- Client for request cfa4a125-0893-42b2-866e-b9666fbf257d disconnected, cancelling request.
[36m(ProxyActor pid=36712)[0m INFO 2026-04-29 12:37:59,806 proxy 172.24.0.2 78b626f1-85eb-4c46-a30c-7b708dd7d552 -- Client for request 78b626f1-85eb-4c46-a30c-7b708dd7d552 disconnected, cancelling request.
[36m(ProxyActor pid=36712)[0m INFO 2026-04-29 12:37:59,808 proxy 172.24.0.2 58d977dc-b859-4fea-babd-8b5729e1492b -- Client for request 58d977dc-b859-4fea-babd-8b5729e1492b disconnected, cancelling request.
[36m(ProxyActor pid=36712)[0m INFO 2026-04-29 12:37:59,808 proxy 172.24.0.2 38abccf7-82b0-4da8-bd4e-13a112f599fb -- Client for request 38abccf7-82b0-4da8-bd4e-13a112f599fb disconnected, cancelling request.
[36m(ProxyActor pid=36712)[0m INFO 2026-04-29 12:37:59,809 proxy 172.24.0.2 6c000937-2310-401c-bfa5-baae2a92292f -- Client for request 6c000937-2310-401c-bfa5-baae2a92292f disconnected, cancelling request.
[36m(ProxyActor pid=36712)[0m INFO 2026-04-29 12:37:59,810 proxy 172.24.0.2 fd53d691-d726-461c-872f-3c130cf8d65b -- Client for request fd53d691-d726-461c-872f-3c130cf8d65b disconnected, cancelling request.
[36m(ProxyActor pid=36712)[0m INFO 2026-04-29 12:37:59,811 proxy 172.24.0.2 51a7c86b-a821-4d0e-b9f5-29d3dd4a895f -- Client for request 51a7c86b-a821-4d0e-b9f5-29d3dd4a895f disconnected, cancelling request.
[36m(ProxyActor pid=36712)[0m INFO 2026-04-29 12:37:59,812 proxy 172.24.0.2 8760b5fc-0738-4445-9c0a-561348f2519b -- Client for request 8760b5fc-0738-4445-9c0a-561348f2519b disconnected, cancelling request.
[36m(ProxyActor pid=36712)[0m INFO 2026-04-29 12:37:59,812 proxy 172.24.0.2 01db85ed-5eed-4a45-91b4-92e5ed068410 -- Client for request 01db85ed-5eed-4a45-91b4-92e5ed068410 disconnected, cancelling request.
[36m(ProxyActor pid=36712)[0m INFO 2026-04-29 12:37:59,814 proxy 172.24.0.2 e4bf8cda-4e5e-4199-a37b-e72f16e59b6b -- Client for request e4bf8cda-4e5e-4199-a37b-e72f16e59b6b disconnected, cancelling request.
[36m(ProxyActor pid=36712)[0m INFO 2026-04-29 12:37:59,815 proxy 172.24.0.2 c089c9e0-da09-438a-baaf-6f3e05a70e97 -- Client for request c089c9e0-da09-438a-baaf-6f3e05a70e97 disconnected, cancelling request.
[36m(ProxyActor pid=36712)[0m INFO 2026-04-29 12:37:59,816 proxy 172.24.0.2 4480681c-2978-41b9-a70a-cbfd75ead0c6 -- Client for request 4480681c-2978-41b9-a70a-cbfd75ead0c6 disconnected, cancelling request.
[36m(ProxyActor pid=36712)[0m INFO 2026-04-29 12:37:59,817 proxy 172.24.0.2 d44f1741-b17d-4905-92ed-d51c1b108071 -- Client for request d44f1741-b17d-4905-92ed-d51c1b108071 disconnected, cancelling request.
[36m(ProxyActor pid=36712)[0m INFO 2026-04-29 12:37:59,817 proxy 172.24.0.2 84a230e8-af20-4211-9aa0-f30f87827bfa -- Client for request 84a230e8-af20-4211-9aa0-f30f87827bfa disconnected, cancelling request.
[36m(ProxyActor pid=36712)[0m INFO 2026-04-29 12:37:59,818 proxy 172.24.0.2 0a9ded1a-481c-4c4e-ae9a-4b1d948b8184 -- Client for request 0a9ded1a-481c-4c4e-ae9a-4b1d948b8184 disconnected, cancelling request.
[36m(ProxyActor pid=36712)[0m INFO 2026-04-29 12:37:59,818 proxy 172.24.0.2 9e70db0e-b4bb-416d-96b6-00a969e64488 -- Client for request 9e70db0e-b4bb-416d-96b6-00a969e64488 disconnected, cancelling request.
[36m(ProxyActor pid=36712)[0m INFO 2026-04-29 12:37:59,819 proxy 172.24.0.2 1dda3876-0f00-4e28-8b00-c59600a85d6f -- Client for request 1dda3876-0f00-4e28-8b00-c59600a85d6f disconnected, cancelling request.
[36m(ProxyActor pid=36712)[0m INFO 2026-04-29 12:37:59,819 proxy 172.24.0.2 006ad78d-9509-4767-a3e9-bbdddbd34804 -- Client for request 006ad78d-9509-4767-a3e9-bbdddbd34804 disconnected, cancelling request.
[36m(ProxyActor pid=36712)[0m INFO 2026-04-29 12:37:59,819 proxy 172.24.0.2 d59dd89b-8a61-4f30-a837-779eb7a11c55 -- Client for request d59dd89b-8a61-4f30-a837-779eb7a11c55 disconnected, cancelling request.
[36m(ProxyActor pid=36712)[0m INFO 2026-04-29 12:37:59,820 proxy 172.24.0.2 1c9811dd-fe2c-46ea-a88a-815b2768ee04 -- Client for request 1c9811dd-fe2c-46ea-a88a-815b2768ee04 disconnected, cancelling request.
[36m(ProxyActor pid=36712)[0m INFO 2026-04-29 12:37:59,820 proxy 172.24.0.2 d247dee4-87df-4fb9-ab92-96d73a207d68 -- Client for request d247dee4-87df-4fb9-ab92-96d73a207d68 disconnected, cancelling request.
[36m(ProxyActor pid=36712)[0m INFO 2026-04-29 12:37:59,821 proxy 172.24.0.2 bc13142d-6a72-4501-8635-9dee2092c943 -- Client for request bc13142d-6a72-4501-8635-9dee2092c943 disconnected, cancelling request.
[36m(ProxyActor pid=36712)[0m INFO 2026-04-29 12:37:59,821 proxy 172.24.0.2 8e278271-8e69-4ca5-b77f-90b4ff43b817 -- Client for request 8e278271-8e69-4ca5-b77f-90b4ff43b817 disconnected, cancelling request.
[36m(ProxyActor pid=36712)[0m INFO 2026-04-29 12:37:59,821 proxy 172.24.0.2 a6076bba-8824-44d7-9f00-766cab62ed0f -- Client for request a6076bba-8824-44d7-9f00-766cab62ed0f disconnected, cancelling request.
[36m(ProxyActor pid=36712)[0m INFO 2026-04-29 12:37:59,822 proxy 172.24.0.2 905556e3-b457-4c16-8a50-604bb3aff849 -- Client for request 905556e3-b457-4c16-8a50-604bb3aff849 disconnected, cancelling request.
[36m(ProxyActor pid=36712)[0m INFO 2026-04-29 12:37:59,822 proxy 172.24.0.2 057417bc-0f3e-4e7b-8882-8d08eeaef5cc -- Client for request 057417bc-0f3e-4e7b-8882-8d08eeaef5cc disconnected, cancelling request.
[36m(ProxyActor pid=36712)[0m INFO 2026-04-29 12:37:59,823 proxy 172.24.0.2 84cb7824-ca23-46be-a94e-bf6f84b18692 -- Client for request 84cb7824-ca23-46be-a94e-bf6f84b18692 disconnected, cancelling request.
[36m(ProxyActor pid=36712)[0m INFO 2026-04-29 12:37:59,823 proxy 172.24.0.2 f10661fd-9413-4f85-8a51-cca96eeb3e47 -- Client for request f10661fd-9413-4f85-8a51-cca96eeb3e47 disconnected, cancelling request.
[36m(ProxyActor pid=36712)[0m INFO 2026-04-29 12:37:59,824 proxy 172.24.0.2 1725dc5d-b3ed-4129-8b9a-a6f90928b34e -- Client for request 1725dc5d-b3ed-4129-8b9a-a6f90928b34e disconnected, cancelling request.
[36m(ProxyActor pid=36712)[0m INFO 2026-04-29 12:37:59,825 proxy 172.24.0.2 03816341-554d-4c3f-a5f2-cd8986ebeb27 -- Client for request 03816341-554d-4c3f-a5f2-cd8986ebeb27 disconnected, cancelling request.
[36m(ProxyActor pid=36712)[0m INFO 2026-04-29 12:37:59,826 proxy 172.24.0.2 df4fb710-917e-4f33-bf19-7bd1acf610f2 -- Client for request df4fb710-917e-4f33-bf19-7bd1acf610f2 disconnected, cancelling request.
[36m(ProxyActor pid=36712)[0m INFO 2026-04-29 12:37:59,826 proxy 172.24.0.2 109585d2-f892-4530-bd17-d21ca0a2de7b -- Client for request 109585d2-f892-4530-bd17-d21ca0a2de7b disconnected, cancelling request.
[36m(ProxyActor pid=36712)[0m INFO 2026-04-29 12:37:59,827 proxy 172.24.0.2 b0a96232-b71c-4be0-b10f-697a47b3a952 -- Client for request b0a96232-b71c-4be0-b10f-697a47b3a952 disconnected, cancelling request.
[36m(ProxyActor pid=36712)[0m INFO 2026-04-29 12:37:59,827 proxy 172.24.0.2 ec406038-05f7-4248-b648-51e98558d52a -- Client for request ec406038-05f7-4248-b648-51e98558d52a disconnected, cancelling request.
[36m(ProxyActor pid=36712)[0m INFO 2026-04-29 12:37:59,828 proxy 172.24.0.2 59ee211f-30cd-470d-ba14-44b2b501dae1 -- Client for request 59ee211f-30cd-470d-ba14-44b2b501dae1 disconnected, cancelling request.
[36m(ProxyActor pid=36712)[0m INFO 2026-04-29 12:37:59,828 proxy 172.24.0.2 fa844819-7c33-4e83-90cf-56b5cdb8a183 -- Client for request fa844819-7c33-4e83-90cf-56b5cdb8a183 disconnected, cancelling request.
[36m(ProxyActor pid=36712)[0m INFO 2026-04-29 12:37:59,829 proxy 172.24.0.2 44d20fbb-f0ac-42f1-b20b-d461f37278a4 -- Client for request 44d20fbb-f0ac-42f1-b20b-d461f37278a4 disconnected, cancelling request.
[36m(ProxyActor pid=36712)[0m INFO 2026-04-29 12:37:59,829 proxy 172.24.0.2 455739dc-8711-4a0c-b3dd-84eac09bd737 -- Client for request 455739dc-8711-4a0c-b3dd-84eac09bd737 disconnected, cancelling request.
[36m(ProxyActor pid=36712)[0m INFO 2026-04-29 12:37:59,830 proxy 172.24.0.2 525e91e4-7657-4ed5-8e71-7174d6be408f -- Client for request 525e91e4-7657-4ed5-8e71-7174d6be408f disconnected, cancelling request.
[36m(ProxyActor pid=36712)[0m INFO 2026-04-29 12:37:59,830 proxy 172.24.0.2 7fb0c74c-4819-4c65-ac69-627849c7e888 -- Client for request 7fb0c74c-4819-4c65-ac69-627849c7e888 disconnected, cancelling request.
[36m(ProxyActor pid=36712)[0m INFO 2026-04-29 12:37:59,831 proxy 172.24.0.2 18401c48-2934-4eab-931c-ec8e732cef9c -- Client for request 18401c48-2934-4eab-931c-ec8e732cef9c disconnected, cancelling request.
[36m(ProxyActor pid=36712)[0m INFO 2026-04-29 12:37:59,831 proxy 172.24.0.2 a6eb2cc4-84f2-45c5-b218-1f31cf73655d -- Client for request a6eb2cc4-84f2-45c5-b218-1f31cf73655d disconnected, cancelling request.
[36m(ServeReplica:default:GLiNERGuardBatched pid=36711)[0m INFO 2026-04-29 12:37:59,781 default_GLiNERGuardBatched p2i5g700 1536fb78-a6cd-4aa5-94c0-2bbf3a3626aa -- POST /predict CANCELLED 79.9ms
[36m(ServeReplica:default:GLiNERGuardBatched pid=36711)[0m INFO 2026-04-29 12:37:59,784 default_GLiNERGuardBatched p2i5g700 84b6e0e8-4313-409d-94b5-4b424ac2d934 -- POST /predict CANCELLED 328.4ms
[36m(ServeReplica:default:GLiNERGuardBatched pid=36711)[0m INFO 2026-04-29 12:37:59,788 default_GLiNERGuardBatched p2i5g700 7caf6f5e-06db-4aec-a29e-af6ba24da1c8 -- POST /predict CANCELLED 356.1ms
[36m(ServeReplica:default:GLiNERGuardBatched pid=36711)[0m INFO 2026-04-29 12:37:59,789 default_GLiNERGuardBatched p2i5g700 125547ca-f771-49cf-87b1-cbe8a99301a0 -- POST /predict CANCELLED 182.2ms
[36m(ServeReplica:default:GLiNERGuardBatched pid=36711)[0m INFO 2026-04-29 12:37:59,791 default_GLiNERGuardBatched p2i5g700 6f2ec536-e68f-476b-83ca-37b438b1dba9 -- POST /predict CANCELLED 387.3ms
[36m(ServeReplica:default:GLiNERGuardBatched pid=36711)[0m INFO 2026-04-29 12:37:59,792 default_GLiNERGuardBatched p2i5g700 1fb34c6a-2f02-45db-8998-4f0b9b61ece7 -- POST /predict CANCELLED 130.0ms
[36m(ServeReplica:default:GLiNERGuardBatched pid=36711)[0m INFO 2026-04-29 12:37:59,793 default_GLiNERGuardBatched p2i5g700 bbb5330e-af1c-453b-a90b-4132a6b2cf2b -- POST /predict CANCELLED 339.1ms
[36m(ServeReplica:default:GLiNERGuardBatched pid=36711)[0m INFO 2026-04-29 12:37:59,798 default_GLiNERGuardBatched p2i5g700 1cda0037-4eaf-4ed9-9280-8d1be671dd0e -- POST /predict CANCELLED 338.5ms
[36m(ServeReplica:default:GLiNERGuardBatched pid=36711)[0m INFO 2026-04-29 12:37:59,802 default_GLiNERGuardBatched p2i5g700 ea60747f-7972-4e02-937e-a4235d2ca423 -- POST /predict CANCELLED 364.0ms
[36m(ServeReplica:default:GLiNERGuardBatched pid=36711)[0m INFO 2026-04-29 12:37:59,805 default_GLiNERGuardBatched p2i5g700 03e464f3-43fb-48e4-96cf-310f49f7a7dc -- POST /predict CANCELLED 408.6ms
[36m(ServeReplica:default:GLiNERGuardBatched pid=36711)[0m INFO 2026-04-29 12:37:59,807 default_GLiNERGuardBatched p2i5g700 cfa4a125-0893-42b2-866e-b9666fbf257d -- POST /predict CANCELLED 378.7ms
[36m(ServeReplica:default:GLiNERGuardBatched pid=36711)[0m INFO 2026-04-29 12:37:59,809 default_GLiNERGuardBatched p2i5g700 38abccf7-82b0-4da8-bd4e-13a112f599fb -- POST /predict CANCELLED 401.4ms
[36m(ServeReplica:default:GLiNERGuardBatched pid=36711)[0m INFO 2026-04-29 12:37:59,811 default_GLiNERGuardBatched p2i5g700 51a7c86b-a821-4d0e-b9f5-29d3dd4a895f -- POST /predict CANCELLED 398.6ms
[36m(ServeReplica:default:GLiNERGuardBatched pid=36711)[0m INFO 2026-04-29 12:37:59,816 default_GLiNERGuardBatched p2i5g700 c089c9e0-da09-438a-baaf-6f3e05a70e97 -- POST /predict CANCELLED 361.7ms
[36m(ServeReplica:default:GLiNERGuardBatched pid=36711)[0m INFO 2026-04-29 12:37:59,817 default_GLiNERGuardBatched p2i5g700 4480681c-2978-41b9-a70a-cbfd75ead0c6 -- POST /predict CANCELLED 423.5ms
[36m(ServeReplica:default:GLiNERGuardBatched pid=36711)[0m INFO 2026-04-29 12:37:59,819 default_GLiNERGuardBatched p2i5g700 84a230e8-af20-4211-9aa0-f30f87827bfa -- POST /predict CANCELLED 403.2ms
[36m(ServeReplica:default:GLiNERGuardBatched pid=36711)[0m INFO 2026-04-29 12:37:59,819 default_GLiNERGuardBatched p2i5g700 006ad78d-9509-4767-a3e9-bbdddbd34804 -- POST /predict CANCELLED 382.4ms
[36m(ServeReplica:default:GLiNERGuardBatched pid=36711)[0m INFO 2026-04-29 12:37:59,820 default_GLiNERGuardBatched p2i5g700 d59dd89b-8a61-4f30-a837-779eb7a11c55 -- POST /predict CANCELLED 195.8ms
[36m(ServeReplica:default:GLiNERGuardBatched pid=36711)[0m INFO 2026-04-29 12:37:59,822 default_GLiNERGuardBatched p2i5g700 bc13142d-6a72-4501-8635-9dee2092c943 -- POST /predict CANCELLED 352.0ms
[36m(ServeReplica:default:GLiNERGuardBatched pid=36711)[0m INFO 2026-04-29 12:37:59,823 default_GLiNERGuardBatched p2i5g700 905556e3-b457-4c16-8a50-604bb3aff849 -- POST /predict CANCELLED 187.5ms
[36m(ServeReplica:default:GLiNERGuardBatched pid=36711)[0m INFO 2026-04-29 12:37:59,824 default_GLiNERGuardBatched p2i5g700 f10661fd-9413-4f85-8a51-cca96eeb3e47 -- POST /predict CANCELLED 163.4ms
[36m(ServeReplica:default:GLiNERGuardBatched pid=36711)[0m INFO 2026-04-29 12:37:59,827 default_GLiNERGuardBatched p2i5g700 109585d2-f892-4530-bd17-d21ca0a2de7b -- POST /predict CANCELLED 443.3ms
[36m(ServeReplica:default:GLiNERGuardBatched pid=36711)[0m INFO 2026-04-29 12:37:59,829 default_GLiNERGuardBatched p2i5g700 fa844819-7c33-4e83-90cf-56b5cdb8a183 -- POST /predict CANCELLED 357.1ms
[36m(ServeReplica:default:GLiNERGuardBatched pid=36711)[0m INFO 2026-04-29 12:37:59,833 default_GLiNERGuardBatched p2i5g700 a6eb2cc4-84f2-45c5-b218-1f31cf73655d -- POST /predict CANCELLED 381.9ms
*** SIGTERM received at time=1777466280 on cpu 112 ***
PC: @     0x7064d4b9c612  (unknown)  pause
    @     0x7064d4af4520  (unknown)  (unknown)
    @          0x1803759         48  cfunction_vectorcall_NOARGS.llvm.12799217410478811465
    @          0x181b3c0        576  _PyEval_EvalFrameDefault
    @          0x18837e8        112  PyEval_EvalCode
    @          0x18ee27b         80  run_eval_code_obj
    @          0x18ee18d         96  run_mod.llvm.10863284883542772384
    @          0x1a63d17         96  pyrun_file
    @          0x1a638c2         80  _PyRun_SimpleFileObject
    @          0x1a6449c         64  _PyRun_AnyFileObject
    @          0x1a64438        208  pymain_run_file_obj
    @          0x1a6431e         48  pymain_run_file
    @          0x199f53a        112  Py_RunMain
    @          0x199f1ee        624  pymain_main.llvm.10509498499233858764
    @          0x199f006         48  main
    @     0x7064d4adbd90  (unknown)  (unknown)
[2026-04-29 12:38:00,356 E 35692 35692] logging.cc:474: *** SIGTERM received at time=1777466280 on cpu 112 ***
[2026-04-29 12:38:00,356 E 35692 35692] logging.cc:474: PC: @     0x7064d4b9c612  (unknown)  pause
[2026-04-29 12:38:00,357 E 35692 35692] logging.cc:474:     @     0x7064d4af4520  (unknown)  (unknown)
[2026-04-29 12:38:00,357 E 35692 35692] logging.cc:474:     @          0x1803759         48  cfunction_vectorcall_NOARGS.llvm.12799217410478811465
[2026-04-29 12:38:00,357 E 35692 35692] logging.cc:474:     @          0x181b3c0        576  _PyEval_EvalFrameDefault
[2026-04-29 12:38:00,357 E 35692 35692] logging.cc:474:     @          0x18837e8        112  PyEval_EvalCode
[2026-04-29 12:38:00,357 E 35692 35692] logging.cc:474:     @          0x18ee27b         80  run_eval_code_obj
[2026-04-29 12:38:00,357 E 35692 35692] logging.cc:474:     @          0x18ee18d         96  run_mod.llvm.10863284883542772384
[2026-04-29 12:38:00,357 E 35692 35692] logging.cc:474:     @          0x1a63d17         96  pyrun_file
[2026-04-29 12:38:00,357 E 35692 35692] logging.cc:474:     @          0x1a638c2         80  _PyRun_SimpleFileObject
[2026-04-29 12:38:00,357 E 35692 35692] logging.cc:474:     @          0x1a6449c         64  _PyRun_AnyFileObject
[2026-04-29 12:38:00,357 E 35692 35692] logging.cc:474:     @          0x1a64438        208  pymain_run_file_obj
[2026-04-29 12:38:00,357 E 35692 35692] logging.cc:474:     @          0x1a6431e         48  pymain_run_file
[2026-04-29 12:38:00,357 E 35692 35692] logging.cc:474:     @          0x199f53a        112  Py_RunMain
[2026-04-29 12:38:00,357 E 35692 35692] logging.cc:474:     @          0x199f1ee        624  pymain_main.llvm.10509498499233858764
[2026-04-29 12:38:00,357 E 35692 35692] logging.cc:474:     @          0x199f006         48  main
[2026-04-29 12:38:00,357 E 35692 35692] logging.cc:474:     @     0x7064d4adbd90  (unknown)  (unknown)
[36m(ServeReplica:default:GLiNERGuardBatched pid=36714)[0m [GLiNER2] Attention: requested=None, actual=sdpa
[36m(ServeReplica:default:GLiNERGuardBatched pid=36714)[0m ============================================================
[36m(ServeReplica:default:GLiNERGuardBatched pid=36714)[0m Model Configuration
[36m(ServeReplica:default:GLiNERGuardBatched pid=36714)[0m ============================================================
[36m(ServeReplica:default:GLiNERGuardBatched pid=36714)[0m Encoder mode       : uni
[36m(ServeReplica:default:GLiNERGuardBatched pid=36714)[0m Text encoder       : bogdanminko/mmBERT-small
[36m(ServeReplica:default:GLiNERGuardBatched pid=36714)[0m Counting layer     : count_lstm_v2
[36m(ServeReplica:default:GLiNERGuardBatched pid=36714)[0m Token pooling      : first
[36m(ServeReplica:default:GLiNERGuardBatched pid=36714)[0m ============================================================
[36m(ServeReplica:default:GLiNERGuardBatched pid=36719)[0m INFO 2026-04-29 12:37:59,729 default_GLiNERGuardBatched e2cjs4ah 442d8da6-d54b-4d73-b554-70c17a7911f8 -- POST /predict 200 795.1ms[32m [repeated 219x across cluster][0m
[36m(ServeReplica:default:GLiNERGuardBatched pid=36721)[0m INFO 2026-04-29 12:37:59,832 default_GLiNERGuardBatched 64wuuy1j 18401c48-2934-4eab-931c-ec8e732cef9c -- POST /predict CANCELLED 380.0ms[32m [repeated 47x across cluster][0m
[36m(ServeReplica:default:GLiNERGuardBatched pid=36719)[0m [GLiNER2] Attention: requested=None, actual=sdpa[32m [repeated 3x across cluster][0m
[36m(ServeReplica:default:GLiNERGuardBatched pid=36719)[0m ============================================================[32m [repeated 9x across cluster][0m
[36m(ServeReplica:default:GLiNERGuardBatched pid=36719)[0m Model Configuration[32m [repeated 3x across cluster][0m
[36m(ServeReplica:default:GLiNERGuardBatched pid=36719)[0m Encoder mode       : uni[32m [repeated 3x across cluster][0m
[36m(ServeReplica:default:GLiNERGuardBatched pid=36719)[0m Text encoder       : bogdanminko/mmBERT-small[32m [repeated 3x across cluster][0m
[36m(ServeReplica:default:GLiNERGuardBatched pid=36719)[0m Counting layer     : count_lstm_v2[32m [repeated 3x across cluster][0m
[36m(ServeReplica:default:GLiNERGuardBatched pid=36719)[0m Token pooling      : first[32m [repeated 3x across cluster][0m
