2026-04-29 14:29:05,365	WARNING utils.py:458 -- Detecting docker specified CPUs. In previous versions of Ray, CPU detection in containers was incorrect. Please ensure that Ray has enough CPUs allocated. As a temporary workaround to revert to the prior behavior, set `RAY_USE_MULTIPROCESSING_CPU_COUNT=1` as an env var before starting Ray. Set the env var: `RAY_DISABLE_DOCKER_CPU_WARNING=1` to mute this warning.
2026-04-29 14:29:05,366	WARNING utils.py:470 -- Ray currently does not support initializing Ray with fractional cpus. Your num_cpus will be truncated from 13.6 to 13.
2026-04-29 14:29:07,629	INFO worker.py:2004 -- Started a local Ray instance. View the dashboard at [1m[32mhttp://127.0.0.1:8265 [39m[22m
/root/gliner-guard-serve/ray-serve/.venv/lib/python3.13/site-packages/ray/_private/worker.py:2052: FutureWarning: Tip: In future versions of Ray, Ray will no longer override accelerator visible devices env var if num_gpus=0 or num_gpus=None (default). To enable this behavior and turn off this error message, set RAY_ACCEL_ENV_VAR_OVERRIDE_ON_ZERO=0
  warnings.warn(
[36m(ProxyActor pid=66359)[0m INFO 2026-04-29 14:29:08,920 proxy 172.24.0.2 -- Proxy starting on node 83c2395123bf953b9dd54ea8080e85f32a982ad46dfd0d9d778c1c16 (HTTP port: 8000).
INFO 2026-04-29 14:29:09,000 serve 65339 -- Started Serve in namespace "serve".
INFO 2026-04-29 14:29:09,007 serve 65339 -- Connecting to existing Serve app in namespace "serve". New http options will not be applied.
WARNING 2026-04-29 14:29:09,007 serve 65339 -- The new client HTTP config differs from the existing one in the following fields: ['host']. The new HTTP config is ignored.
[36m(ServeController pid=66360)[0m INFO 2026-04-29 14:29:09,071 controller 66360 -- Deploying new version of Deployment(name='GLiNERGuardBatched', app='default') (initial target replicas: 4).
[36m(ProxyActor pid=66359)[0m INFO 2026-04-29 14:29:08,995 proxy 172.24.0.2 -- Got updated endpoints: {}.
[36m(ProxyActor pid=66359)[0m INFO 2026-04-29 14:29:09,076 proxy 172.24.0.2 -- Got updated endpoints: {Deployment(name='GLiNERGuardBatched', app='default'): EndpointInfo(route='/predict', app_is_cross_language=False, route_patterns=None)}.
[36m(ProxyActor pid=66359)[0m INFO 2026-04-29 14:29:09,086 proxy 172.24.0.2 -- Started <ray.serve._private.router.SharedRouterLongPollClient object at 0x7c2b5d735550>.
[36m(ServeController pid=66360)[0m INFO 2026-04-29 14:29:09,177 controller 66360 -- Adding 4 replicas to Deployment(name='GLiNERGuardBatched', app='default').
[36m(ServeReplica:default:GLiNERGuardBatched pid=66362)[0m Warning: You are sending unauthenticated requests to the HF Hub. Please set a HF_TOKEN to enable higher rate limits and faster downloads.
[36m(ServeReplica:default:GLiNERGuardBatched pid=66362)[0m You are using a model of type `extractor` to instantiate a model of type ``. This may be expected if you are loading a checkpoint that shares a subset of the architecture (e.g., loading a `sam2_video` checkpoint into `Sam2Model`), but is otherwise not supported and can yield errors. Please verify that the checkpoint is compatible with the model you are instantiating.
[36m(ServeReplica:default:GLiNERGuardBatched pid=66363)[0m INFO 2026-04-29 14:29:20,831 default_GLiNERGuardBatched yxu53mp3 e5610bff-26e9-4098-aa88-1605ef15796c -- POST /predict 200 404.1ms
[36m(ServeReplica:default:GLiNERGuardBatched pid=66365)[0m Warning: You are sending unauthenticated requests to the HF Hub. Please set a HF_TOKEN to enable higher rate limits and faster downloads.[32m [repeated 3x across cluster] (Ray deduplicates logs by default. Set RAY_DEDUP_LOGS=0 to disable log deduplication, or see https://docs.ray.io/en/master/ray-observability/user-guides/configure-logging.html#log-deduplication for more options.)[0m
[36m(ServeReplica:default:GLiNERGuardBatched pid=66365)[0m You are using a model of type `extractor` to instantiate a model of type ``. This may be expected if you are loading a checkpoint that shares a subset of the architecture (e.g., loading a `sam2_video` checkpoint into `Sam2Model`), but is otherwise not supported and can yield errors. Please verify that the checkpoint is compatible with the model you are instantiating.[32m [repeated 3x across cluster][0m
[36m(ServeReplica:default:GLiNERGuardBatched pid=66363)[0m INFO 2026-04-29 14:29:21,091 default_GLiNERGuardBatched yxu53mp3 093d2fff-78b2-498c-92cd-d460f7ae2c49 -- POST /predict 200 164.2ms
[36m(ServeReplica:default:GLiNERGuardBatched pid=66363)[0m INFO 2026-04-29 14:29:21,091 default_GLiNERGuardBatched yxu53mp3 3b47cfe4-38d4-494b-9632-9c8f61e5bd5b -- POST /predict 200 164.5ms
[36m(ServeReplica:default:GLiNERGuardBatched pid=66363)[0m INFO 2026-04-29 14:29:21,093 default_GLiNERGuardBatched yxu53mp3 4a6a5c05-22be-4aaa-aa02-0d0ee2f43e7f -- POST /predict 200 157.0ms
[36m(ServeReplica:default:GLiNERGuardBatched pid=66363)[0m INFO 2026-04-29 14:29:21,094 default_GLiNERGuardBatched yxu53mp3 9fa2260d-55fb-409b-bcba-da45314478d9 -- POST /predict 200 150.4ms
[36m(ServeReplica:default:GLiNERGuardBatched pid=66363)[0m INFO 2026-04-29 14:29:21,094 default_GLiNERGuardBatched yxu53mp3 809ecc1e-c5c4-4d7a-ad05-0d0be2a51281 -- POST /predict 200 149.6ms
[36m(ServeReplica:default:GLiNERGuardBatched pid=66363)[0m INFO 2026-04-29 14:29:21,095 default_GLiNERGuardBatched yxu53mp3 b8b61617-23b8-490b-b9d4-a7277d55cd77 -- POST /predict 200 145.5ms
[36m(ServeReplica:default:GLiNERGuardBatched pid=66363)[0m INFO 2026-04-29 14:29:21,095 default_GLiNERGuardBatched yxu53mp3 46b2c17a-c5c8-4cc3-a6a8-a8d9cc80476c -- POST /predict 200 148.0ms
INFO 2026-04-29 14:29:21,158 serve 65339 -- Application 'default' is ready at http://0.0.0.0:8000/predict.
[36m(ServeReplica:default:GLiNERGuardBatched pid=66363)[0m INFO 2026-04-29 14:29:21,104 default_GLiNERGuardBatched yxu53mp3 6b3bc775-c8a2-47ba-b45f-bb1737f18014 -- POST /predict 200 132.7ms
[36m(ServeReplica:default:GLiNERGuardBatched pid=66363)[0m INFO 2026-04-29 14:29:21,105 default_GLiNERGuardBatched yxu53mp3 10cb03a5-12ff-41ca-b878-cffb24a04b39 -- POST /predict 200 130.4ms
[36m(ServeReplica:default:GLiNERGuardBatched pid=66363)[0m INFO 2026-04-29 14:29:21,107 default_GLiNERGuardBatched yxu53mp3 15829539-32da-49d6-9c92-2f9a1d67922d -- POST /predict 200 132.0ms
[36m(ServeReplica:default:GLiNERGuardBatched pid=66363)[0m INFO 2026-04-29 14:29:21,108 default_GLiNERGuardBatched yxu53mp3 f57c8ad0-aa6b-4ae2-9117-44d47c0e326a -- POST /predict 200 131.6ms
[36m(ServeReplica:default:GLiNERGuardBatched pid=66363)[0m INFO 2026-04-29 14:29:21,109 default_GLiNERGuardBatched yxu53mp3 135fb74b-8149-4d35-9b36-5a9fd3d24d11 -- POST /predict 200 131.3ms
[36m(ServeReplica:default:GLiNERGuardBatched pid=66363)[0m INFO 2026-04-29 14:29:21,139 default_GLiNERGuardBatched yxu53mp3 4971a06f-ae0b-4bce-8c16-80f833caefae -- POST /predict 200 159.8ms
[36m(ServeReplica:default:GLiNERGuardBatched pid=66363)[0m INFO 2026-04-29 14:29:21,139 default_GLiNERGuardBatched yxu53mp3 ddbb0514-12f7-41c0-8ff0-7906572729c1 -- POST /predict 200 156.5ms
[36m(ServeReplica:default:GLiNERGuardBatched pid=66363)[0m INFO 2026-04-29 14:29:21,235 default_GLiNERGuardBatched yxu53mp3 a1c5e228-208b-43ad-98fe-532268728815 -- POST /predict 200 249.5ms
[36m(ServeReplica:default:GLiNERGuardBatched pid=66363)[0m INFO 2026-04-29 14:29:21,235 default_GLiNERGuardBatched yxu53mp3 aecb96c9-24e2-4bd1-9bfa-70ccd002dcb4 -- POST /predict 200 248.7ms
[36m(ServeReplica:default:GLiNERGuardBatched pid=66363)[0m INFO 2026-04-29 14:29:21,236 default_GLiNERGuardBatched yxu53mp3 5cbfa3fd-c42e-4cbc-8edb-69ca37bda69c -- POST /predict 200 248.3ms
[36m(ServeReplica:default:GLiNERGuardBatched pid=66362)[0m INFO 2026-04-29 14:29:25,821 default_GLiNERGuardBatched iexco5u7 7ce0442e-7dd6-4df7-b342-1bf4dd3d0183 -- POST /predict 200 142.9ms[32m [repeated 71x across cluster][0m
[36m(ServeReplica:default:GLiNERGuardBatched pid=66362)[0m INFO 2026-04-29 14:29:30,966 default_GLiNERGuardBatched iexco5u7 be5c2b4b-5882-43c9-be57-5f27877805ba -- POST /predict 200 87.2ms[32m [repeated 151x across cluster][0m
[36m(ServeReplica:default:GLiNERGuardBatched pid=66361)[0m INFO 2026-04-29 14:29:36,070 default_GLiNERGuardBatched wwav38hz 6756748b-5f3c-42b2-b680-459edeac16b3 -- POST /predict 200 121.8ms[32m [repeated 234x across cluster][0m
[36m(ServeReplica:default:GLiNERGuardBatched pid=66362)[0m INFO 2026-04-29 14:29:41,235 default_GLiNERGuardBatched iexco5u7 2edafc6d-06ab-4315-85b9-6c882a5cf01d -- POST /predict 200 200.5ms[32m [repeated 371x across cluster][0m
[36m(ServeReplica:default:GLiNERGuardBatched pid=66362)[0m INFO 2026-04-29 14:29:46,237 default_GLiNERGuardBatched iexco5u7 630b6f00-be62-407e-8f04-73628b3eb079 -- POST /predict 200 94.2ms[32m [repeated 468x across cluster][0m
[36m(ServeReplica:default:GLiNERGuardBatched pid=66363)[0m INFO 2026-04-29 14:29:51,356 default_GLiNERGuardBatched yxu53mp3 0311c7df-118f-46e6-a2a5-8e0425d29cba -- POST /predict 200 158.1ms[32m [repeated 536x across cluster][0m
[36m(ServeReplica:default:GLiNERGuardBatched pid=66363)[0m INFO 2026-04-29 14:29:56,372 default_GLiNERGuardBatched yxu53mp3 ce246786-f730-4671-9a97-4828c10f2fb7 -- POST /predict 200 196.4ms[32m [repeated 565x across cluster][0m
[36m(ServeReplica:default:GLiNERGuardBatched pid=66362)[0m INFO 2026-04-29 14:30:01,607 default_GLiNERGuardBatched iexco5u7 fcb94331-56e6-4e7d-b1ce-d73d4373a2d9 -- POST /predict 200 420.7ms[32m [repeated 605x across cluster][0m
[36m(ServeReplica:default:GLiNERGuardBatched pid=66362)[0m INFO 2026-04-29 14:30:06,875 default_GLiNERGuardBatched iexco5u7 fe23aea8-7e1a-4f7a-8337-2b276db06670 -- POST /predict 200 496.8ms[32m [repeated 678x across cluster][0m
[36m(ServeReplica:default:GLiNERGuardBatched pid=66363)[0m INFO 2026-04-29 14:30:12,024 default_GLiNERGuardBatched yxu53mp3 d51c97b0-94b7-41a6-ac6c-8b66c8374b4b -- POST /predict 200 252.1ms[32m [repeated 655x across cluster][0m
[36m(ServeReplica:default:GLiNERGuardBatched pid=66363)[0m INFO 2026-04-29 14:30:17,157 default_GLiNERGuardBatched yxu53mp3 eb248d8d-d6d4-4fbc-9396-620efabf5dd9 -- POST /predict 200 350.8ms[32m [repeated 638x across cluster][0m
[36m(ServeReplica:default:GLiNERGuardBatched pid=66361)[0m INFO 2026-04-29 14:30:22,274 default_GLiNERGuardBatched wwav38hz 2bd5b11a-cd2f-4141-b6fd-7c931411625a -- POST /predict 200 286.2ms[32m [repeated 649x across cluster][0m
[36m(ServeReplica:default:GLiNERGuardBatched pid=66361)[0m INFO 2026-04-29 14:30:27,366 default_GLiNERGuardBatched wwav38hz f56a7b20-d60f-4bba-8db0-9cf43fb6e500 -- POST /predict 200 436.4ms[32m [repeated 681x across cluster][0m
[36m(ServeReplica:default:GLiNERGuardBatched pid=66361)[0m INFO 2026-04-29 14:30:32,438 default_GLiNERGuardBatched wwav38hz 597328ee-87ae-4810-9ea3-5746f363a32d -- POST /predict 200 526.4ms[32m [repeated 581x across cluster][0m
[36m(ServeReplica:default:GLiNERGuardBatched pid=66361)[0m INFO 2026-04-29 14:30:37,490 default_GLiNERGuardBatched wwav38hz 99d546f0-c7b5-4450-b029-f9b296a26c4c -- POST /predict 200 442.6ms[32m [repeated 504x across cluster][0m
[36m(ServeReplica:default:GLiNERGuardBatched pid=66363)[0m INFO 2026-04-29 14:30:42,467 default_GLiNERGuardBatched yxu53mp3 556c126c-cc65-47f7-98f7-722846cdb69f -- POST /predict 200 408.5ms[32m [repeated 714x across cluster][0m
[36m(ServeReplica:default:GLiNERGuardBatched pid=66362)[0m INFO 2026-04-29 14:30:47,529 default_GLiNERGuardBatched iexco5u7 a5ecc37a-aac5-4072-8588-20ced39fc826 -- POST /predict 200 596.8ms[32m [repeated 741x across cluster][0m
[36m(ServeReplica:default:GLiNERGuardBatched pid=66361)[0m INFO 2026-04-29 14:30:52,609 default_GLiNERGuardBatched wwav38hz a07c33ed-c0a0-4fd3-92c5-9e39f9224856 -- POST /predict 200 429.3ms[32m [repeated 703x across cluster][0m
[36m(ServeReplica:default:GLiNERGuardBatched pid=66361)[0m INFO 2026-04-29 14:30:57,667 default_GLiNERGuardBatched wwav38hz 06bfd66d-fc16-4c37-a2eb-d2d8f37ef388 -- POST /predict 200 282.9ms[32m [repeated 715x across cluster][0m
[36m(ServeReplica:default:GLiNERGuardBatched pid=66362)[0m INFO 2026-04-29 14:31:02,737 default_GLiNERGuardBatched iexco5u7 bfe43dff-0709-439e-bd60-1b06b8d4acee -- POST /predict 200 159.7ms[32m [repeated 724x across cluster][0m
[36m(ServeReplica:default:GLiNERGuardBatched pid=66362)[0m INFO 2026-04-29 14:31:07,905 default_GLiNERGuardBatched iexco5u7 63cb3e5e-fb57-4469-8f3d-d126f1db9114 -- POST /predict 200 542.8ms[32m [repeated 778x across cluster][0m
[36m(ServeReplica:default:GLiNERGuardBatched pid=66362)[0m INFO 2026-04-29 14:31:13,445 default_GLiNERGuardBatched iexco5u7 648190c1-8fb7-4dd1-b5e4-a34cd637976a -- POST /predict 200 333.9ms[32m [repeated 769x across cluster][0m
[36m(ServeReplica:default:GLiNERGuardBatched pid=66363)[0m INFO 2026-04-29 14:31:18,513 default_GLiNERGuardBatched yxu53mp3 2da16f30-630c-4256-b3c7-095d73e86ade -- POST /predict 200 426.9ms[32m [repeated 683x across cluster][0m
[36m(ServeReplica:default:GLiNERGuardBatched pid=66361)[0m INFO 2026-04-29 14:31:23,543 default_GLiNERGuardBatched wwav38hz da06330f-b403-4ef2-a857-2a3be4f26763 -- POST /predict 200 683.2ms[32m [repeated 735x across cluster][0m
[36m(ServeReplica:default:GLiNERGuardBatched pid=66362)[0m INFO 2026-04-29 14:31:28,754 default_GLiNERGuardBatched iexco5u7 fe864ccc-c799-4cf4-b037-f1cd7e977dde -- POST /predict 200 913.5ms[32m [repeated 736x across cluster][0m
[36m(ServeReplica:default:GLiNERGuardBatched pid=66362)[0m INFO 2026-04-29 14:31:33,769 default_GLiNERGuardBatched iexco5u7 46cbbddd-09d3-4c24-8857-3a81568446ca -- POST /predict 200 305.9ms[32m [repeated 712x across cluster][0m
[36m(ServeReplica:default:GLiNERGuardBatched pid=66361)[0m INFO 2026-04-29 14:31:39,194 default_GLiNERGuardBatched wwav38hz 1d4cbe69-adc4-49ac-bbfe-3471c7985de5 -- POST /predict 200 555.0ms[32m [repeated 699x across cluster][0m
[36m(ServeReplica:default:GLiNERGuardBatched pid=66363)[0m INFO 2026-04-29 14:31:44,186 default_GLiNERGuardBatched yxu53mp3 336c1853-395a-4d4c-851d-98a3bb3d7441 -- POST /predict 200 405.3ms[32m [repeated 418x across cluster][0m
[36m(ServeReplica:default:GLiNERGuardBatched pid=66363)[0m INFO 2026-04-29 14:31:49,290 default_GLiNERGuardBatched yxu53mp3 7d915fab-4da0-4993-9f8c-887fd730fd28 -- POST /predict 200 360.5ms[32m [repeated 808x across cluster][0m
[36m(ServeReplica:default:GLiNERGuardBatched pid=66362)[0m INFO 2026-04-29 14:31:54,365 default_GLiNERGuardBatched iexco5u7 b9211e46-49c2-4d1a-b0ae-274a2dae4e10 -- POST /predict 200 450.2ms[32m [repeated 777x across cluster][0m
[36m(ServeReplica:default:GLiNERGuardBatched pid=66361)[0m INFO 2026-04-29 14:31:59,520 default_GLiNERGuardBatched wwav38hz cf8591a6-4f89-4246-867d-2df8c7bd571c -- POST /predict 200 299.4ms[32m [repeated 660x across cluster][0m
[36m(ServeReplica:default:GLiNERGuardBatched pid=66361)[0m INFO 2026-04-29 14:32:04,592 default_GLiNERGuardBatched wwav38hz b777e970-51e2-47c7-b0cb-6bafac58ef6b -- POST /predict 200 503.9ms[32m [repeated 710x across cluster][0m
[36m(ServeReplica:default:GLiNERGuardBatched pid=66361)[0m INFO 2026-04-29 14:32:09,667 default_GLiNERGuardBatched wwav38hz 12afa9d3-558c-490d-a506-96e5e36fcb52 -- POST /predict 200 486.7ms[32m [repeated 600x across cluster][0m
[36m(ServeReplica:default:GLiNERGuardBatched pid=66361)[0m INFO 2026-04-29 14:32:14,760 default_GLiNERGuardBatched wwav38hz 367b1568-1307-45ac-a5d4-67e08c3b5b06 -- POST /predict 200 568.1ms[32m [repeated 630x across cluster][0m
[36m(ServeReplica:default:GLiNERGuardBatched pid=66361)[0m INFO 2026-04-29 14:32:19,890 default_GLiNERGuardBatched wwav38hz a4793f59-9f87-4cd5-a709-2bf8d684c268 -- POST /predict 200 758.0ms[32m [repeated 708x across cluster][0m
[36m(ServeReplica:default:GLiNERGuardBatched pid=66365)[0m INFO 2026-04-29 14:32:25,391 default_GLiNERGuardBatched uyzoqu9q 2ec64378-f838-41c2-9e79-2be851759fab -- POST /predict 200 625.1ms[32m [repeated 764x across cluster][0m
[36m(ServeReplica:default:GLiNERGuardBatched pid=66362)[0m INFO 2026-04-29 14:32:30,664 default_GLiNERGuardBatched iexco5u7 35293e37-ce5e-4ec5-a420-71caa9303232 -- POST /predict 200 773.7ms[32m [repeated 710x across cluster][0m
[36m(ServeReplica:default:GLiNERGuardBatched pid=66365)[0m INFO 2026-04-29 14:32:35,918 default_GLiNERGuardBatched uyzoqu9q d46f9569-bdc8-472c-af52-c3ae871a3858 -- POST /predict 200 877.5ms[32m [repeated 722x across cluster][0m
[36m(ServeReplica:default:GLiNERGuardBatched pid=66361)[0m INFO 2026-04-29 14:32:40,995 default_GLiNERGuardBatched wwav38hz 61fe0988-5fcf-4b7b-93b3-b58d4c09487a -- POST /predict 200 656.9ms[32m [repeated 753x across cluster][0m
[36m(ServeReplica:default:GLiNERGuardBatched pid=66362)[0m INFO 2026-04-29 14:32:46,210 default_GLiNERGuardBatched iexco5u7 8a6cd2dc-3c32-4bdd-bf3f-78f7ab72be75 -- POST /predict 200 543.2ms[32m [repeated 727x across cluster][0m
[36m(ServeReplica:default:GLiNERGuardBatched pid=66362)[0m INFO 2026-04-29 14:32:51,268 default_GLiNERGuardBatched iexco5u7 be0467b4-dbfc-46dd-a6ad-8ff25baa0f86 -- POST /predict 200 358.3ms[32m [repeated 699x across cluster][0m
[36m(ServeReplica:default:GLiNERGuardBatched pid=66363)[0m INFO 2026-04-29 14:32:56,315 default_GLiNERGuardBatched yxu53mp3 2c3c6426-9a6e-49af-8f28-98220b739d91 -- POST /predict 200 194.2ms[32m [repeated 730x across cluster][0m
[36m(ServeReplica:default:GLiNERGuardBatched pid=66361)[0m INFO 2026-04-29 14:33:01,433 default_GLiNERGuardBatched wwav38hz 244cbebd-05a8-4890-ba47-5a9f2ff887cd -- POST /predict 200 272.4ms[32m [repeated 743x across cluster][0m
[36m(ServeReplica:default:GLiNERGuardBatched pid=66361)[0m INFO 2026-04-29 14:33:06,543 default_GLiNERGuardBatched wwav38hz a9f2bd74-602b-48bb-8cb8-6dd25af0a481 -- POST /predict 200 118.0ms[32m [repeated 758x across cluster][0m
[36m(ServeReplica:default:GLiNERGuardBatched pid=66363)[0m INFO 2026-04-29 14:33:11,614 default_GLiNERGuardBatched yxu53mp3 8d1166d1-edf2-4d18-af7d-4e63a814e4b5 -- POST /predict 200 306.2ms[32m [repeated 737x across cluster][0m
[36m(ServeReplica:default:GLiNERGuardBatched pid=66365)[0m INFO 2026-04-29 14:33:16,663 default_GLiNERGuardBatched uyzoqu9q 50fb8421-6f31-4288-97bf-409c7b99d81b -- POST /predict 200 425.0ms[32m [repeated 756x across cluster][0m
[36m(ServeReplica:default:GLiNERGuardBatched pid=66363)[0m INFO 2026-04-29 14:33:21,804 default_GLiNERGuardBatched yxu53mp3 f6f56303-22b6-4d83-8227-7e028d6c6738 -- POST /predict 200 665.6ms[32m [repeated 770x across cluster][0m
[36m(ServeReplica:default:GLiNERGuardBatched pid=66362)[0m INFO 2026-04-29 14:33:26,933 default_GLiNERGuardBatched iexco5u7 a0147560-7431-42b9-ae78-4f45d13893df -- POST /predict 200 543.8ms[32m [repeated 577x across cluster][0m
[36m(ServeReplica:default:GLiNERGuardBatched pid=66362)[0m INFO 2026-04-29 14:33:32,025 default_GLiNERGuardBatched iexco5u7 577d972f-507d-4e63-a9d4-cd02cab2fe83 -- POST /predict 200 193.8ms[32m [repeated 727x across cluster][0m
[36m(ServeReplica:default:GLiNERGuardBatched pid=66365)[0m INFO 2026-04-29 14:33:37,167 default_GLiNERGuardBatched uyzoqu9q f7bd770d-792f-4c8c-ae87-5dc54bc76776 -- POST /predict 200 346.7ms[32m [repeated 766x across cluster][0m
[36m(ServeReplica:default:GLiNERGuardBatched pid=66365)[0m INFO 2026-04-29 14:33:42,436 default_GLiNERGuardBatched uyzoqu9q 58b80bde-e3c0-4ab5-a0b5-b8314e0a1022 -- POST /predict 200 831.5ms[32m [repeated 795x across cluster][0m
[36m(ServeReplica:default:GLiNERGuardBatched pid=66362)[0m INFO 2026-04-29 14:33:47,510 default_GLiNERGuardBatched iexco5u7 c7b349d3-d8dd-46b5-a3bf-b7ecfe9595db -- POST /predict 200 272.6ms[32m [repeated 786x across cluster][0m
[36m(ServeReplica:default:GLiNERGuardBatched pid=66361)[0m INFO 2026-04-29 14:33:52,641 default_GLiNERGuardBatched wwav38hz 947107a6-6923-4751-bd53-8e5ecd51b71b -- POST /predict 200 464.9ms[32m [repeated 813x across cluster][0m
[36m(ServeReplica:default:GLiNERGuardBatched pid=66361)[0m INFO 2026-04-29 14:33:57,660 default_GLiNERGuardBatched wwav38hz 5b77ccad-17b7-4071-85c0-4ba4a4ef9733 -- POST /predict 200 425.4ms[32m [repeated 781x across cluster][0m
[36m(ServeReplica:default:GLiNERGuardBatched pid=66361)[0m INFO 2026-04-29 14:34:02,737 default_GLiNERGuardBatched wwav38hz 8bc7849a-4379-4533-b7cb-785c02c47108 -- POST /predict 200 384.4ms[32m [repeated 795x across cluster][0m
[36m(ServeReplica:default:GLiNERGuardBatched pid=66362)[0m INFO 2026-04-29 14:34:07,770 default_GLiNERGuardBatched iexco5u7 830ddc89-da1e-431a-9eda-d8c50995b06a -- POST /predict 200 663.5ms[32m [repeated 646x across cluster][0m
[36m(ServeReplica:default:GLiNERGuardBatched pid=66361)[0m INFO 2026-04-29 14:34:12,854 default_GLiNERGuardBatched wwav38hz a5b0acf9-9e08-4be9-882f-8a3555d45102 -- POST /predict 200 490.4ms[32m [repeated 728x across cluster][0m
[36m(ServeReplica:default:GLiNERGuardBatched pid=66363)[0m INFO 2026-04-29 14:34:18,092 default_GLiNERGuardBatched yxu53mp3 1d8bbc51-3e8e-4abe-8ec8-3266ef205ebb -- POST /predict 200 308.7ms[32m [repeated 686x across cluster][0m
[36m(ServeReplica:default:GLiNERGuardBatched pid=66361)[0m INFO 2026-04-29 14:34:23,165 default_GLiNERGuardBatched wwav38hz 3f093a0d-766c-4ea0-bcc4-46a5638504c3 -- POST /predict 200 174.5ms[32m [repeated 730x across cluster][0m
[36m(ServeReplica:default:GLiNERGuardBatched pid=66363)[0m INFO 2026-04-29 14:34:28,200 default_GLiNERGuardBatched yxu53mp3 765ada29-1ac4-4194-bc2a-e6811bf9ca37 -- POST /predict 200 164.3ms[32m [repeated 764x across cluster][0m
[36m(ServeReplica:default:GLiNERGuardBatched pid=66361)[0m INFO 2026-04-29 14:34:33,193 default_GLiNERGuardBatched wwav38hz 4b8a5e21-8604-4873-9cb1-53eaa26e660c -- POST /predict 200 445.7ms[32m [repeated 696x across cluster][0m
[36m(ServeReplica:default:GLiNERGuardBatched pid=66362)[0m INFO 2026-04-29 14:34:38,463 default_GLiNERGuardBatched iexco5u7 113f27b8-6e22-46cc-903f-d17930e4e521 -- POST /predict 200 524.5ms[32m [repeated 748x across cluster][0m
[36m(ServeReplica:default:GLiNERGuardBatched pid=66363)[0m INFO 2026-04-29 14:34:43,548 default_GLiNERGuardBatched yxu53mp3 2b82e657-5a1a-4dba-b371-1416046c0b16 -- POST /predict 200 558.9ms[32m [repeated 722x across cluster][0m
[36m(ServeReplica:default:GLiNERGuardBatched pid=66361)[0m INFO 2026-04-29 14:34:48,576 default_GLiNERGuardBatched wwav38hz 155c9ebf-7dbc-451d-95ee-d69610396739 -- POST /predict 200 381.0ms[32m [repeated 796x across cluster][0m
[36m(ServeReplica:default:GLiNERGuardBatched pid=66363)[0m INFO 2026-04-29 14:34:53,691 default_GLiNERGuardBatched yxu53mp3 8d8c3eda-a709-4861-95fe-61029c28a7f4 -- POST /predict 200 616.9ms[32m [repeated 688x across cluster][0m
[36m(ServeReplica:default:GLiNERGuardBatched pid=66362)[0m INFO 2026-04-29 14:34:59,222 default_GLiNERGuardBatched iexco5u7 f4fc2b74-425f-4f4a-bac2-c364d942c1a1 -- POST /predict 200 666.8ms[32m [repeated 726x across cluster][0m
[36m(ServeReplica:default:GLiNERGuardBatched pid=66362)[0m INFO 2026-04-29 14:35:04,279 default_GLiNERGuardBatched iexco5u7 3e3ec483-6211-47e6-ae85-3b3802dcccc5 -- POST /predict 200 396.3ms[32m [repeated 719x across cluster][0m
[36m(ServeReplica:default:GLiNERGuardBatched pid=66362)[0m INFO 2026-04-29 14:35:09,323 default_GLiNERGuardBatched iexco5u7 7f0febaa-0cdd-476d-b494-797fc0a37372 -- POST /predict 200 582.3ms[32m [repeated 768x across cluster][0m
[36m(ServeReplica:default:GLiNERGuardBatched pid=66363)[0m INFO 2026-04-29 14:35:14,440 default_GLiNERGuardBatched yxu53mp3 009a75d6-bd5f-48f1-8905-79f84cdca41b -- POST /predict 200 506.1ms[32m [repeated 772x across cluster][0m
[36m(ServeReplica:default:GLiNERGuardBatched pid=66362)[0m INFO 2026-04-29 14:35:19,613 default_GLiNERGuardBatched iexco5u7 cb1efcf7-9891-4d31-9857-27ed157d932a -- POST /predict 200 282.1ms[32m [repeated 768x across cluster][0m
[36m(ServeReplica:default:GLiNERGuardBatched pid=66361)[0m INFO 2026-04-29 14:35:25,032 default_GLiNERGuardBatched wwav38hz 23e17f1d-ae2a-4e00-8e98-a5cbe46fe3e4 -- POST /predict 200 422.7ms[32m [repeated 815x across cluster][0m
[36m(ServeReplica:default:GLiNERGuardBatched pid=66362)[0m INFO 2026-04-29 14:35:30,086 default_GLiNERGuardBatched iexco5u7 556c78f6-8a04-4514-8713-c7e297de4b43 -- POST /predict 200 117.5ms[32m [repeated 813x across cluster][0m
[36m(ServeReplica:default:GLiNERGuardBatched pid=66365)[0m INFO 2026-04-29 14:35:35,171 default_GLiNERGuardBatched uyzoqu9q f8e54689-05cd-4189-9375-95c3e43af017 -- POST /predict 200 134.3ms[32m [repeated 820x across cluster][0m
[36m(ServeReplica:default:GLiNERGuardBatched pid=66362)[0m INFO 2026-04-29 14:35:40,170 default_GLiNERGuardBatched iexco5u7 07f3572c-da8e-4b84-8b8f-5c8d1c6bc208 -- POST /predict 200 492.1ms[32m [repeated 757x across cluster][0m
[36m(ServeReplica:default:GLiNERGuardBatched pid=66361)[0m INFO 2026-04-29 14:35:45,181 default_GLiNERGuardBatched wwav38hz 6103dba9-ba6c-4b92-8a02-a9750db85ef9 -- POST /predict 200 369.6ms[32m [repeated 823x across cluster][0m
[36m(ServeReplica:default:GLiNERGuardBatched pid=66362)[0m INFO 2026-04-29 14:35:50,418 default_GLiNERGuardBatched iexco5u7 5d1dd392-5ec8-4cba-82e1-a0632566cc96 -- POST /predict 200 255.2ms[32m [repeated 757x across cluster][0m
[36m(ServeReplica:default:GLiNERGuardBatched pid=66362)[0m INFO 2026-04-29 14:35:55,436 default_GLiNERGuardBatched iexco5u7 e5793b39-1cf4-4a39-871e-8027920baf40 -- POST /predict 200 412.3ms[32m [repeated 793x across cluster][0m
[36m(ServeReplica:default:GLiNERGuardBatched pid=66362)[0m INFO 2026-04-29 14:36:00,483 default_GLiNERGuardBatched iexco5u7 5ca3c770-aa96-47b2-9ba9-e4b27dc6361f -- POST /predict 200 391.5ms[32m [repeated 741x across cluster][0m
[36m(ServeReplica:default:GLiNERGuardBatched pid=66362)[0m INFO 2026-04-29 14:36:05,552 default_GLiNERGuardBatched iexco5u7 03727b24-9752-4ade-9729-bab96aab9356 -- POST /predict 200 897.6ms[32m [repeated 800x across cluster][0m
[36m(ServeReplica:default:GLiNERGuardBatched pid=66362)[0m INFO 2026-04-29 14:36:10,916 default_GLiNERGuardBatched iexco5u7 c8b0417a-b1b5-4633-a49a-5dc727e3a961 -- POST /predict 200 566.4ms[32m [repeated 792x across cluster][0m
[36m(ServeReplica:default:GLiNERGuardBatched pid=66363)[0m INFO 2026-04-29 14:36:16,152 default_GLiNERGuardBatched yxu53mp3 6dd8f25a-0663-442a-91b7-3e327e829dd4 -- POST /predict 200 384.5ms[32m [repeated 806x across cluster][0m
[36m(ServeReplica:default:GLiNERGuardBatched pid=66361)[0m INFO 2026-04-29 14:36:21,182 default_GLiNERGuardBatched wwav38hz 3b1c5511-8c1e-468a-95fb-36f8f87d61f5 -- POST /predict 200 729.4ms[32m [repeated 790x across cluster][0m
[36m(ServeReplica:default:GLiNERGuardBatched pid=66362)[0m INFO 2026-04-29 14:36:26,376 default_GLiNERGuardBatched iexco5u7 30a80a4e-3f8e-498c-a748-d3bbc71df45e -- POST /predict 200 532.1ms[32m [repeated 727x across cluster][0m
[36m(ServeReplica:default:GLiNERGuardBatched pid=66361)[0m INFO 2026-04-29 14:36:31,457 default_GLiNERGuardBatched wwav38hz 91349359-6efc-4885-931d-09064cdf4a98 -- POST /predict 200 143.5ms[32m [repeated 743x across cluster][0m
[36m(ServeReplica:default:GLiNERGuardBatched pid=66363)[0m INFO 2026-04-29 14:36:36,490 default_GLiNERGuardBatched yxu53mp3 d6d4ac8c-30ca-42c5-9fbd-0ce9f4a5ee86 -- POST /predict 200 138.2ms[32m [repeated 704x across cluster][0m
[36m(ServeReplica:default:GLiNERGuardBatched pid=66361)[0m INFO 2026-04-29 14:36:41,586 default_GLiNERGuardBatched wwav38hz d3abaf09-9a5e-414c-a580-ac6188a9bc93 -- POST /predict 200 728.5ms[32m [repeated 771x across cluster][0m
[36m(ServeReplica:default:GLiNERGuardBatched pid=66361)[0m INFO 2026-04-29 14:36:46,768 default_GLiNERGuardBatched wwav38hz f2a07a72-62fe-43c1-bcc9-292af303a0bb -- POST /predict 200 516.0ms[32m [repeated 779x across cluster][0m
[36m(ServeReplica:default:GLiNERGuardBatched pid=66363)[0m INFO 2026-04-29 14:36:51,868 default_GLiNERGuardBatched yxu53mp3 1f655f94-30a7-45e8-a70f-d276d6a9357e -- POST /predict 200 422.4ms[32m [repeated 745x across cluster][0m
[36m(ServeReplica:default:GLiNERGuardBatched pid=66363)[0m INFO 2026-04-29 14:36:56,941 default_GLiNERGuardBatched yxu53mp3 136080dd-96b5-4d6d-bbea-34fac81d368f -- POST /predict 200 460.8ms[32m [repeated 785x across cluster][0m
[36m(ServeReplica:default:GLiNERGuardBatched pid=66365)[0m INFO 2026-04-29 14:37:02,153 default_GLiNERGuardBatched uyzoqu9q da38bfbf-0a31-4115-bc3e-1d8cce279bb3 -- POST /predict 200 188.9ms[32m [repeated 775x across cluster][0m
[36m(ServeReplica:default:GLiNERGuardBatched pid=66362)[0m INFO 2026-04-29 14:37:07,237 default_GLiNERGuardBatched iexco5u7 a2a92412-2288-49f8-84b7-50bc08dee9fd -- POST /predict 200 185.4ms[32m [repeated 771x across cluster][0m
[36m(ServeReplica:default:GLiNERGuardBatched pid=66363)[0m INFO 2026-04-29 14:37:12,278 default_GLiNERGuardBatched yxu53mp3 8599028f-e273-4194-bd75-9c567482a3f7 -- POST /predict 200 423.3ms[32m [repeated 750x across cluster][0m
[36m(ServeReplica:default:GLiNERGuardBatched pid=66363)[0m INFO 2026-04-29 14:37:17,364 default_GLiNERGuardBatched yxu53mp3 bc82b61e-b9ca-4c46-be28-b9e4352e6d2e -- POST /predict 200 376.5ms[32m [repeated 799x across cluster][0m
[36m(ServeReplica:default:GLiNERGuardBatched pid=66361)[0m INFO 2026-04-29 14:37:22,533 default_GLiNERGuardBatched wwav38hz 554cc7ed-ba17-47da-9045-ef104482ceca -- POST /predict 200 378.8ms[32m [repeated 808x across cluster][0m
[36m(ServeReplica:default:GLiNERGuardBatched pid=66362)[0m INFO 2026-04-29 14:37:27,757 default_GLiNERGuardBatched iexco5u7 53577e08-dde8-49d4-b0d2-f9604fb0fe05 -- POST /predict 200 550.3ms[32m [repeated 780x across cluster][0m
[36m(ServeReplica:default:GLiNERGuardBatched pid=66363)[0m INFO 2026-04-29 14:37:32,846 default_GLiNERGuardBatched yxu53mp3 112a05af-ecb2-4fa7-8887-f92987a1d9e0 -- POST /predict 200 490.9ms[32m [repeated 785x across cluster][0m
[36m(ServeReplica:default:GLiNERGuardBatched pid=66362)[0m INFO 2026-04-29 14:37:38,009 default_GLiNERGuardBatched iexco5u7 9d48f007-321d-466d-abfd-269b703833b5 -- POST /predict 200 413.9ms[32m [repeated 777x across cluster][0m
[36m(ServeReplica:default:GLiNERGuardBatched pid=66361)[0m INFO 2026-04-29 14:37:43,477 default_GLiNERGuardBatched wwav38hz 9237be37-a940-4fe1-a3bd-242e9b332cd0 -- POST /predict 200 584.7ms[32m [repeated 737x across cluster][0m
[36m(ServeReplica:default:GLiNERGuardBatched pid=66363)[0m INFO 2026-04-29 14:37:48,551 default_GLiNERGuardBatched yxu53mp3 b46394b3-8436-4b67-824a-4c6575a048a1 -- POST /predict 200 594.5ms[32m [repeated 769x across cluster][0m
[36m(ServeReplica:default:GLiNERGuardBatched pid=66362)[0m INFO 2026-04-29 14:37:53,757 default_GLiNERGuardBatched iexco5u7 c6733109-0123-4350-8fe3-ce62dbde574d -- POST /predict 200 423.1ms[32m [repeated 760x across cluster][0m
[36m(ServeReplica:default:GLiNERGuardBatched pid=66362)[0m INFO 2026-04-29 14:37:58,947 default_GLiNERGuardBatched iexco5u7 2ddcb787-ab34-46c4-92d0-2024e3b97781 -- POST /predict 200 256.5ms[32m [repeated 748x across cluster][0m
[36m(ServeReplica:default:GLiNERGuardBatched pid=66361)[0m INFO 2026-04-29 14:38:03,936 default_GLiNERGuardBatched wwav38hz a4f3a338-be98-4824-8102-add22bc934e8 -- POST /predict 200 505.8ms[32m [repeated 750x across cluster][0m
[36m(ServeReplica:default:GLiNERGuardBatched pid=66363)[0m INFO 2026-04-29 14:38:08,988 default_GLiNERGuardBatched yxu53mp3 1b28dcc9-9123-46bd-a66c-8fe85a05ac36 -- POST /predict 200 312.7ms[32m [repeated 705x across cluster][0m
[36m(ServeReplica:default:GLiNERGuardBatched pid=66361)[0m INFO 2026-04-29 14:38:14,137 default_GLiNERGuardBatched wwav38hz 9fb033f6-99a1-431f-84ea-c7a89ca25cce -- POST /predict 200 635.6ms[32m [repeated 735x across cluster][0m
[36m(ServeReplica:default:GLiNERGuardBatched pid=66361)[0m INFO 2026-04-29 14:38:19,244 default_GLiNERGuardBatched wwav38hz f15ed63e-217a-4e29-bed9-6bf3d2402b33 -- POST /predict 200 1231.9ms[32m [repeated 656x across cluster][0m
[36m(ServeReplica:default:GLiNERGuardBatched pid=66365)[0m INFO 2026-04-29 14:38:24,183 default_GLiNERGuardBatched uyzoqu9q a5021ca6-3df6-4438-84a8-0f7860298f57 -- POST /predict 200 158.5ms[32m [repeated 734x across cluster][0m
[36m(ServeReplica:default:GLiNERGuardBatched pid=66362)[0m INFO 2026-04-29 14:38:29,308 default_GLiNERGuardBatched iexco5u7 db4bcda0-4d96-4bb1-9c21-141c7a3e8dbf -- POST /predict 200 528.5ms[32m [repeated 703x across cluster][0m
[36m(ServeReplica:default:GLiNERGuardBatched pid=66362)[0m INFO 2026-04-29 14:38:34,434 default_GLiNERGuardBatched iexco5u7 25b5252a-c960-460c-9bcd-3e03f0399105 -- POST /predict 200 257.8ms[32m [repeated 772x across cluster][0m
[36m(ServeReplica:default:GLiNERGuardBatched pid=66365)[0m INFO 2026-04-29 14:38:39,421 default_GLiNERGuardBatched uyzoqu9q 107bd098-2bba-4bc3-a78c-814030c0c90b -- POST /predict 200 517.9ms[32m [repeated 713x across cluster][0m
[36m(ServeReplica:default:GLiNERGuardBatched pid=66362)[0m INFO 2026-04-29 14:38:44,902 default_GLiNERGuardBatched iexco5u7 9b4c17d7-e048-4fef-9d91-2bc6d57c793d -- POST /predict 200 475.3ms[32m [repeated 709x across cluster][0m
[36m(ServeReplica:default:GLiNERGuardBatched pid=66362)[0m INFO 2026-04-29 14:38:50,098 default_GLiNERGuardBatched iexco5u7 04720577-5655-4630-91da-de81ce99c0ec -- POST /predict 200 538.4ms[32m [repeated 701x across cluster][0m
[36m(ServeReplica:default:GLiNERGuardBatched pid=66361)[0m INFO 2026-04-29 14:38:55,321 default_GLiNERGuardBatched wwav38hz ab99d154-d404-48a7-b379-c3a8e854b710 -- POST /predict 200 616.9ms[32m [repeated 758x across cluster][0m
[36m(ServeReplica:default:GLiNERGuardBatched pid=66363)[0m INFO 2026-04-29 14:39:00,285 default_GLiNERGuardBatched yxu53mp3 1d291957-2522-4b05-9d2e-df135d093e2f -- POST /predict 200 442.5ms[32m [repeated 765x across cluster][0m
[36m(ServeReplica:default:GLiNERGuardBatched pid=66361)[0m INFO 2026-04-29 14:39:05,321 default_GLiNERGuardBatched wwav38hz 04809754-21a5-4aea-a5af-75a8d6ba4ed2 -- POST /predict 200 866.1ms[32m [repeated 742x across cluster][0m
[36m(ServeReplica:default:GLiNERGuardBatched pid=66362)[0m INFO 2026-04-29 14:39:10,404 default_GLiNERGuardBatched iexco5u7 910efdf7-7f8f-4a62-b282-bb856b97857f -- POST /predict 200 302.8ms[32m [repeated 779x across cluster][0m
[36m(ServeReplica:default:GLiNERGuardBatched pid=66362)[0m INFO 2026-04-29 14:39:15,536 default_GLiNERGuardBatched iexco5u7 98b12bde-ea3c-4710-834f-79871b5ea5c6 -- POST /predict 200 365.4ms[32m [repeated 714x across cluster][0m
[36m(ServeReplica:default:GLiNERGuardBatched pid=66362)[0m INFO 2026-04-29 14:39:20,618 default_GLiNERGuardBatched iexco5u7 32f4078d-8c66-4662-8b36-d07b1f33f4d5 -- POST /predict 200 428.8ms[32m [repeated 817x across cluster][0m
[36m(ServeReplica:default:GLiNERGuardBatched pid=66365)[0m INFO 2026-04-29 14:39:25,750 default_GLiNERGuardBatched uyzoqu9q c5fe8b71-ea52-40ce-906e-6aab4baed02d -- POST /predict 200 196.6ms[32m [repeated 742x across cluster][0m
[36m(ServeReplica:default:GLiNERGuardBatched pid=66362)[0m INFO 2026-04-29 14:39:30,821 default_GLiNERGuardBatched iexco5u7 93c329c5-20e4-4ffc-9feb-bfdb4bc33b31 -- POST /predict 200 663.9ms[32m [repeated 753x across cluster][0m
[36m(ServeReplica:default:GLiNERGuardBatched pid=66363)[0m INFO 2026-04-29 14:39:35,847 default_GLiNERGuardBatched yxu53mp3 abf2f50d-a28f-4510-b3b1-f93385b4f654 -- POST /predict 200 285.9ms[32m [repeated 772x across cluster][0m
[36m(ServeReplica:default:GLiNERGuardBatched pid=66362)[0m INFO 2026-04-29 14:39:40,894 default_GLiNERGuardBatched iexco5u7 718a1426-acc8-4e03-aba3-580c7e906161 -- POST /predict 200 493.3ms[32m [repeated 735x across cluster][0m
[36m(ServeReplica:default:GLiNERGuardBatched pid=66365)[0m INFO 2026-04-29 14:39:45,835 default_GLiNERGuardBatched uyzoqu9q 6f9cd60f-865a-4d17-beee-2033f5a04e64 -- POST /predict 200 350.9ms[32m [repeated 733x across cluster][0m
[36m(ServeReplica:default:GLiNERGuardBatched pid=66362)[0m INFO 2026-04-29 14:39:50,939 default_GLiNERGuardBatched iexco5u7 891777eb-9259-444e-9686-f203f7498ce3 -- POST /predict 200 714.2ms[32m [repeated 704x across cluster][0m
[36m(ServeReplica:default:GLiNERGuardBatched pid=66361)[0m INFO 2026-04-29 14:39:56,096 default_GLiNERGuardBatched wwav38hz bf9d25ce-a0a3-4e12-ac4a-7f5464047258 -- POST /predict 200 498.6ms[32m [repeated 695x across cluster][0m
[36m(ServeReplica:default:GLiNERGuardBatched pid=66361)[0m INFO 2026-04-29 14:40:01,235 default_GLiNERGuardBatched wwav38hz a73bdd15-e40e-452e-87f1-b76ac2351d6e -- POST /predict 200 808.4ms[32m [repeated 687x across cluster][0m
[36m(ServeReplica:default:GLiNERGuardBatched pid=66361)[0m INFO 2026-04-29 14:40:06,491 default_GLiNERGuardBatched wwav38hz 5b15c7ed-f2de-4a4e-9a0b-ba1e508dd65f -- POST /predict 200 534.2ms[32m [repeated 689x across cluster][0m
[36m(ServeReplica:default:GLiNERGuardBatched pid=66362)[0m INFO 2026-04-29 14:40:11,654 default_GLiNERGuardBatched iexco5u7 362799f8-0538-4fc4-b48a-fac20b0e315e -- POST /predict 200 605.0ms[32m [repeated 777x across cluster][0m
[36m(ServeReplica:default:GLiNERGuardBatched pid=66362)[0m INFO 2026-04-29 14:40:16,717 default_GLiNERGuardBatched iexco5u7 94356795-90d5-45ad-8930-4ae8b81626cf -- POST /predict 200 516.5ms[32m [repeated 763x across cluster][0m
[36m(ServeReplica:default:GLiNERGuardBatched pid=66362)[0m INFO 2026-04-29 14:40:21,661 default_GLiNERGuardBatched iexco5u7 d618fc24-ca11-4eb5-b56f-d6d12063cd9b -- POST /predict 200 457.7ms[32m [repeated 738x across cluster][0m
[36m(ServeReplica:default:GLiNERGuardBatched pid=66363)[0m INFO 2026-04-29 14:40:26,812 default_GLiNERGuardBatched yxu53mp3 71d73854-87f3-4247-a0ed-d4482bdd5e40 -- POST /predict 200 693.5ms[32m [repeated 796x across cluster][0m
[36m(ServeReplica:default:GLiNERGuardBatched pid=66361)[0m INFO 2026-04-29 14:40:31,846 default_GLiNERGuardBatched wwav38hz 81aa9ec7-0651-4916-b014-df7ea57d0183 -- POST /predict 200 763.5ms[32m [repeated 736x across cluster][0m
[36m(ServeReplica:default:GLiNERGuardBatched pid=66362)[0m INFO 2026-04-29 14:40:36,939 default_GLiNERGuardBatched iexco5u7 bc3bed0b-cb1d-4fdf-aaf9-156517ce9dbc -- POST /predict 200 489.3ms[32m [repeated 724x across cluster][0m
[36m(ServeReplica:default:GLiNERGuardBatched pid=66362)[0m INFO 2026-04-29 14:40:42,069 default_GLiNERGuardBatched iexco5u7 61c29f36-744c-4387-a9b3-aa60fa931f09 -- POST /predict 200 273.4ms[32m [repeated 704x across cluster][0m
[36m(ServeReplica:default:GLiNERGuardBatched pid=66362)[0m INFO 2026-04-29 14:40:47,221 default_GLiNERGuardBatched iexco5u7 73e97828-a36b-472b-94d1-44d4be1feb9c -- POST /predict 200 510.1ms[32m [repeated 749x across cluster][0m
[36m(ServeReplica:default:GLiNERGuardBatched pid=66362)[0m INFO 2026-04-29 14:40:52,247 default_GLiNERGuardBatched iexco5u7 46389fac-02f6-418c-b78f-de1240e49aae -- POST /predict 200 291.0ms[32m [repeated 770x across cluster][0m
[36m(ServeReplica:default:GLiNERGuardBatched pid=66362)[0m INFO 2026-04-29 14:40:57,472 default_GLiNERGuardBatched iexco5u7 127a806a-a6a0-41b9-92cf-6ebc9fdec270 -- POST /predict 200 413.6ms[32m [repeated 756x across cluster][0m
[36m(ServeReplica:default:GLiNERGuardBatched pid=66365)[0m INFO 2026-04-29 14:41:02,530 default_GLiNERGuardBatched uyzoqu9q eeba55f6-6a66-4b6c-8b8a-ec0f2f868a48 -- POST /predict 200 328.4ms[32m [repeated 675x across cluster][0m
[36m(ServeReplica:default:GLiNERGuardBatched pid=66363)[0m INFO 2026-04-29 14:41:07,666 default_GLiNERGuardBatched yxu53mp3 3bf8d0aa-7a70-4f66-848b-fae79fb4bf29 -- POST /predict 200 371.6ms[32m [repeated 731x across cluster][0m
[36m(ServeReplica:default:GLiNERGuardBatched pid=66362)[0m INFO 2026-04-29 14:41:12,871 default_GLiNERGuardBatched iexco5u7 53360ffa-ced1-410b-aeea-a182b1ba97b7 -- POST /predict 200 501.2ms[32m [repeated 746x across cluster][0m
[36m(ServeReplica:default:GLiNERGuardBatched pid=66361)[0m INFO 2026-04-29 14:41:17,952 default_GLiNERGuardBatched wwav38hz fc33c9af-38fb-43de-a7e9-8fadb7d0374b -- POST /predict 200 479.8ms[32m [repeated 752x across cluster][0m
[36m(ServeReplica:default:GLiNERGuardBatched pid=66365)[0m INFO 2026-04-29 14:41:23,099 default_GLiNERGuardBatched uyzoqu9q d095511c-30aa-4578-ae67-24a48e0d5e33 -- POST /predict 200 423.5ms[32m [repeated 739x across cluster][0m
[36m(ServeReplica:default:GLiNERGuardBatched pid=66361)[0m INFO 2026-04-29 14:41:28,274 default_GLiNERGuardBatched wwav38hz 7d003629-0bbe-488b-8855-8e38f971877f -- POST /predict 200 498.6ms[32m [repeated 729x across cluster][0m
[36m(ServeReplica:default:GLiNERGuardBatched pid=66362)[0m INFO 2026-04-29 14:41:33,439 default_GLiNERGuardBatched iexco5u7 76c14745-0010-4dc3-a85e-3311f3df4583 -- POST /predict 200 496.1ms[32m [repeated 767x across cluster][0m
[36m(ServeReplica:default:GLiNERGuardBatched pid=66365)[0m INFO 2026-04-29 14:41:38,604 default_GLiNERGuardBatched uyzoqu9q d6a6c44a-ce8b-4f72-81f3-8d7c4a38b00e -- POST /predict 200 420.2ms[32m [repeated 811x across cluster][0m
[36m(ServeReplica:default:GLiNERGuardBatched pid=66362)[0m INFO 2026-04-29 14:41:43,788 default_GLiNERGuardBatched iexco5u7 6eeeabba-abba-445a-963d-bd6b534ac7f1 -- POST /predict 200 230.1ms[32m [repeated 748x across cluster][0m
[36m(ServeReplica:default:GLiNERGuardBatched pid=66362)[0m INFO 2026-04-29 14:41:48,971 default_GLiNERGuardBatched iexco5u7 3ad85f60-7611-4676-9369-d1f586c9f7e9 -- POST /predict 200 161.0ms[32m [repeated 707x across cluster][0m
[36m(ServeReplica:default:GLiNERGuardBatched pid=66361)[0m INFO 2026-04-29 14:41:54,336 default_GLiNERGuardBatched wwav38hz 05017fc6-e250-4d26-9e29-5d3dd6c2d80c -- POST /predict 200 578.1ms[32m [repeated 699x across cluster][0m
[36m(ServeReplica:default:GLiNERGuardBatched pid=66362)[0m INFO 2026-04-29 14:41:59,333 default_GLiNERGuardBatched iexco5u7 37b91d68-a99e-40a6-bea4-6e1ffea56566 -- POST /predict 200 603.1ms[32m [repeated 676x across cluster][0m
[36m(ServeReplica:default:GLiNERGuardBatched pid=66362)[0m INFO 2026-04-29 14:42:04,431 default_GLiNERGuardBatched iexco5u7 fdbe5c44-d335-4729-9979-fdad11453534 -- POST /predict 200 329.3ms[32m [repeated 702x across cluster][0m
[36m(ServeReplica:default:GLiNERGuardBatched pid=66362)[0m INFO 2026-04-29 14:42:09,701 default_GLiNERGuardBatched iexco5u7 c56cb15f-a833-4cbf-a4d0-a405ce8c6673 -- POST /predict 200 384.2ms[32m [repeated 730x across cluster][0m
[36m(ServeReplica:default:GLiNERGuardBatched pid=66362)[0m INFO 2026-04-29 14:42:14,848 default_GLiNERGuardBatched iexco5u7 8185633e-0464-4190-9751-b79c7ede2800 -- POST /predict 200 697.6ms[32m [repeated 780x across cluster][0m
[36m(ServeReplica:default:GLiNERGuardBatched pid=66363)[0m INFO 2026-04-29 14:42:19,867 default_GLiNERGuardBatched yxu53mp3 be699abe-f46b-477e-ace1-af62d54a57a3 -- POST /predict 200 497.6ms[32m [repeated 782x across cluster][0m
[36m(ServeReplica:default:GLiNERGuardBatched pid=66362)[0m INFO 2026-04-29 14:42:24,996 default_GLiNERGuardBatched iexco5u7 6e2e21ba-d22a-43cf-9d0b-28b16f01807e -- POST /predict 200 204.5ms[32m [repeated 710x across cluster][0m
[36m(ServeReplica:default:GLiNERGuardBatched pid=66362)[0m INFO 2026-04-29 14:42:30,035 default_GLiNERGuardBatched iexco5u7 472ff68f-c9ab-4283-985f-e11df50c105e -- POST /predict 200 516.0ms[32m [repeated 751x across cluster][0m
[36m(ServeReplica:default:GLiNERGuardBatched pid=66365)[0m INFO 2026-04-29 14:42:35,074 default_GLiNERGuardBatched uyzoqu9q 2695db23-ae56-4b72-a455-05463efbab54 -- POST /predict 200 520.4ms[32m [repeated 798x across cluster][0m
[36m(ServeReplica:default:GLiNERGuardBatched pid=66365)[0m INFO 2026-04-29 14:42:40,145 default_GLiNERGuardBatched uyzoqu9q d1f29673-f8bc-4cee-80bf-a8be2588eb67 -- POST /predict 200 308.4ms[32m [repeated 867x across cluster][0m
[36m(ServeReplica:default:GLiNERGuardBatched pid=66362)[0m INFO 2026-04-29 14:42:45,255 default_GLiNERGuardBatched iexco5u7 dad78074-2730-42d7-a3d2-2b975d5ffd66 -- POST /predict 200 262.4ms[32m [repeated 706x across cluster][0m
[36m(ServeReplica:default:GLiNERGuardBatched pid=66361)[0m INFO 2026-04-29 14:42:50,284 default_GLiNERGuardBatched wwav38hz fcb2c913-140b-4c32-a162-2803d8dfbebe -- POST /predict 200 628.1ms[32m [repeated 771x across cluster][0m
[36m(ServeReplica:default:GLiNERGuardBatched pid=66362)[0m INFO 2026-04-29 14:42:55,531 default_GLiNERGuardBatched iexco5u7 4f0cf37e-2a55-4136-8bed-ede36e6e5eca -- POST /predict 200 405.4ms[32m [repeated 794x across cluster][0m
[36m(ServeReplica:default:GLiNERGuardBatched pid=66362)[0m INFO 2026-04-29 14:43:00,867 default_GLiNERGuardBatched iexco5u7 02bf04ed-1186-4569-a7e0-a2aa83e85ac2 -- POST /predict 200 593.7ms[32m [repeated 696x across cluster][0m
[36m(ServeReplica:default:GLiNERGuardBatched pid=66362)[0m INFO 2026-04-29 14:43:06,036 default_GLiNERGuardBatched iexco5u7 b84b63a4-ce1f-4e4e-85ae-731c38db3479 -- POST /predict 200 599.6ms[32m [repeated 660x across cluster][0m
[36m(ServeReplica:default:GLiNERGuardBatched pid=66363)[0m INFO 2026-04-29 14:43:11,023 default_GLiNERGuardBatched yxu53mp3 db43bf2c-3ec6-41b1-92a3-2970c1c18620 -- POST /predict 200 451.7ms[32m [repeated 722x across cluster][0m
[36m(ServeReplica:default:GLiNERGuardBatched pid=66363)[0m INFO 2026-04-29 14:43:15,984 default_GLiNERGuardBatched yxu53mp3 d7dda79d-ae72-46cc-a82e-eb527385ab1d -- POST /predict 200 589.1ms[32m [repeated 662x across cluster][0m
[36m(ServeReplica:default:GLiNERGuardBatched pid=66365)[0m INFO 2026-04-29 14:43:21,151 default_GLiNERGuardBatched uyzoqu9q 16a74a1b-08aa-4168-926d-0ed7b87857a3 -- POST /predict 200 281.8ms[32m [repeated 777x across cluster][0m
[36m(ServeReplica:default:GLiNERGuardBatched pid=66362)[0m INFO 2026-04-29 14:43:26,421 default_GLiNERGuardBatched iexco5u7 9288a3ce-42fc-43a3-b821-c32f5f6b95fb -- POST /predict 200 412.6ms[32m [repeated 779x across cluster][0m
[36m(ServeReplica:default:GLiNERGuardBatched pid=66365)[0m INFO 2026-04-29 14:43:31,490 default_GLiNERGuardBatched uyzoqu9q eecc9d16-2643-41be-a6b9-98173d15daad -- POST /predict 200 477.7ms[32m [repeated 767x across cluster][0m
[36m(ServeReplica:default:GLiNERGuardBatched pid=66362)[0m INFO 2026-04-29 14:43:36,752 default_GLiNERGuardBatched iexco5u7 ff2e4926-4b82-42b7-9dc7-b90cdacb910b -- POST /predict 200 201.2ms[32m [repeated 812x across cluster][0m
[36m(ServeReplica:default:GLiNERGuardBatched pid=66362)[0m INFO 2026-04-29 14:43:41,997 default_GLiNERGuardBatched iexco5u7 59370103-691d-470e-a9b1-c69f5b488a3f -- POST /predict 200 722.5ms[32m [repeated 664x across cluster][0m
[36m(ServeReplica:default:GLiNERGuardBatched pid=66362)[0m INFO 2026-04-29 14:43:46,961 default_GLiNERGuardBatched iexco5u7 917eb443-1b4f-43ef-948f-9127d5f50f3c -- POST /predict 200 450.6ms[32m [repeated 744x across cluster][0m
[36m(ServeReplica:default:GLiNERGuardBatched pid=66361)[0m INFO 2026-04-29 14:43:52,074 default_GLiNERGuardBatched wwav38hz 1125e294-4ad3-42a1-9b59-5ad70d9ce053 -- POST /predict 200 656.6ms[32m [repeated 707x across cluster][0m
[36m(ServeReplica:default:GLiNERGuardBatched pid=66363)[0m INFO 2026-04-29 14:43:57,179 default_GLiNERGuardBatched yxu53mp3 596d71c1-9f89-45c3-a173-7adaea92f63f -- POST /predict 200 840.2ms[32m [repeated 788x across cluster][0m
[36m(ServeReplica:default:GLiNERGuardBatched pid=66363)[0m INFO 2026-04-29 14:44:02,219 default_GLiNERGuardBatched yxu53mp3 8678489c-1566-48e3-9a12-9176242402e9 -- POST /predict 200 448.8ms[32m [repeated 719x across cluster][0m
[36m(ServeReplica:default:GLiNERGuardBatched pid=66361)[0m INFO 2026-04-29 14:44:07,242 default_GLiNERGuardBatched wwav38hz 203f2b20-8566-4678-bf10-54d3566f0eba -- POST /predict 200 155.3ms[32m [repeated 751x across cluster][0m
[36m(ServeReplica:default:GLiNERGuardBatched pid=66362)[0m INFO 2026-04-29 14:44:12,307 default_GLiNERGuardBatched iexco5u7 6fff97c1-dd41-4d96-b0d6-a3f709edd0bc -- POST /predict 200 139.7ms[32m [repeated 756x across cluster][0m
[36m(ServeReplica:default:GLiNERGuardBatched pid=66365)[0m INFO 2026-04-29 14:44:17,388 default_GLiNERGuardBatched uyzoqu9q aede217d-0968-4249-becc-6a5303feae65 -- POST /predict 200 673.6ms[32m [repeated 813x across cluster][0m
[36m(ProxyActor pid=66359)[0m INFO 2026-04-29 14:44:21,788 proxy 172.24.0.2 b90169ed-80d4-43d8-ac01-c84b496e8499 -- Client for request b90169ed-80d4-43d8-ac01-c84b496e8499 disconnected, cancelling request.
[36m(ProxyActor pid=66359)[0m INFO 2026-04-29 14:44:21,791 proxy 172.24.0.2 8f407610-48cf-4ed8-99cc-7e564aebcb03 -- Client for request 8f407610-48cf-4ed8-99cc-7e564aebcb03 disconnected, cancelling request.
[36m(ProxyActor pid=66359)[0m INFO 2026-04-29 14:44:21,791 proxy 172.24.0.2 54fd8a26-2763-42b8-9044-56037018d361 -- Client for request 54fd8a26-2763-42b8-9044-56037018d361 disconnected, cancelling request.
[36m(ProxyActor pid=66359)[0m INFO 2026-04-29 14:44:21,792 proxy 172.24.0.2 d3077c50-0e73-4b7f-813f-6adfbcdd5a49 -- Client for request d3077c50-0e73-4b7f-813f-6adfbcdd5a49 disconnected, cancelling request.
[36m(ProxyActor pid=66359)[0m INFO 2026-04-29 14:44:21,793 proxy 172.24.0.2 3cb26566-9299-4de6-9d3f-5296658c5639 -- Client for request 3cb26566-9299-4de6-9d3f-5296658c5639 disconnected, cancelling request.
[36m(ServeReplica:default:GLiNERGuardBatched pid=66362)[0m INFO 2026-04-29 14:44:21,794 default_GLiNERGuardBatched iexco5u7 3cb26566-9299-4de6-9d3f-5296658c5639 -- POST /predict CANCELLED 525.0ms
[36m(ProxyActor pid=66359)[0m INFO 2026-04-29 14:44:21,807 proxy 172.24.0.2 fe5f0624-832e-43cc-9aee-4e225b588660 -- Client for request fe5f0624-832e-43cc-9aee-4e225b588660 disconnected, cancelling request.
[36m(ProxyActor pid=66359)[0m INFO 2026-04-29 14:44:21,807 proxy 172.24.0.2 807ba22a-5f52-44ca-8e18-251464eb920b -- Client for request 807ba22a-5f52-44ca-8e18-251464eb920b disconnected, cancelling request.
[36m(ProxyActor pid=66359)[0m INFO 2026-04-29 14:44:21,807 proxy 172.24.0.2 8a79c9fd-76a5-43e3-9566-b3bb7f75351d -- Client for request 8a79c9fd-76a5-43e3-9566-b3bb7f75351d disconnected, cancelling request.
[36m(ProxyActor pid=66359)[0m INFO 2026-04-29 14:44:21,808 proxy 172.24.0.2 e0059197-0313-4e97-95f2-9865bdd42434 -- Client for request e0059197-0313-4e97-95f2-9865bdd42434 disconnected, cancelling request.
[36m(ProxyActor pid=66359)[0m INFO 2026-04-29 14:44:21,808 proxy 172.24.0.2 50216075-d360-44de-b84d-d2de048b2d2a -- Client for request 50216075-d360-44de-b84d-d2de048b2d2a disconnected, cancelling request.
[36m(ProxyActor pid=66359)[0m INFO 2026-04-29 14:44:21,808 proxy 172.24.0.2 5a9d465f-0343-495b-93d9-5ff4bfb8bb2e -- Client for request 5a9d465f-0343-495b-93d9-5ff4bfb8bb2e disconnected, cancelling request.
[36m(ProxyActor pid=66359)[0m INFO 2026-04-29 14:44:21,809 proxy 172.24.0.2 1889bc52-e6b2-47b6-b9f8-4a24c40c1241 -- Client for request 1889bc52-e6b2-47b6-b9f8-4a24c40c1241 disconnected, cancelling request.
[36m(ProxyActor pid=66359)[0m INFO 2026-04-29 14:44:21,809 proxy 172.24.0.2 b9ca3dc2-9c33-4a3a-9419-aeb67bcbde09 -- Client for request b9ca3dc2-9c33-4a3a-9419-aeb67bcbde09 disconnected, cancelling request.
[36m(ProxyActor pid=66359)[0m INFO 2026-04-29 14:44:21,810 proxy 172.24.0.2 afb012cd-f9c1-4811-a57e-9c1e8d650ba9 -- Client for request afb012cd-f9c1-4811-a57e-9c1e8d650ba9 disconnected, cancelling request.
[36m(ProxyActor pid=66359)[0m INFO 2026-04-29 14:44:21,811 proxy 172.24.0.2 4dde492c-9177-4592-8007-b96c26b0823f -- Client for request 4dde492c-9177-4592-8007-b96c26b0823f disconnected, cancelling request.
[36m(ProxyActor pid=66359)[0m INFO 2026-04-29 14:44:21,812 proxy 172.24.0.2 7fb76835-0d1f-4a31-ae49-64cb60f7579d -- Client for request 7fb76835-0d1f-4a31-ae49-64cb60f7579d disconnected, cancelling request.
[36m(ProxyActor pid=66359)[0m INFO 2026-04-29 14:44:21,812 proxy 172.24.0.2 d895f067-70e5-4a30-8cdf-6ccca35239d3 -- Client for request d895f067-70e5-4a30-8cdf-6ccca35239d3 disconnected, cancelling request.
[36m(ProxyActor pid=66359)[0m INFO 2026-04-29 14:44:21,813 proxy 172.24.0.2 f9712ff7-5255-4c59-bd77-b83a0116b8ad -- Client for request f9712ff7-5255-4c59-bd77-b83a0116b8ad disconnected, cancelling request.
[36m(ProxyActor pid=66359)[0m INFO 2026-04-29 14:44:21,813 proxy 172.24.0.2 92dd9826-241a-42c0-85c6-534f0ac166ef -- Client for request 92dd9826-241a-42c0-85c6-534f0ac166ef disconnected, cancelling request.
[36m(ProxyActor pid=66359)[0m INFO 2026-04-29 14:44:21,813 proxy 172.24.0.2 afeb810c-f169-4b67-ac6b-c29957d6b317 -- Client for request afeb810c-f169-4b67-ac6b-c29957d6b317 disconnected, cancelling request.
[36m(ProxyActor pid=66359)[0m INFO 2026-04-29 14:44:21,814 proxy 172.24.0.2 193e3e71-8c7a-432c-b0f2-d69ba7ce6f00 -- Client for request 193e3e71-8c7a-432c-b0f2-d69ba7ce6f00 disconnected, cancelling request.
[36m(ProxyActor pid=66359)[0m INFO 2026-04-29 14:44:21,814 proxy 172.24.0.2 fa010067-5d51-4b65-8324-00006beeedd1 -- Client for request fa010067-5d51-4b65-8324-00006beeedd1 disconnected, cancelling request.
[36m(ProxyActor pid=66359)[0m INFO 2026-04-29 14:44:21,814 proxy 172.24.0.2 393972c3-c94d-4b4f-b87e-0f52bd770da2 -- Client for request 393972c3-c94d-4b4f-b87e-0f52bd770da2 disconnected, cancelling request.
[36m(ProxyActor pid=66359)[0m INFO 2026-04-29 14:44:21,815 proxy 172.24.0.2 7e90186f-4561-492b-b299-da0bac8b65e3 -- Client for request 7e90186f-4561-492b-b299-da0bac8b65e3 disconnected, cancelling request.
[36m(ProxyActor pid=66359)[0m INFO 2026-04-29 14:44:21,815 proxy 172.24.0.2 f74fda13-8810-4c12-b868-d280334c0f1d -- Client for request f74fda13-8810-4c12-b868-d280334c0f1d disconnected, cancelling request.
[36m(ProxyActor pid=66359)[0m INFO 2026-04-29 14:44:21,815 proxy 172.24.0.2 759758d5-bffb-4283-b251-fb10589807dc -- Client for request 759758d5-bffb-4283-b251-fb10589807dc disconnected, cancelling request.
[36m(ProxyActor pid=66359)[0m INFO 2026-04-29 14:44:21,816 proxy 172.24.0.2 8a21979d-fc16-4f26-91b3-14ff568d34dc -- Client for request 8a21979d-fc16-4f26-91b3-14ff568d34dc disconnected, cancelling request.
[36m(ProxyActor pid=66359)[0m INFO 2026-04-29 14:44:21,816 proxy 172.24.0.2 66f15fc6-228d-4946-9954-dc388d122f5a -- Client for request 66f15fc6-228d-4946-9954-dc388d122f5a disconnected, cancelling request.
[36m(ProxyActor pid=66359)[0m INFO 2026-04-29 14:44:21,817 proxy 172.24.0.2 2e6b122c-dfff-4d62-be2e-87cc21d95f88 -- Client for request 2e6b122c-dfff-4d62-be2e-87cc21d95f88 disconnected, cancelling request.
[36m(ProxyActor pid=66359)[0m INFO 2026-04-29 14:44:21,817 proxy 172.24.0.2 331acc5c-fb85-47c0-ad28-cd7a62864407 -- Client for request 331acc5c-fb85-47c0-ad28-cd7a62864407 disconnected, cancelling request.
[36m(ProxyActor pid=66359)[0m INFO 2026-04-29 14:44:21,817 proxy 172.24.0.2 0d026799-f362-4a91-98ff-5b7a2d5297fa -- Client for request 0d026799-f362-4a91-98ff-5b7a2d5297fa disconnected, cancelling request.
[36m(ProxyActor pid=66359)[0m INFO 2026-04-29 14:44:21,817 proxy 172.24.0.2 c8eb23cd-d64a-4656-ab24-7d9e8627d474 -- Client for request c8eb23cd-d64a-4656-ab24-7d9e8627d474 disconnected, cancelling request.
[36m(ProxyActor pid=66359)[0m INFO 2026-04-29 14:44:21,818 proxy 172.24.0.2 7ed9236f-59ed-4a5f-b4c9-fbccc1413ce4 -- Client for request 7ed9236f-59ed-4a5f-b4c9-fbccc1413ce4 disconnected, cancelling request.
[36m(ProxyActor pid=66359)[0m INFO 2026-04-29 14:44:21,818 proxy 172.24.0.2 85f729ca-f8da-4589-8676-88984c365858 -- Client for request 85f729ca-f8da-4589-8676-88984c365858 disconnected, cancelling request.
[36m(ProxyActor pid=66359)[0m INFO 2026-04-29 14:44:21,819 proxy 172.24.0.2 e25bf2ba-ca83-40f5-bfc7-403e71e0a2c7 -- Client for request e25bf2ba-ca83-40f5-bfc7-403e71e0a2c7 disconnected, cancelling request.
[36m(ProxyActor pid=66359)[0m INFO 2026-04-29 14:44:21,819 proxy 172.24.0.2 e554f4fa-9f77-449f-b2f6-c60c17e3096b -- Client for request e554f4fa-9f77-449f-b2f6-c60c17e3096b disconnected, cancelling request.
[36m(ProxyActor pid=66359)[0m INFO 2026-04-29 14:44:21,819 proxy 172.24.0.2 c2ddbc82-9406-4707-b2c4-5fd76df52d85 -- Client for request c2ddbc82-9406-4707-b2c4-5fd76df52d85 disconnected, cancelling request.
[36m(ProxyActor pid=66359)[0m INFO 2026-04-29 14:44:21,822 proxy 172.24.0.2 ab756f7d-979c-4f3c-afbc-97c2653a7b75 -- Client for request ab756f7d-979c-4f3c-afbc-97c2653a7b75 disconnected, cancelling request.
[36m(ProxyActor pid=66359)[0m INFO 2026-04-29 14:44:21,823 proxy 172.24.0.2 a917b79d-807d-48d8-9903-d7b203b6f7b4 -- Client for request a917b79d-807d-48d8-9903-d7b203b6f7b4 disconnected, cancelling request.
[36m(ProxyActor pid=66359)[0m INFO 2026-04-29 14:44:21,823 proxy 172.24.0.2 19c433d5-e5f4-4cfd-9006-e6a05263930e -- Client for request 19c433d5-e5f4-4cfd-9006-e6a05263930e disconnected, cancelling request.
[36m(ProxyActor pid=66359)[0m INFO 2026-04-29 14:44:21,823 proxy 172.24.0.2 41659362-92c9-4c66-b88e-c451b2a5ce8c -- Client for request 41659362-92c9-4c66-b88e-c451b2a5ce8c disconnected, cancelling request.
[36m(ProxyActor pid=66359)[0m INFO 2026-04-29 14:44:21,824 proxy 172.24.0.2 108af0c7-e74d-41c8-a1a3-c2191906a06e -- Client for request 108af0c7-e74d-41c8-a1a3-c2191906a06e disconnected, cancelling request.
[36m(ProxyActor pid=66359)[0m INFO 2026-04-29 14:44:21,825 proxy 172.24.0.2 601044f7-60cc-4e57-8c97-4174fde8a23d -- Client for request 601044f7-60cc-4e57-8c97-4174fde8a23d disconnected, cancelling request.
[36m(ProxyActor pid=66359)[0m INFO 2026-04-29 14:44:21,825 proxy 172.24.0.2 d9a94c2b-1ff1-4561-968d-e6e4fb9f83e5 -- Client for request d9a94c2b-1ff1-4561-968d-e6e4fb9f83e5 disconnected, cancelling request.
[36m(ProxyActor pid=66359)[0m INFO 2026-04-29 14:44:21,825 proxy 172.24.0.2 0da54a4c-e50b-428b-bda7-996413c5c7a8 -- Client for request 0da54a4c-e50b-428b-bda7-996413c5c7a8 disconnected, cancelling request.
[36m(ProxyActor pid=66359)[0m INFO 2026-04-29 14:44:21,826 proxy 172.24.0.2 710a55ac-6682-4de8-91b7-32798f7b40c8 -- Client for request 710a55ac-6682-4de8-91b7-32798f7b40c8 disconnected, cancelling request.
[36m(ProxyActor pid=66359)[0m INFO 2026-04-29 14:44:21,827 proxy 172.24.0.2 a90f0417-b89e-401a-9db1-84cec3a5d995 -- Client for request a90f0417-b89e-401a-9db1-84cec3a5d995 disconnected, cancelling request.
[36m(ProxyActor pid=66359)[0m INFO 2026-04-29 14:44:21,827 proxy 172.24.0.2 3ce248c1-ff8b-4fce-b742-c015cbacdecc -- Client for request 3ce248c1-ff8b-4fce-b742-c015cbacdecc disconnected, cancelling request.
[36m(ProxyActor pid=66359)[0m INFO 2026-04-29 14:44:21,827 proxy 172.24.0.2 d7bc971f-4327-4438-99b0-e47d0913c0a4 -- Client for request d7bc971f-4327-4438-99b0-e47d0913c0a4 disconnected, cancelling request.
[36m(ProxyActor pid=66359)[0m INFO 2026-04-29 14:44:21,828 proxy 172.24.0.2 539d415c-2f9a-4c41-8ef7-38bcf8ca59b4 -- Client for request 539d415c-2f9a-4c41-8ef7-38bcf8ca59b4 disconnected, cancelling request.
[36m(ProxyActor pid=66359)[0m INFO 2026-04-29 14:44:21,828 proxy 172.24.0.2 d01bb8bd-8117-4bad-91f5-f29d1d516a37 -- Client for request d01bb8bd-8117-4bad-91f5-f29d1d516a37 disconnected, cancelling request.
[36m(ProxyActor pid=66359)[0m INFO 2026-04-29 14:44:21,829 proxy 172.24.0.2 ec86e149-9592-4890-9440-8577c5f86d10 -- Client for request ec86e149-9592-4890-9440-8577c5f86d10 disconnected, cancelling request.
[36m(ProxyActor pid=66359)[0m INFO 2026-04-29 14:44:21,829 proxy 172.24.0.2 241d25be-c231-416d-9a4b-b790a30e17ac -- Client for request 241d25be-c231-416d-9a4b-b790a30e17ac disconnected, cancelling request.
[36m(ProxyActor pid=66359)[0m INFO 2026-04-29 14:44:21,829 proxy 172.24.0.2 77527681-4d2c-443c-84ed-69fe0e915e5a -- Client for request 77527681-4d2c-443c-84ed-69fe0e915e5a disconnected, cancelling request.
[36m(ProxyActor pid=66359)[0m INFO 2026-04-29 14:44:21,830 proxy 172.24.0.2 bb973aa7-08bd-40bc-8ca4-071266846436 -- Client for request bb973aa7-08bd-40bc-8ca4-071266846436 disconnected, cancelling request.
[36m(ProxyActor pid=66359)[0m INFO 2026-04-29 14:44:21,830 proxy 172.24.0.2 eea8d60c-cb5c-4a36-8257-84f0a22fed43 -- Client for request eea8d60c-cb5c-4a36-8257-84f0a22fed43 disconnected, cancelling request.
[36m(ProxyActor pid=66359)[0m INFO 2026-04-29 14:44:21,830 proxy 172.24.0.2 cb1fb142-0526-42f4-8d01-7dbb329d950c -- Client for request cb1fb142-0526-42f4-8d01-7dbb329d950c disconnected, cancelling request.
[36m(ProxyActor pid=66359)[0m INFO 2026-04-29 14:44:21,830 proxy 172.24.0.2 e0702c04-53aa-4915-abf4-9551a65055a5 -- Client for request e0702c04-53aa-4915-abf4-9551a65055a5 disconnected, cancelling request.
[36m(ProxyActor pid=66359)[0m INFO 2026-04-29 14:44:21,831 proxy 172.24.0.2 a4e6d4c5-b357-4d70-839d-bc86c24aab61 -- Client for request a4e6d4c5-b357-4d70-839d-bc86c24aab61 disconnected, cancelling request.
[36m(ProxyActor pid=66359)[0m INFO 2026-04-29 14:44:21,832 proxy 172.24.0.2 43b94db9-6621-461a-8f3a-791e61666fe9 -- Client for request 43b94db9-6621-461a-8f3a-791e61666fe9 disconnected, cancelling request.
[36m(ProxyActor pid=66359)[0m INFO 2026-04-29 14:44:21,832 proxy 172.24.0.2 8dc6a349-ba6f-476e-b087-a473a6ae9aed -- Client for request 8dc6a349-ba6f-476e-b087-a473a6ae9aed disconnected, cancelling request.
[36m(ProxyActor pid=66359)[0m INFO 2026-04-29 14:44:21,832 proxy 172.24.0.2 dedfc01e-fae3-48cf-b1a3-6803e0988621 -- Client for request dedfc01e-fae3-48cf-b1a3-6803e0988621 disconnected, cancelling request.
[36m(ProxyActor pid=66359)[0m INFO 2026-04-29 14:44:21,833 proxy 172.24.0.2 67f2348b-ca2f-4659-ad1a-ac11b22c248f -- Client for request 67f2348b-ca2f-4659-ad1a-ac11b22c248f disconnected, cancelling request.
[36m(ProxyActor pid=66359)[0m INFO 2026-04-29 14:44:21,833 proxy 172.24.0.2 3592eb19-ff1b-4421-b3d4-10514726fcdd -- Client for request 3592eb19-ff1b-4421-b3d4-10514726fcdd disconnected, cancelling request.
[36m(ProxyActor pid=66359)[0m INFO 2026-04-29 14:44:21,833 proxy 172.24.0.2 d471763c-4330-4951-beb8-c37aea121d8e -- Client for request d471763c-4330-4951-beb8-c37aea121d8e disconnected, cancelling request.
[36m(ProxyActor pid=66359)[0m INFO 2026-04-29 14:44:21,833 proxy 172.24.0.2 e1bf39b8-9f96-499d-ba32-bf6c007b617f -- Client for request e1bf39b8-9f96-499d-ba32-bf6c007b617f disconnected, cancelling request.
[36m(ProxyActor pid=66359)[0m INFO 2026-04-29 14:44:21,834 proxy 172.24.0.2 02f90458-8ed5-45f9-85ad-9cbbe67788bd -- Client for request 02f90458-8ed5-45f9-85ad-9cbbe67788bd disconnected, cancelling request.
[36m(ProxyActor pid=66359)[0m INFO 2026-04-29 14:44:21,834 proxy 172.24.0.2 aa72274d-932c-40b9-a8f4-cd1833d91f39 -- Client for request aa72274d-932c-40b9-a8f4-cd1833d91f39 disconnected, cancelling request.
[36m(ProxyActor pid=66359)[0m INFO 2026-04-29 14:44:21,834 proxy 172.24.0.2 ebae03dc-ecb4-4074-8a5f-67b911cebc72 -- Client for request ebae03dc-ecb4-4074-8a5f-67b911cebc72 disconnected, cancelling request.
[36m(ProxyActor pid=66359)[0m INFO 2026-04-29 14:44:21,835 proxy 172.24.0.2 b4da3279-f5cb-4b6e-b313-39dea75be25c -- Client for request b4da3279-f5cb-4b6e-b313-39dea75be25c disconnected, cancelling request.
*** SIGTERM received at time=1777473862 on cpu 16 ***
PC: @     0x76a0b614e612  (unknown)  pause
    @     0x76a0b60a6520  (unknown)  (unknown)
    @          0x1803759         48  cfunction_vectorcall_NOARGS.llvm.12799217410478811465
    @          0x181b3c0        576  _PyEval_EvalFrameDefault
    @          0x18837e8        112  PyEval_EvalCode
    @          0x18ee27b         80  run_eval_code_obj
    @          0x18ee18d         96  run_mod.llvm.10863284883542772384
    @          0x1a63d17         96  pyrun_file
    @          0x1a638c2         80  _PyRun_SimpleFileObject
    @          0x1a6449c         64  _PyRun_AnyFileObject
    @          0x1a64438        208  pymain_run_file_obj
    @          0x1a6431e         48  pymain_run_file
    @          0x199f53a        112  Py_RunMain
    @          0x199f1ee        624  pymain_main.llvm.10509498499233858764
    @          0x199f006         48  main
    @     0x76a0b608dd90  (unknown)  (unknown)
[2026-04-29 14:44:22,107 E 65339 65339] logging.cc:474: *** SIGTERM received at time=1777473862 on cpu 16 ***
[2026-04-29 14:44:22,108 E 65339 65339] logging.cc:474: PC: @     0x76a0b614e612  (unknown)  pause
[2026-04-29 14:44:22,108 E 65339 65339] logging.cc:474:     @     0x76a0b60a6520  (unknown)  (unknown)
[2026-04-29 14:44:22,108 E 65339 65339] logging.cc:474:     @          0x1803759         48  cfunction_vectorcall_NOARGS.llvm.12799217410478811465
[2026-04-29 14:44:22,108 E 65339 65339] logging.cc:474:     @          0x181b3c0        576  _PyEval_EvalFrameDefault
[2026-04-29 14:44:22,108 E 65339 65339] logging.cc:474:     @          0x18837e8        112  PyEval_EvalCode
[2026-04-29 14:44:22,108 E 65339 65339] logging.cc:474:     @          0x18ee27b         80  run_eval_code_obj
[2026-04-29 14:44:22,108 E 65339 65339] logging.cc:474:     @          0x18ee18d         96  run_mod.llvm.10863284883542772384
[2026-04-29 14:44:22,108 E 65339 65339] logging.cc:474:     @          0x1a63d17         96  pyrun_file
[2026-04-29 14:44:22,108 E 65339 65339] logging.cc:474:     @          0x1a638c2         80  _PyRun_SimpleFileObject
[2026-04-29 14:44:22,108 E 65339 65339] logging.cc:474:     @          0x1a6449c         64  _PyRun_AnyFileObject
[2026-04-29 14:44:22,108 E 65339 65339] logging.cc:474:     @          0x1a64438        208  pymain_run_file_obj
[2026-04-29 14:44:22,108 E 65339 65339] logging.cc:474:     @          0x1a6431e         48  pymain_run_file
[2026-04-29 14:44:22,108 E 65339 65339] logging.cc:474:     @          0x199f53a        112  Py_RunMain
[2026-04-29 14:44:22,108 E 65339 65339] logging.cc:474:     @          0x199f1ee        624  pymain_main.llvm.10509498499233858764
[2026-04-29 14:44:22,108 E 65339 65339] logging.cc:474:     @          0x199f006         48  main
[2026-04-29 14:44:22,109 E 65339 65339] logging.cc:474:     @     0x76a0b608dd90  (unknown)  (unknown)
[36m(ServeReplica:default:GLiNERGuardBatched pid=66363)[0m [GLiNER2] Attention: requested=None, actual=sdpa
[36m(ServeReplica:default:GLiNERGuardBatched pid=66363)[0m ============================================================
[36m(ServeReplica:default:GLiNERGuardBatched pid=66363)[0m Model Configuration
[36m(ServeReplica:default:GLiNERGuardBatched pid=66363)[0m ============================================================
[36m(ServeReplica:default:GLiNERGuardBatched pid=66363)[0m Encoder mode       : uni
[36m(ServeReplica:default:GLiNERGuardBatched pid=66363)[0m Text encoder       : bogdanminko/mmBERT-small
[36m(ServeReplica:default:GLiNERGuardBatched pid=66363)[0m Counting layer     : count_lstm_v2
[36m(ServeReplica:default:GLiNERGuardBatched pid=66363)[0m Token pooling      : first
[36m(ServeReplica:default:GLiNERGuardBatched pid=66363)[0m ============================================================
[36m(ServeReplica:default:GLiNERGuardBatched pid=66365)[0m INFO 2026-04-29 14:44:21,791 default_GLiNERGuardBatched uyzoqu9q a917b79d-807d-48d8-9903-d7b203b6f7b4 -- POST /predict 200 406.2ms[32m [repeated 693x across cluster][0m
[36m(ServeReplica:default:GLiNERGuardBatched pid=66362)[0m INFO 2026-04-29 14:44:21,836 default_GLiNERGuardBatched iexco5u7 b4da3279-f5cb-4b6e-b313-39dea75be25c -- POST /predict CANCELLED 566.5ms[32m [repeated 33x across cluster][0m
[36m(ServeReplica:default:GLiNERGuardBatched pid=66361)[0m [GLiNER2] Attention: requested=None, actual=sdpa[32m [repeated 3x across cluster][0m
[36m(ServeReplica:default:GLiNERGuardBatched pid=66361)[0m ============================================================[32m [repeated 9x across cluster][0m
[36m(ServeReplica:default:GLiNERGuardBatched pid=66361)[0m Model Configuration[32m [repeated 3x across cluster][0m
[36m(ServeReplica:default:GLiNERGuardBatched pid=66361)[0m Encoder mode       : uni[32m [repeated 3x across cluster][0m
[36m(ServeReplica:default:GLiNERGuardBatched pid=66361)[0m Text encoder       : bogdanminko/mmBERT-small[32m [repeated 3x across cluster][0m
[36m(ServeReplica:default:GLiNERGuardBatched pid=66361)[0m Counting layer     : count_lstm_v2[32m [repeated 3x across cluster][0m
[36m(ServeReplica:default:GLiNERGuardBatched pid=66361)[0m Token pooling      : first[32m [repeated 3x across cluster][0m
